[0.073s] Invoking command in '/home/topi/Documents/AUT700_mech_robprog/exercise3/task2_ws/build/turtlebot3_gazebo': CMAKE_PREFIX_PATH=/opt/ros/humble /usr/bin/cmake /home/topi/Documents/AUT700_mech_robprog/exercise3/task2_ws/src/turtlebot3_simulations/turtlebot3_gazebo -DAMENT_CMAKE_SYMLINK_INSTALL=1 -DCMAKE_INSTALL_PREFIX=/home/topi/Documents/AUT700_mech_robprog/exercise3/task2_ws/install/turtlebot3_gazebo
[0.094s] -- Found ament_cmake: 1.3.5 (/opt/ros/humble/share/ament_cmake/cmake)
[0.348s] -- Override CMake install command with custom implementation using symlinks instead of copying resources
[0.403s] [31mCMake Error at CMakeLists.txt:23 (find_package):
[0.404s]   By not providing "Findgazebo.cmake" in CMAKE_MODULE_PATH this project has
[0.404s]   asked CMake to find a package configuration file provided by "gazebo", but
[0.404s]   CMake did not find one.
[0.406s] 
[0.406s]   Could not find a package configuration file provided by "gazebo" with any
[0.406s]   of the following names:
[0.407s] 
[0.408s]     gazeboConfig.cmake
[0.408s]     gazebo-config.cmake
[0.408s] 
[0.408s]   Add the installation prefix of "gazebo" to CMAKE_PREFIX_PATH or set
[0.409s]   "gazebo_DIR" to a directory containing one of the above files.  If "gazebo"
[0.409s]   provides a separate development package or SDK, be sure it has been
[0.410s]   installed.
[0.410s] 
[0.414s] [0m
[0.414s] -- Configuring incomplete, errors occurred!
[0.415s] See also "/home/topi/Documents/AUT700_mech_robprog/exercise3/task2_ws/build/turtlebot3_gazebo/CMakeFiles/CMakeOutput.log".
[0.418s] Invoked command in '/home/topi/Documents/AUT700_mech_robprog/exercise3/task2_ws/build/turtlebot3_gazebo' returned '1': CMAKE_PREFIX_PATH=/opt/ros/humble /usr/bin/cmake /home/topi/Documents/AUT700_mech_robprog/exercise3/task2_ws/src/turtlebot3_simulations/turtlebot3_gazebo -DAMENT_CMAKE_SYMLINK_INSTALL=1 -DCMAKE_INSTALL_PREFIX=/home/topi/Documents/AUT700_mech_robprog/exercise3/task2_ws/install/turtlebot3_gazebo
