[1.264s] DEBUG:colcon:Command line arguments: ['/usr/bin/colcon', 'build']
[1.264s] DEBUG:colcon:Parsed command line arguments: Namespace(log_base=None, log_level=None, verb_name='build', build_base='build', install_base='install', merge_install=False, symlink_install=False, test_result_base=None, continue_on_error=False, executor='parallel', parallel_workers=4, event_handlers=None, ignore_user_meta=False, metas=['./colcon.meta'], base_paths=['.'], packages_ignore=None, packages_ignore_regex=None, paths=None, packages_up_to=None, packages_up_to_regex=None, packages_above=None, packages_above_and_dependencies=None, packages_above_depth=None, packages_select_by_dep=None, packages_skip_by_dep=None, packages_skip_up_to=None, packages_select_build_failed=False, packages_skip_build_finished=False, packages_select_test_failures=False, packages_skip_test_passed=False, packages_select=None, packages_skip=None, packages_select_regex=None, packages_skip_regex=None, packages_start=None, packages_end=None, allow_overriding=[], cmake_args=None, cmake_target=None, cmake_target_skip_unavailable=False, cmake_clean_cache=False, cmake_clean_first=False, cmake_force_configure=False, ament_cmake_args=None, catkin_cmake_args=None, catkin_skip_building_tests=False, verb_parser=<colcon_defaults.argument_parser.defaults.DefaultArgumentsDecorator object at 0x7f15fd79a6b0>, verb_extension=<colcon_core.verb.build.BuildVerb object at 0x7f15fda47400>, main=<bound method BuildVerb.main of <colcon_core.verb.build.BuildVerb object at 0x7f15fda47400>>)
[1.338s] Level 1:colcon.colcon_core.package_discovery:discover_packages(colcon_meta) check parameters
[1.338s] Level 1:colcon.colcon_core.package_discovery:discover_packages(recursive) check parameters
[1.339s] Level 1:colcon.colcon_core.package_discovery:discover_packages(ignore) check parameters
[1.339s] Level 1:colcon.colcon_core.package_discovery:discover_packages(path) check parameters
[1.339s] Level 1:colcon.colcon_core.package_discovery:discover_packages(colcon_meta) discover
[1.339s] Level 1:colcon.colcon_core.package_discovery:discover_packages(recursive) discover
[1.339s] INFO:colcon.colcon_core.package_discovery:Crawling recursively for packages in '/home/topi/Documents/AUT700_mech_robprog/exercise3/task2_ws'
[1.339s] Level 1:colcon.colcon_core.package_identification:_identify(.) by extensions ['ignore', 'ignore_ament_install']
[1.339s] Level 1:colcon.colcon_core.package_identification:_identify(.) by extension 'ignore'
[1.339s] Level 1:colcon.colcon_core.package_identification:_identify(.) by extension 'ignore_ament_install'
[1.340s] Level 1:colcon.colcon_core.package_identification:_identify(.) by extensions ['colcon_pkg']
[1.340s] Level 1:colcon.colcon_core.package_identification:_identify(.) by extension 'colcon_pkg'
[1.340s] Level 1:colcon.colcon_core.package_identification:_identify(.) by extensions ['colcon_meta']
[1.340s] Level 1:colcon.colcon_core.package_identification:_identify(.) by extension 'colcon_meta'
[1.340s] Level 1:colcon.colcon_core.package_identification:_identify(.) by extensions ['ros']
[1.340s] Level 1:colcon.colcon_core.package_identification:_identify(.) by extension 'ros'
[1.353s] Level 1:colcon.colcon_core.package_identification:_identify(.) by extensions ['cmake', 'python']
[1.353s] Level 1:colcon.colcon_core.package_identification:_identify(.) by extension 'cmake'
[1.353s] Level 1:colcon.colcon_core.package_identification:_identify(.) by extension 'python'
[1.353s] Level 1:colcon.colcon_core.package_identification:_identify(.) by extensions ['python_setup_py']
[1.353s] Level 1:colcon.colcon_core.package_identification:_identify(.) by extension 'python_setup_py'
[1.353s] Level 1:colcon.colcon_core.package_identification:_identify(build) by extensions ['ignore', 'ignore_ament_install']
[1.354s] Level 1:colcon.colcon_core.package_identification:_identify(build) by extension 'ignore'
[1.354s] Level 1:colcon.colcon_core.package_identification:_identify(build) ignored
[1.354s] Level 1:colcon.colcon_core.package_identification:_identify(install) by extensions ['ignore', 'ignore_ament_install']
[1.354s] Level 1:colcon.colcon_core.package_identification:_identify(install) by extension 'ignore'
[1.354s] Level 1:colcon.colcon_core.package_identification:_identify(install) ignored
[1.354s] Level 1:colcon.colcon_core.package_identification:_identify(log) by extensions ['ignore', 'ignore_ament_install']
[1.354s] Level 1:colcon.colcon_core.package_identification:_identify(log) by extension 'ignore'
[1.354s] Level 1:colcon.colcon_core.package_identification:_identify(log) ignored
[1.354s] Level 1:colcon.colcon_core.package_identification:_identify(src) by extensions ['ignore', 'ignore_ament_install']
[1.354s] Level 1:colcon.colcon_core.package_identification:_identify(src) by extension 'ignore'
[1.354s] Level 1:colcon.colcon_core.package_identification:_identify(src) by extension 'ignore_ament_install'
[1.355s] Level 1:colcon.colcon_core.package_identification:_identify(src) by extensions ['colcon_pkg']
[1.355s] Level 1:colcon.colcon_core.package_identification:_identify(src) by extension 'colcon_pkg'
[1.355s] Level 1:colcon.colcon_core.package_identification:_identify(src) by extensions ['colcon_meta']
[1.355s] Level 1:colcon.colcon_core.package_identification:_identify(src) by extension 'colcon_meta'
[1.355s] Level 1:colcon.colcon_core.package_identification:_identify(src) by extensions ['ros']
[1.355s] Level 1:colcon.colcon_core.package_identification:_identify(src) by extension 'ros'
[1.355s] Level 1:colcon.colcon_core.package_identification:_identify(src) by extensions ['cmake', 'python']
[1.355s] Level 1:colcon.colcon_core.package_identification:_identify(src) by extension 'cmake'
[1.355s] Level 1:colcon.colcon_core.package_identification:_identify(src) by extension 'python'
[1.355s] Level 1:colcon.colcon_core.package_identification:_identify(src) by extensions ['python_setup_py']
[1.355s] Level 1:colcon.colcon_core.package_identification:_identify(src) by extension 'python_setup_py'
[1.355s] Level 1:colcon.colcon_core.package_identification:_identify(src/robo_position_controller) by extensions ['ignore', 'ignore_ament_install']
[1.355s] Level 1:colcon.colcon_core.package_identification:_identify(src/robo_position_controller) by extension 'ignore'
[1.355s] Level 1:colcon.colcon_core.package_identification:_identify(src/robo_position_controller) by extension 'ignore_ament_install'
[1.355s] Level 1:colcon.colcon_core.package_identification:_identify(src/robo_position_controller) by extensions ['colcon_pkg']
[1.356s] Level 1:colcon.colcon_core.package_identification:_identify(src/robo_position_controller) by extension 'colcon_pkg'
[1.356s] Level 1:colcon.colcon_core.package_identification:_identify(src/robo_position_controller) by extensions ['colcon_meta']
[1.356s] Level 1:colcon.colcon_core.package_identification:_identify(src/robo_position_controller) by extension 'colcon_meta'
[1.356s] Level 1:colcon.colcon_core.package_identification:_identify(src/robo_position_controller) by extensions ['ros']
[1.356s] Level 1:colcon.colcon_core.package_identification:_identify(src/robo_position_controller) by extension 'ros'
[1.359s] DEBUG:colcon.colcon_core.package_identification:Package 'src/robo_position_controller' with type 'ros.ament_python' and name 'robo_position_controller'
[1.359s] Level 1:colcon.colcon_core.package_identification:_identify(src/turtlebot3_simulations) by extensions ['ignore', 'ignore_ament_install']
[1.359s] Level 1:colcon.colcon_core.package_identification:_identify(src/turtlebot3_simulations) by extension 'ignore'
[1.359s] Level 1:colcon.colcon_core.package_identification:_identify(src/turtlebot3_simulations) by extension 'ignore_ament_install'
[1.359s] Level 1:colcon.colcon_core.package_identification:_identify(src/turtlebot3_simulations) by extensions ['colcon_pkg']
[1.359s] Level 1:colcon.colcon_core.package_identification:_identify(src/turtlebot3_simulations) by extension 'colcon_pkg'
[1.359s] Level 1:colcon.colcon_core.package_identification:_identify(src/turtlebot3_simulations) by extensions ['colcon_meta']
[1.359s] Level 1:colcon.colcon_core.package_identification:_identify(src/turtlebot3_simulations) by extension 'colcon_meta'
[1.359s] Level 1:colcon.colcon_core.package_identification:_identify(src/turtlebot3_simulations) by extensions ['ros']
[1.359s] Level 1:colcon.colcon_core.package_identification:_identify(src/turtlebot3_simulations) by extension 'ros'
[1.360s] Level 1:colcon.colcon_core.package_identification:_identify(src/turtlebot3_simulations) by extensions ['cmake', 'python']
[1.360s] Level 1:colcon.colcon_core.package_identification:_identify(src/turtlebot3_simulations) by extension 'cmake'
[1.360s] Level 1:colcon.colcon_core.package_identification:_identify(src/turtlebot3_simulations) by extension 'python'
[1.360s] Level 1:colcon.colcon_core.package_identification:_identify(src/turtlebot3_simulations) by extensions ['python_setup_py']
[1.360s] Level 1:colcon.colcon_core.package_identification:_identify(src/turtlebot3_simulations) by extension 'python_setup_py'
[1.360s] Level 1:colcon.colcon_core.package_identification:_identify(src/turtlebot3_simulations/turtlebot3_fake_node) by extensions ['ignore', 'ignore_ament_install']
[1.360s] Level 1:colcon.colcon_core.package_identification:_identify(src/turtlebot3_simulations/turtlebot3_fake_node) by extension 'ignore'
[1.360s] Level 1:colcon.colcon_core.package_identification:_identify(src/turtlebot3_simulations/turtlebot3_fake_node) by extension 'ignore_ament_install'
[1.360s] Level 1:colcon.colcon_core.package_identification:_identify(src/turtlebot3_simulations/turtlebot3_fake_node) by extensions ['colcon_pkg']
[1.360s] Level 1:colcon.colcon_core.package_identification:_identify(src/turtlebot3_simulations/turtlebot3_fake_node) by extension 'colcon_pkg'
[1.360s] Level 1:colcon.colcon_core.package_identification:_identify(src/turtlebot3_simulations/turtlebot3_fake_node) by extensions ['colcon_meta']
[1.360s] Level 1:colcon.colcon_core.package_identification:_identify(src/turtlebot3_simulations/turtlebot3_fake_node) by extension 'colcon_meta'
[1.360s] Level 1:colcon.colcon_core.package_identification:_identify(src/turtlebot3_simulations/turtlebot3_fake_node) by extensions ['ros']
[1.361s] Level 1:colcon.colcon_core.package_identification:_identify(src/turtlebot3_simulations/turtlebot3_fake_node) by extension 'ros'
[1.362s] DEBUG:colcon.colcon_core.package_identification:Package 'src/turtlebot3_simulations/turtlebot3_fake_node' with type 'ros.ament_cmake' and name 'turtlebot3_fake_node'
[1.362s] Level 1:colcon.colcon_core.package_identification:_identify(src/turtlebot3_simulations/turtlebot3_gazebo) by extensions ['ignore', 'ignore_ament_install']
[1.362s] Level 1:colcon.colcon_core.package_identification:_identify(src/turtlebot3_simulations/turtlebot3_gazebo) by extension 'ignore'
[1.363s] Level 1:colcon.colcon_core.package_identification:_identify(src/turtlebot3_simulations/turtlebot3_gazebo) by extension 'ignore_ament_install'
[1.363s] Level 1:colcon.colcon_core.package_identification:_identify(src/turtlebot3_simulations/turtlebot3_gazebo) by extensions ['colcon_pkg']
[1.363s] Level 1:colcon.colcon_core.package_identification:_identify(src/turtlebot3_simulations/turtlebot3_gazebo) by extension 'colcon_pkg'
[1.363s] Level 1:colcon.colcon_core.package_identification:_identify(src/turtlebot3_simulations/turtlebot3_gazebo) by extensions ['colcon_meta']
[1.363s] Level 1:colcon.colcon_core.package_identification:_identify(src/turtlebot3_simulations/turtlebot3_gazebo) by extension 'colcon_meta'
[1.363s] Level 1:colcon.colcon_core.package_identification:_identify(src/turtlebot3_simulations/turtlebot3_gazebo) by extensions ['ros']
[1.363s] Level 1:colcon.colcon_core.package_identification:_identify(src/turtlebot3_simulations/turtlebot3_gazebo) by extension 'ros'
[1.364s] DEBUG:colcon.colcon_core.package_identification:Package 'src/turtlebot3_simulations/turtlebot3_gazebo' with type 'ros.ament_cmake' and name 'turtlebot3_gazebo'
[1.364s] Level 1:colcon.colcon_core.package_identification:_identify(src/turtlebot3_simulations/turtlebot3_simulations) by extensions ['ignore', 'ignore_ament_install']
[1.364s] Level 1:colcon.colcon_core.package_identification:_identify(src/turtlebot3_simulations/turtlebot3_simulations) by extension 'ignore'
[1.364s] Level 1:colcon.colcon_core.package_identification:_identify(src/turtlebot3_simulations/turtlebot3_simulations) by extension 'ignore_ament_install'
[1.365s] Level 1:colcon.colcon_core.package_identification:_identify(src/turtlebot3_simulations/turtlebot3_simulations) by extensions ['colcon_pkg']
[1.365s] Level 1:colcon.colcon_core.package_identification:_identify(src/turtlebot3_simulations/turtlebot3_simulations) by extension 'colcon_pkg'
[1.365s] Level 1:colcon.colcon_core.package_identification:_identify(src/turtlebot3_simulations/turtlebot3_simulations) by extensions ['colcon_meta']
[1.365s] Level 1:colcon.colcon_core.package_identification:_identify(src/turtlebot3_simulations/turtlebot3_simulations) by extension 'colcon_meta'
[1.365s] Level 1:colcon.colcon_core.package_identification:_identify(src/turtlebot3_simulations/turtlebot3_simulations) by extensions ['ros']
[1.365s] Level 1:colcon.colcon_core.package_identification:_identify(src/turtlebot3_simulations/turtlebot3_simulations) by extension 'ros'
[1.366s] DEBUG:colcon.colcon_core.package_identification:Package 'src/turtlebot3_simulations/turtlebot3_simulations' with type 'ros.ament_cmake' and name 'turtlebot3_simulations'
[1.366s] Level 1:colcon.colcon_core.package_discovery:discover_packages(recursive) using defaults
[1.366s] Level 1:colcon.colcon_core.package_discovery:discover_packages(ignore) discover
[1.366s] Level 1:colcon.colcon_core.package_discovery:discover_packages(ignore) using defaults
[1.366s] Level 1:colcon.colcon_core.package_discovery:discover_packages(path) discover
[1.366s] Level 1:colcon.colcon_core.package_discovery:discover_packages(path) using defaults
[1.482s] Level 1:colcon.colcon_core.package_discovery:discover_packages(prefix_path) check parameters
[1.482s] Level 1:colcon.colcon_core.package_discovery:discover_packages(prefix_path) discover
[1.521s] DEBUG:colcon.colcon_installed_package_information.package_discovery:Found 4 installed packages in /home/topi/Documents/AUT700_mech_robprog/exercise3/task2_ws/install
[1.541s] DEBUG:colcon.colcon_installed_package_information.package_discovery:Found 402 installed packages in /opt/ros/humble
[1.543s] Level 1:colcon.colcon_core.package_discovery:discover_packages(prefix_path) using defaults
[1.687s] Level 5:colcon.colcon_core.verb:set package 'robo_position_controller' build argument 'cmake_args' from command line to 'None'
[1.687s] Level 5:colcon.colcon_core.verb:set package 'robo_position_controller' build argument 'cmake_target' from command line to 'None'
[1.687s] Level 5:colcon.colcon_core.verb:set package 'robo_position_controller' build argument 'cmake_target_skip_unavailable' from command line to 'False'
[1.687s] Level 5:colcon.colcon_core.verb:set package 'robo_position_controller' build argument 'cmake_clean_cache' from command line to 'False'
[1.687s] Level 5:colcon.colcon_core.verb:set package 'robo_position_controller' build argument 'cmake_clean_first' from command line to 'False'
[1.687s] Level 5:colcon.colcon_core.verb:set package 'robo_position_controller' build argument 'cmake_force_configure' from command line to 'False'
[1.687s] Level 5:colcon.colcon_core.verb:set package 'robo_position_controller' build argument 'ament_cmake_args' from command line to 'None'
[1.687s] Level 5:colcon.colcon_core.verb:set package 'robo_position_controller' build argument 'catkin_cmake_args' from command line to 'None'
[1.687s] Level 5:colcon.colcon_core.verb:set package 'robo_position_controller' build argument 'catkin_skip_building_tests' from command line to 'False'
[1.687s] DEBUG:colcon.colcon_core.verb:Building package 'robo_position_controller' with the following arguments: {'ament_cmake_args': None, 'build_base': '/home/topi/Documents/AUT700_mech_robprog/exercise3/task2_ws/build/robo_position_controller', 'catkin_cmake_args': None, 'catkin_skip_building_tests': False, 'cmake_args': None, 'cmake_clean_cache': False, 'cmake_clean_first': False, 'cmake_force_configure': False, 'cmake_target': None, 'cmake_target_skip_unavailable': False, 'install_base': '/home/topi/Documents/AUT700_mech_robprog/exercise3/task2_ws/install/robo_position_controller', 'merge_install': False, 'path': '/home/topi/Documents/AUT700_mech_robprog/exercise3/task2_ws/src/robo_position_controller', 'symlink_install': False, 'test_result_base': None}
[1.705s] Level 5:colcon.colcon_core.verb:set package 'turtlebot3_fake_node' build argument 'cmake_args' from command line to 'None'
[1.706s] Level 5:colcon.colcon_core.verb:set package 'turtlebot3_fake_node' build argument 'cmake_target' from command line to 'None'
[1.706s] Level 5:colcon.colcon_core.verb:set package 'turtlebot3_fake_node' build argument 'cmake_target_skip_unavailable' from command line to 'False'
[1.706s] Level 5:colcon.colcon_core.verb:set package 'turtlebot3_fake_node' build argument 'cmake_clean_cache' from command line to 'False'
[1.706s] Level 5:colcon.colcon_core.verb:set package 'turtlebot3_fake_node' build argument 'cmake_clean_first' from command line to 'False'
[1.706s] Level 5:colcon.colcon_core.verb:set package 'turtlebot3_fake_node' build argument 'cmake_force_configure' from command line to 'False'
[1.706s] Level 5:colcon.colcon_core.verb:set package 'turtlebot3_fake_node' build argument 'ament_cmake_args' from command line to 'None'
[1.706s] Level 5:colcon.colcon_core.verb:set package 'turtlebot3_fake_node' build argument 'catkin_cmake_args' from command line to 'None'
[1.706s] Level 5:colcon.colcon_core.verb:set package 'turtlebot3_fake_node' build argument 'catkin_skip_building_tests' from command line to 'False'
[1.706s] DEBUG:colcon.colcon_core.verb:Building package 'turtlebot3_fake_node' with the following arguments: {'ament_cmake_args': None, 'build_base': '/home/topi/Documents/AUT700_mech_robprog/exercise3/task2_ws/build/turtlebot3_fake_node', 'catkin_cmake_args': None, 'catkin_skip_building_tests': False, 'cmake_args': None, 'cmake_clean_cache': False, 'cmake_clean_first': False, 'cmake_force_configure': False, 'cmake_target': None, 'cmake_target_skip_unavailable': False, 'install_base': '/home/topi/Documents/AUT700_mech_robprog/exercise3/task2_ws/install/turtlebot3_fake_node', 'merge_install': False, 'path': '/home/topi/Documents/AUT700_mech_robprog/exercise3/task2_ws/src/turtlebot3_simulations/turtlebot3_fake_node', 'symlink_install': False, 'test_result_base': None}
[1.725s] Level 5:colcon.colcon_core.verb:set package 'turtlebot3_gazebo' build argument 'cmake_args' from command line to 'None'
[1.725s] Level 5:colcon.colcon_core.verb:set package 'turtlebot3_gazebo' build argument 'cmake_target' from command line to 'None'
[1.725s] Level 5:colcon.colcon_core.verb:set package 'turtlebot3_gazebo' build argument 'cmake_target_skip_unavailable' from command line to 'False'
[1.725s] Level 5:colcon.colcon_core.verb:set package 'turtlebot3_gazebo' build argument 'cmake_clean_cache' from command line to 'False'
[1.725s] Level 5:colcon.colcon_core.verb:set package 'turtlebot3_gazebo' build argument 'cmake_clean_first' from command line to 'False'
[1.725s] Level 5:colcon.colcon_core.verb:set package 'turtlebot3_gazebo' build argument 'cmake_force_configure' from command line to 'False'
[1.725s] Level 5:colcon.colcon_core.verb:set package 'turtlebot3_gazebo' build argument 'ament_cmake_args' from command line to 'None'
[1.725s] Level 5:colcon.colcon_core.verb:set package 'turtlebot3_gazebo' build argument 'catkin_cmake_args' from command line to 'None'
[1.725s] Level 5:colcon.colcon_core.verb:set package 'turtlebot3_gazebo' build argument 'catkin_skip_building_tests' from command line to 'False'
[1.725s] DEBUG:colcon.colcon_core.verb:Building package 'turtlebot3_gazebo' with the following arguments: {'ament_cmake_args': None, 'build_base': '/home/topi/Documents/AUT700_mech_robprog/exercise3/task2_ws/build/turtlebot3_gazebo', 'catkin_cmake_args': None, 'catkin_skip_building_tests': False, 'cmake_args': None, 'cmake_clean_cache': False, 'cmake_clean_first': False, 'cmake_force_configure': False, 'cmake_target': None, 'cmake_target_skip_unavailable': False, 'install_base': '/home/topi/Documents/AUT700_mech_robprog/exercise3/task2_ws/install/turtlebot3_gazebo', 'merge_install': False, 'path': '/home/topi/Documents/AUT700_mech_robprog/exercise3/task2_ws/src/turtlebot3_simulations/turtlebot3_gazebo', 'symlink_install': False, 'test_result_base': None}
[1.744s] Level 5:colcon.colcon_core.verb:set package 'turtlebot3_simulations' build argument 'cmake_args' from command line to 'None'
[1.745s] Level 5:colcon.colcon_core.verb:set package 'turtlebot3_simulations' build argument 'cmake_target' from command line to 'None'
[1.745s] Level 5:colcon.colcon_core.verb:set package 'turtlebot3_simulations' build argument 'cmake_target_skip_unavailable' from command line to 'False'
[1.745s] Level 5:colcon.colcon_core.verb:set package 'turtlebot3_simulations' build argument 'cmake_clean_cache' from command line to 'False'
[1.745s] Level 5:colcon.colcon_core.verb:set package 'turtlebot3_simulations' build argument 'cmake_clean_first' from command line to 'False'
[1.745s] Level 5:colcon.colcon_core.verb:set package 'turtlebot3_simulations' build argument 'cmake_force_configure' from command line to 'False'
[1.745s] Level 5:colcon.colcon_core.verb:set package 'turtlebot3_simulations' build argument 'ament_cmake_args' from command line to 'None'
[1.745s] Level 5:colcon.colcon_core.verb:set package 'turtlebot3_simulations' build argument 'catkin_cmake_args' from command line to 'None'
[1.745s] Level 5:colcon.colcon_core.verb:set package 'turtlebot3_simulations' build argument 'catkin_skip_building_tests' from command line to 'False'
[1.745s] DEBUG:colcon.colcon_core.verb:Building package 'turtlebot3_simulations' with the following arguments: {'ament_cmake_args': None, 'build_base': '/home/topi/Documents/AUT700_mech_robprog/exercise3/task2_ws/build/turtlebot3_simulations', 'catkin_cmake_args': None, 'catkin_skip_building_tests': False, 'cmake_args': None, 'cmake_clean_cache': False, 'cmake_clean_first': False, 'cmake_force_configure': False, 'cmake_target': None, 'cmake_target_skip_unavailable': False, 'install_base': '/home/topi/Documents/AUT700_mech_robprog/exercise3/task2_ws/install/turtlebot3_simulations', 'merge_install': False, 'path': '/home/topi/Documents/AUT700_mech_robprog/exercise3/task2_ws/src/turtlebot3_simulations/turtlebot3_simulations', 'symlink_install': False, 'test_result_base': None}
[1.764s] INFO:colcon.colcon_core.executor:Executing jobs using 'parallel' executor
[1.783s] DEBUG:colcon.colcon_parallel_executor.executor.parallel:run_until_complete
[1.783s] INFO:colcon.colcon_ros.task.ament_cmake.build:Building ROS package in '/home/topi/Documents/AUT700_mech_robprog/exercise3/task2_ws/src/turtlebot3_simulations/turtlebot3_fake_node' with build type 'ament_cmake'
[1.783s] INFO:colcon.colcon_cmake.task.cmake.build:Building CMake package in '/home/topi/Documents/AUT700_mech_robprog/exercise3/task2_ws/src/turtlebot3_simulations/turtlebot3_fake_node'
[1.805s] INFO:colcon.colcon_core.plugin_system:Skipping extension 'colcon_core.shell.bat': Not used on non-Windows systems
[1.806s] INFO:colcon.colcon_core.shell:Skip shell extension 'powershell' for command environment: Not usable outside of PowerShell
[1.806s] DEBUG:colcon.colcon_core.shell:Skip shell extension 'dsv' for command environment
[1.867s] INFO:colcon.colcon_ros.task.ament_cmake.build:Building ROS package in '/home/topi/Documents/AUT700_mech_robprog/exercise3/task2_ws/src/turtlebot3_simulations/turtlebot3_gazebo' with build type 'ament_cmake'
[1.868s] INFO:colcon.colcon_cmake.task.cmake.build:Building CMake package in '/home/topi/Documents/AUT700_mech_robprog/exercise3/task2_ws/src/turtlebot3_simulations/turtlebot3_gazebo'
[1.899s] INFO:colcon.colcon_core.shell:Skip shell extension 'powershell' for command environment: Not usable outside of PowerShell
[1.899s] DEBUG:colcon.colcon_core.shell:Skip shell extension 'dsv' for command environment
[1.972s] INFO:colcon.colcon_ros.task.ament_python.build:Building ROS package in '/home/topi/Documents/AUT700_mech_robprog/exercise3/task2_ws/src/robo_position_controller' with build type 'ament_python'
[1.973s] Level 1:colcon.colcon_core.shell:create_environment_hook('robo_position_controller', 'ament_prefix_path')
[1.995s] INFO:colcon.colcon_core.shell:Creating environment hook '/home/topi/Documents/AUT700_mech_robprog/exercise3/task2_ws/install/robo_position_controller/share/robo_position_controller/hook/ament_prefix_path.ps1'
[1.995s] INFO:colcon.colcon_core.shell:Creating environment descriptor '/home/topi/Documents/AUT700_mech_robprog/exercise3/task2_ws/install/robo_position_controller/share/robo_position_controller/hook/ament_prefix_path.dsv'
[1.996s] INFO:colcon.colcon_core.shell:Creating environment hook '/home/topi/Documents/AUT700_mech_robprog/exercise3/task2_ws/install/robo_position_controller/share/robo_position_controller/hook/ament_prefix_path.sh'
[2.020s] INFO:colcon.colcon_core.shell:Skip shell extension 'powershell' for command environment: Not usable outside of PowerShell
[2.020s] DEBUG:colcon.colcon_core.shell:Skip shell extension 'dsv' for command environment
[2.089s] DEBUG:colcon.colcon_core.event_handler.log_command:Invoking command in '/home/topi/Documents/AUT700_mech_robprog/exercise3/task2_ws/build/turtlebot3_fake_node': CMAKE_PREFIX_PATH=${CMAKE_PREFIX_PATH}:/home/topi/Documents/AUT700_mech_robprog/exercise3/task2_ws/install/robo_position_controller:/opt/ros/humble /usr/bin/cmake --build /home/topi/Documents/AUT700_mech_robprog/exercise3/task2_ws/build/turtlebot3_fake_node -- -j4 -l4
[2.097s] DEBUG:colcon.colcon_core.event_handler.log_command:Invoking command in '/home/topi/Documents/AUT700_mech_robprog/exercise3/task2_ws/build/turtlebot3_gazebo': CMAKE_PREFIX_PATH=${CMAKE_PREFIX_PATH}:/home/topi/Documents/AUT700_mech_robprog/exercise3/task2_ws/install/robo_position_controller:/opt/ros/humble /usr/bin/cmake --build /home/topi/Documents/AUT700_mech_robprog/exercise3/task2_ws/build/turtlebot3_gazebo -- -j4 -l4
[2.523s] INFO:colcon.colcon_core.task.python.build:Building Python package in '/home/topi/Documents/AUT700_mech_robprog/exercise3/task2_ws/src/robo_position_controller'
[2.542s] INFO:colcon.colcon_core.shell:Skip shell extension 'powershell' for command environment: Not usable outside of PowerShell
[2.542s] DEBUG:colcon.colcon_core.shell:Skip shell extension 'dsv' for command environment
[2.603s] DEBUG:colcon.colcon_core.event_handler.log_command:Invoked command in '/home/topi/Documents/AUT700_mech_robprog/exercise3/task2_ws/build/turtlebot3_fake_node' returned '0': CMAKE_PREFIX_PATH=${CMAKE_PREFIX_PATH}:/home/topi/Documents/AUT700_mech_robprog/exercise3/task2_ws/install/robo_position_controller:/opt/ros/humble /usr/bin/cmake --build /home/topi/Documents/AUT700_mech_robprog/exercise3/task2_ws/build/turtlebot3_fake_node -- -j4 -l4
[2.605s] DEBUG:colcon.colcon_core.event_handler.log_command:Invoked command in '/home/topi/Documents/AUT700_mech_robprog/exercise3/task2_ws/build/turtlebot3_gazebo' returned '0': CMAKE_PREFIX_PATH=${CMAKE_PREFIX_PATH}:/home/topi/Documents/AUT700_mech_robprog/exercise3/task2_ws/install/robo_position_controller:/opt/ros/humble /usr/bin/cmake --build /home/topi/Documents/AUT700_mech_robprog/exercise3/task2_ws/build/turtlebot3_gazebo -- -j4 -l4
[2.661s] DEBUG:colcon.colcon_core.event_handler.log_command:Invoking command in '/home/topi/Documents/AUT700_mech_robprog/exercise3/task2_ws/build/turtlebot3_fake_node': CMAKE_PREFIX_PATH=${CMAKE_PREFIX_PATH}:/home/topi/Documents/AUT700_mech_robprog/exercise3/task2_ws/install/robo_position_controller:/opt/ros/humble /usr/bin/cmake --install /home/topi/Documents/AUT700_mech_robprog/exercise3/task2_ws/build/turtlebot3_fake_node
[2.663s] DEBUG:colcon.colcon_core.event_handler.log_command:Invoking command in '/home/topi/Documents/AUT700_mech_robprog/exercise3/task2_ws/build/turtlebot3_gazebo': CMAKE_PREFIX_PATH=${CMAKE_PREFIX_PATH}:/home/topi/Documents/AUT700_mech_robprog/exercise3/task2_ws/install/robo_position_controller:/opt/ros/humble /usr/bin/cmake --install /home/topi/Documents/AUT700_mech_robprog/exercise3/task2_ws/build/turtlebot3_gazebo
[2.702s] Level 1:colcon.colcon_core.environment:create_environment_scripts_only(turtlebot3_fake_node)
[2.704s] DEBUG:colcon.colcon_core.event_handler.log_command:Invoked command in '/home/topi/Documents/AUT700_mech_robprog/exercise3/task2_ws/build/turtlebot3_fake_node' returned '0': CMAKE_PREFIX_PATH=${CMAKE_PREFIX_PATH}:/home/topi/Documents/AUT700_mech_robprog/exercise3/task2_ws/install/robo_position_controller:/opt/ros/humble /usr/bin/cmake --install /home/topi/Documents/AUT700_mech_robprog/exercise3/task2_ws/build/turtlebot3_fake_node
[2.752s] Level 1:colcon.colcon_core.environment:checking '/home/topi/Documents/AUT700_mech_robprog/exercise3/task2_ws/install/turtlebot3_fake_node' for CMake module files
[2.752s] Level 1:colcon.colcon_core.environment:checking '/home/topi/Documents/AUT700_mech_robprog/exercise3/task2_ws/install/turtlebot3_fake_node' for CMake config files
[2.753s] Level 1:colcon.colcon_core.shell:create_environment_hook('turtlebot3_fake_node', 'cmake_prefix_path')
[2.772s] INFO:colcon.colcon_core.shell:Creating environment hook '/home/topi/Documents/AUT700_mech_robprog/exercise3/task2_ws/install/turtlebot3_fake_node/share/turtlebot3_fake_node/hook/cmake_prefix_path.ps1'
[2.772s] INFO:colcon.colcon_core.shell:Creating environment descriptor '/home/topi/Documents/AUT700_mech_robprog/exercise3/task2_ws/install/turtlebot3_fake_node/share/turtlebot3_fake_node/hook/cmake_prefix_path.dsv'
[2.773s] INFO:colcon.colcon_core.shell:Creating environment hook '/home/topi/Documents/AUT700_mech_robprog/exercise3/task2_ws/install/turtlebot3_fake_node/share/turtlebot3_fake_node/hook/cmake_prefix_path.sh'
[2.773s] Level 1:colcon.colcon_core.environment:checking '/home/topi/Documents/AUT700_mech_robprog/exercise3/task2_ws/install/turtlebot3_fake_node/lib'
[2.774s] Level 1:colcon.colcon_core.environment:checking '/home/topi/Documents/AUT700_mech_robprog/exercise3/task2_ws/install/turtlebot3_fake_node/bin'
[2.774s] Level 1:colcon.colcon_core.environment:checking '/home/topi/Documents/AUT700_mech_robprog/exercise3/task2_ws/install/turtlebot3_fake_node/lib/pkgconfig/turtlebot3_fake_node.pc'
[2.774s] Level 1:colcon.colcon_core.environment:checking '/home/topi/Documents/AUT700_mech_robprog/exercise3/task2_ws/install/turtlebot3_fake_node/lib/python3.10/site-packages'
[2.774s] Level 1:colcon.colcon_core.environment:checking '/home/topi/Documents/AUT700_mech_robprog/exercise3/task2_ws/install/turtlebot3_fake_node/bin'
[2.800s] INFO:colcon.colcon_core.shell:Creating package script '/home/topi/Documents/AUT700_mech_robprog/exercise3/task2_ws/install/turtlebot3_fake_node/share/turtlebot3_fake_node/package.ps1'
[2.801s] INFO:colcon.colcon_core.shell:Creating package descriptor '/home/topi/Documents/AUT700_mech_robprog/exercise3/task2_ws/install/turtlebot3_fake_node/share/turtlebot3_fake_node/package.dsv'
[2.802s] INFO:colcon.colcon_core.shell:Creating package script '/home/topi/Documents/AUT700_mech_robprog/exercise3/task2_ws/install/turtlebot3_fake_node/share/turtlebot3_fake_node/package.sh'
[2.803s] INFO:colcon.colcon_core.shell:Creating package script '/home/topi/Documents/AUT700_mech_robprog/exercise3/task2_ws/install/turtlebot3_fake_node/share/turtlebot3_fake_node/package.bash'
[2.805s] INFO:colcon.colcon_core.shell:Creating package script '/home/topi/Documents/AUT700_mech_robprog/exercise3/task2_ws/install/turtlebot3_fake_node/share/turtlebot3_fake_node/package.zsh'
[2.807s] Level 1:colcon.colcon_core.environment:create_file_with_runtime_dependencies(/home/topi/Documents/AUT700_mech_robprog/exercise3/task2_ws/install/turtlebot3_fake_node/share/colcon-core/packages/turtlebot3_fake_node)
[2.811s] Level 1:colcon.colcon_core.environment:create_environment_scripts_only(turtlebot3_gazebo)
[2.813s] DEBUG:colcon.colcon_core.event_handler.log_command:Invoked command in '/home/topi/Documents/AUT700_mech_robprog/exercise3/task2_ws/build/turtlebot3_gazebo' returned '0': CMAKE_PREFIX_PATH=${CMAKE_PREFIX_PATH}:/home/topi/Documents/AUT700_mech_robprog/exercise3/task2_ws/install/robo_position_controller:/opt/ros/humble /usr/bin/cmake --install /home/topi/Documents/AUT700_mech_robprog/exercise3/task2_ws/build/turtlebot3_gazebo
[2.849s] Level 1:colcon.colcon_core.environment:checking '/home/topi/Documents/AUT700_mech_robprog/exercise3/task2_ws/install/turtlebot3_gazebo' for CMake module files
[2.850s] Level 1:colcon.colcon_core.environment:checking '/home/topi/Documents/AUT700_mech_robprog/exercise3/task2_ws/install/turtlebot3_gazebo' for CMake config files
[2.852s] Level 1:colcon.colcon_core.shell:create_environment_hook('turtlebot3_gazebo', 'cmake_prefix_path')
[2.870s] INFO:colcon.colcon_core.shell:Creating environment hook '/home/topi/Documents/AUT700_mech_robprog/exercise3/task2_ws/install/turtlebot3_gazebo/share/turtlebot3_gazebo/hook/cmake_prefix_path.ps1'
[2.871s] INFO:colcon.colcon_core.shell:Creating environment descriptor '/home/topi/Documents/AUT700_mech_robprog/exercise3/task2_ws/install/turtlebot3_gazebo/share/turtlebot3_gazebo/hook/cmake_prefix_path.dsv'
[2.871s] INFO:colcon.colcon_core.shell:Creating environment hook '/home/topi/Documents/AUT700_mech_robprog/exercise3/task2_ws/install/turtlebot3_gazebo/share/turtlebot3_gazebo/hook/cmake_prefix_path.sh'
[2.872s] Level 1:colcon.colcon_core.environment:checking '/home/topi/Documents/AUT700_mech_robprog/exercise3/task2_ws/install/turtlebot3_gazebo/lib'
[2.872s] Level 1:colcon.colcon_core.environment:checking '/home/topi/Documents/AUT700_mech_robprog/exercise3/task2_ws/install/turtlebot3_gazebo/bin'
[2.872s] Level 1:colcon.colcon_core.environment:checking '/home/topi/Documents/AUT700_mech_robprog/exercise3/task2_ws/install/turtlebot3_gazebo/lib/pkgconfig/turtlebot3_gazebo.pc'
[2.872s] Level 1:colcon.colcon_core.environment:checking '/home/topi/Documents/AUT700_mech_robprog/exercise3/task2_ws/install/turtlebot3_gazebo/lib/python3.10/site-packages'
[2.873s] Level 1:colcon.colcon_core.environment:checking '/home/topi/Documents/AUT700_mech_robprog/exercise3/task2_ws/install/turtlebot3_gazebo/bin'
[2.892s] INFO:colcon.colcon_core.shell:Creating package script '/home/topi/Documents/AUT700_mech_robprog/exercise3/task2_ws/install/turtlebot3_gazebo/share/turtlebot3_gazebo/package.ps1'
[2.893s] INFO:colcon.colcon_core.shell:Creating package descriptor '/home/topi/Documents/AUT700_mech_robprog/exercise3/task2_ws/install/turtlebot3_gazebo/share/turtlebot3_gazebo/package.dsv'
[2.893s] INFO:colcon.colcon_core.shell:Creating package script '/home/topi/Documents/AUT700_mech_robprog/exercise3/task2_ws/install/turtlebot3_gazebo/share/turtlebot3_gazebo/package.sh'
[2.894s] INFO:colcon.colcon_core.shell:Creating package script '/home/topi/Documents/AUT700_mech_robprog/exercise3/task2_ws/install/turtlebot3_gazebo/share/turtlebot3_gazebo/package.bash'
[2.894s] INFO:colcon.colcon_core.shell:Creating package script '/home/topi/Documents/AUT700_mech_robprog/exercise3/task2_ws/install/turtlebot3_gazebo/share/turtlebot3_gazebo/package.zsh'
[2.895s] Level 1:colcon.colcon_core.environment:create_file_with_runtime_dependencies(/home/topi/Documents/AUT700_mech_robprog/exercise3/task2_ws/install/turtlebot3_gazebo/share/colcon-core/packages/turtlebot3_gazebo)
[2.928s] Level 1:colcon.colcon_core.environment:create_environment_scripts_only(turtlebot3_fake_node)
[2.956s] Level 1:colcon.colcon_core.environment:checking '/home/topi/Documents/AUT700_mech_robprog/exercise3/task2_ws/install/turtlebot3_fake_node' for CMake module files
[2.957s] Level 1:colcon.colcon_core.environment:checking '/home/topi/Documents/AUT700_mech_robprog/exercise3/task2_ws/install/turtlebot3_fake_node' for CMake config files
[2.958s] Level 1:colcon.colcon_core.shell:create_environment_hook('turtlebot3_fake_node', 'cmake_prefix_path')
[2.976s] INFO:colcon.colcon_core.shell:Creating environment hook '/home/topi/Documents/AUT700_mech_robprog/exercise3/task2_ws/install/turtlebot3_fake_node/share/turtlebot3_fake_node/hook/cmake_prefix_path.ps1'
[2.977s] INFO:colcon.colcon_core.shell:Creating environment descriptor '/home/topi/Documents/AUT700_mech_robprog/exercise3/task2_ws/install/turtlebot3_fake_node/share/turtlebot3_fake_node/hook/cmake_prefix_path.dsv'
[2.978s] INFO:colcon.colcon_core.shell:Creating environment hook '/home/topi/Documents/AUT700_mech_robprog/exercise3/task2_ws/install/turtlebot3_fake_node/share/turtlebot3_fake_node/hook/cmake_prefix_path.sh'
[2.978s] Level 1:colcon.colcon_core.environment:checking '/home/topi/Documents/AUT700_mech_robprog/exercise3/task2_ws/install/turtlebot3_fake_node/lib'
[2.979s] Level 1:colcon.colcon_core.environment:checking '/home/topi/Documents/AUT700_mech_robprog/exercise3/task2_ws/install/turtlebot3_fake_node/bin'
[2.979s] Level 1:colcon.colcon_core.environment:checking '/home/topi/Documents/AUT700_mech_robprog/exercise3/task2_ws/install/turtlebot3_fake_node/lib/pkgconfig/turtlebot3_fake_node.pc'
[2.979s] Level 1:colcon.colcon_core.environment:checking '/home/topi/Documents/AUT700_mech_robprog/exercise3/task2_ws/install/turtlebot3_fake_node/lib/python3.10/site-packages'
[2.979s] Level 1:colcon.colcon_core.environment:checking '/home/topi/Documents/AUT700_mech_robprog/exercise3/task2_ws/install/turtlebot3_fake_node/bin'
[2.999s] INFO:colcon.colcon_core.shell:Creating package script '/home/topi/Documents/AUT700_mech_robprog/exercise3/task2_ws/install/turtlebot3_fake_node/share/turtlebot3_fake_node/package.ps1'
[3.000s] INFO:colcon.colcon_core.shell:Creating package descriptor '/home/topi/Documents/AUT700_mech_robprog/exercise3/task2_ws/install/turtlebot3_fake_node/share/turtlebot3_fake_node/package.dsv'
[3.001s] INFO:colcon.colcon_core.shell:Creating package script '/home/topi/Documents/AUT700_mech_robprog/exercise3/task2_ws/install/turtlebot3_fake_node/share/turtlebot3_fake_node/package.sh'
[3.001s] INFO:colcon.colcon_core.shell:Creating package script '/home/topi/Documents/AUT700_mech_robprog/exercise3/task2_ws/install/turtlebot3_fake_node/share/turtlebot3_fake_node/package.bash'
[3.002s] INFO:colcon.colcon_core.shell:Creating package script '/home/topi/Documents/AUT700_mech_robprog/exercise3/task2_ws/install/turtlebot3_fake_node/share/turtlebot3_fake_node/package.zsh'
[3.002s] Level 1:colcon.colcon_core.environment:create_file_with_runtime_dependencies(/home/topi/Documents/AUT700_mech_robprog/exercise3/task2_ws/install/turtlebot3_fake_node/share/colcon-core/packages/turtlebot3_fake_node)
[3.027s] Level 1:colcon.colcon_core.environment:create_environment_scripts_only(turtlebot3_gazebo)
[3.046s] Level 1:colcon.colcon_core.environment:checking '/home/topi/Documents/AUT700_mech_robprog/exercise3/task2_ws/install/turtlebot3_gazebo' for CMake module files
[3.047s] Level 1:colcon.colcon_core.environment:checking '/home/topi/Documents/AUT700_mech_robprog/exercise3/task2_ws/install/turtlebot3_gazebo' for CMake config files
[3.048s] Level 1:colcon.colcon_core.shell:create_environment_hook('turtlebot3_gazebo', 'cmake_prefix_path')
[3.070s] INFO:colcon.colcon_core.shell:Creating environment hook '/home/topi/Documents/AUT700_mech_robprog/exercise3/task2_ws/install/turtlebot3_gazebo/share/turtlebot3_gazebo/hook/cmake_prefix_path.ps1'
[3.071s] INFO:colcon.colcon_core.shell:Creating environment descriptor '/home/topi/Documents/AUT700_mech_robprog/exercise3/task2_ws/install/turtlebot3_gazebo/share/turtlebot3_gazebo/hook/cmake_prefix_path.dsv'
[3.072s] INFO:colcon.colcon_core.shell:Creating environment hook '/home/topi/Documents/AUT700_mech_robprog/exercise3/task2_ws/install/turtlebot3_gazebo/share/turtlebot3_gazebo/hook/cmake_prefix_path.sh'
[3.072s] Level 1:colcon.colcon_core.environment:checking '/home/topi/Documents/AUT700_mech_robprog/exercise3/task2_ws/install/turtlebot3_gazebo/lib'
[3.072s] Level 1:colcon.colcon_core.environment:checking '/home/topi/Documents/AUT700_mech_robprog/exercise3/task2_ws/install/turtlebot3_gazebo/bin'
[3.072s] Level 1:colcon.colcon_core.environment:checking '/home/topi/Documents/AUT700_mech_robprog/exercise3/task2_ws/install/turtlebot3_gazebo/lib/pkgconfig/turtlebot3_gazebo.pc'
[3.073s] Level 1:colcon.colcon_core.environment:checking '/home/topi/Documents/AUT700_mech_robprog/exercise3/task2_ws/install/turtlebot3_gazebo/lib/python3.10/site-packages'
[3.073s] Level 1:colcon.colcon_core.environment:checking '/home/topi/Documents/AUT700_mech_robprog/exercise3/task2_ws/install/turtlebot3_gazebo/bin'
[3.093s] INFO:colcon.colcon_core.shell:Creating package script '/home/topi/Documents/AUT700_mech_robprog/exercise3/task2_ws/install/turtlebot3_gazebo/share/turtlebot3_gazebo/package.ps1'
[3.094s] INFO:colcon.colcon_core.shell:Creating package descriptor '/home/topi/Documents/AUT700_mech_robprog/exercise3/task2_ws/install/turtlebot3_gazebo/share/turtlebot3_gazebo/package.dsv'
[3.095s] INFO:colcon.colcon_core.shell:Creating package script '/home/topi/Documents/AUT700_mech_robprog/exercise3/task2_ws/install/turtlebot3_gazebo/share/turtlebot3_gazebo/package.sh'
[3.095s] INFO:colcon.colcon_core.shell:Creating package script '/home/topi/Documents/AUT700_mech_robprog/exercise3/task2_ws/install/turtlebot3_gazebo/share/turtlebot3_gazebo/package.bash'
[3.096s] INFO:colcon.colcon_core.shell:Creating package script '/home/topi/Documents/AUT700_mech_robprog/exercise3/task2_ws/install/turtlebot3_gazebo/share/turtlebot3_gazebo/package.zsh'
[3.097s] Level 1:colcon.colcon_core.environment:create_file_with_runtime_dependencies(/home/topi/Documents/AUT700_mech_robprog/exercise3/task2_ws/install/turtlebot3_gazebo/share/colcon-core/packages/turtlebot3_gazebo)
[3.097s] INFO:colcon.colcon_ros.task.ament_cmake.build:Building ROS package in '/home/topi/Documents/AUT700_mech_robprog/exercise3/task2_ws/src/turtlebot3_simulations/turtlebot3_simulations' with build type 'ament_cmake'
[3.097s] INFO:colcon.colcon_cmake.task.cmake.build:Building CMake package in '/home/topi/Documents/AUT700_mech_robprog/exercise3/task2_ws/src/turtlebot3_simulations/turtlebot3_simulations'
[3.119s] INFO:colcon.colcon_core.shell:Skip shell extension 'powershell' for command environment: Not usable outside of PowerShell
[3.120s] DEBUG:colcon.colcon_core.shell:Skip shell extension 'dsv' for command environment
[3.187s] DEBUG:colcon.colcon_core.event_handler.log_command:Invoking command in '/home/topi/Documents/AUT700_mech_robprog/exercise3/task2_ws/src/robo_position_controller': PYTHONPATH=/home/topi/Documents/AUT700_mech_robprog/exercise3/task2_ws/build/robo_position_controller/prefix_override:/home/topi/Documents/AUT700_mech_robprog/exercise3/task2_ws/install/robo_position_controller/lib/python3.10/site-packages:${PYTHONPATH} /usr/bin/python3 setup.py egg_info --egg-base ../../build/robo_position_controller build --build-base /home/topi/Documents/AUT700_mech_robprog/exercise3/task2_ws/build/robo_position_controller/build install --record /home/topi/Documents/AUT700_mech_robprog/exercise3/task2_ws/build/robo_position_controller/install.log --single-version-externally-managed
[3.194s] DEBUG:colcon.colcon_core.event_handler.log_command:Invoking command in '/home/topi/Documents/AUT700_mech_robprog/exercise3/task2_ws/build/turtlebot3_simulations': CMAKE_PREFIX_PATH=/home/topi/Documents/AUT700_mech_robprog/exercise3/task2_ws/install/turtlebot3_gazebo:/home/topi/Documents/AUT700_mech_robprog/exercise3/task2_ws/install/turtlebot3_fake_node:/home/topi/Documents/AUT700_mech_robprog/exercise3/task2_ws/install/turtlebot3_simulations:/home/topi/Documents/AUT700_mech_robprog/exercise3/task2_ws/install/robo_position_controller:/opt/ros/humble /usr/bin/cmake --build /home/topi/Documents/AUT700_mech_robprog/exercise3/task2_ws/build/turtlebot3_simulations -- -j4 -l4
[3.242s] DEBUG:colcon.colcon_core.event_handler.log_command:Invoked command in '/home/topi/Documents/AUT700_mech_robprog/exercise3/task2_ws/build/turtlebot3_simulations' returned '0': CMAKE_PREFIX_PATH=/home/topi/Documents/AUT700_mech_robprog/exercise3/task2_ws/install/turtlebot3_gazebo:/home/topi/Documents/AUT700_mech_robprog/exercise3/task2_ws/install/turtlebot3_fake_node:/home/topi/Documents/AUT700_mech_robprog/exercise3/task2_ws/install/turtlebot3_simulations:/home/topi/Documents/AUT700_mech_robprog/exercise3/task2_ws/install/robo_position_controller:/opt/ros/humble /usr/bin/cmake --build /home/topi/Documents/AUT700_mech_robprog/exercise3/task2_ws/build/turtlebot3_simulations -- -j4 -l4
[3.272s] DEBUG:colcon.colcon_core.event_handler.log_command:Invoking command in '/home/topi/Documents/AUT700_mech_robprog/exercise3/task2_ws/build/turtlebot3_simulations': CMAKE_PREFIX_PATH=/home/topi/Documents/AUT700_mech_robprog/exercise3/task2_ws/install/turtlebot3_gazebo:/home/topi/Documents/AUT700_mech_robprog/exercise3/task2_ws/install/turtlebot3_fake_node:/home/topi/Documents/AUT700_mech_robprog/exercise3/task2_ws/install/turtlebot3_simulations:/home/topi/Documents/AUT700_mech_robprog/exercise3/task2_ws/install/robo_position_controller:/opt/ros/humble /usr/bin/cmake --install /home/topi/Documents/AUT700_mech_robprog/exercise3/task2_ws/build/turtlebot3_simulations
[3.303s] Level 1:colcon.colcon_core.environment:create_environment_scripts_only(turtlebot3_simulations)
[3.304s] DEBUG:colcon.colcon_core.event_handler.log_command:Invoked command in '/home/topi/Documents/AUT700_mech_robprog/exercise3/task2_ws/build/turtlebot3_simulations' returned '0': CMAKE_PREFIX_PATH=/home/topi/Documents/AUT700_mech_robprog/exercise3/task2_ws/install/turtlebot3_gazebo:/home/topi/Documents/AUT700_mech_robprog/exercise3/task2_ws/install/turtlebot3_fake_node:/home/topi/Documents/AUT700_mech_robprog/exercise3/task2_ws/install/turtlebot3_simulations:/home/topi/Documents/AUT700_mech_robprog/exercise3/task2_ws/install/robo_position_controller:/opt/ros/humble /usr/bin/cmake --install /home/topi/Documents/AUT700_mech_robprog/exercise3/task2_ws/build/turtlebot3_simulations
[3.324s] Level 1:colcon.colcon_core.environment:checking '/home/topi/Documents/AUT700_mech_robprog/exercise3/task2_ws/install/turtlebot3_simulations' for CMake module files
[3.325s] Level 1:colcon.colcon_core.environment:checking '/home/topi/Documents/AUT700_mech_robprog/exercise3/task2_ws/install/turtlebot3_simulations' for CMake config files
[3.325s] Level 1:colcon.colcon_core.shell:create_environment_hook('turtlebot3_simulations', 'cmake_prefix_path')
[3.344s] INFO:colcon.colcon_core.shell:Creating environment hook '/home/topi/Documents/AUT700_mech_robprog/exercise3/task2_ws/install/turtlebot3_simulations/share/turtlebot3_simulations/hook/cmake_prefix_path.ps1'
[3.344s] INFO:colcon.colcon_core.shell:Creating environment descriptor '/home/topi/Documents/AUT700_mech_robprog/exercise3/task2_ws/install/turtlebot3_simulations/share/turtlebot3_simulations/hook/cmake_prefix_path.dsv'
[3.345s] INFO:colcon.colcon_core.shell:Creating environment hook '/home/topi/Documents/AUT700_mech_robprog/exercise3/task2_ws/install/turtlebot3_simulations/share/turtlebot3_simulations/hook/cmake_prefix_path.sh'
[3.345s] Level 1:colcon.colcon_core.environment:checking '/home/topi/Documents/AUT700_mech_robprog/exercise3/task2_ws/install/turtlebot3_simulations/bin'
[3.345s] Level 1:colcon.colcon_core.environment:checking '/home/topi/Documents/AUT700_mech_robprog/exercise3/task2_ws/install/turtlebot3_simulations/lib/pkgconfig/turtlebot3_simulations.pc'
[3.346s] Level 1:colcon.colcon_core.environment:checking '/home/topi/Documents/AUT700_mech_robprog/exercise3/task2_ws/install/turtlebot3_simulations/lib/python3.10/site-packages'
[3.346s] Level 1:colcon.colcon_core.environment:checking '/home/topi/Documents/AUT700_mech_robprog/exercise3/task2_ws/install/turtlebot3_simulations/bin'
[3.365s] INFO:colcon.colcon_core.shell:Creating package script '/home/topi/Documents/AUT700_mech_robprog/exercise3/task2_ws/install/turtlebot3_simulations/share/turtlebot3_simulations/package.ps1'
[3.365s] INFO:colcon.colcon_core.shell:Creating package descriptor '/home/topi/Documents/AUT700_mech_robprog/exercise3/task2_ws/install/turtlebot3_simulations/share/turtlebot3_simulations/package.dsv'
[3.366s] INFO:colcon.colcon_core.shell:Creating package script '/home/topi/Documents/AUT700_mech_robprog/exercise3/task2_ws/install/turtlebot3_simulations/share/turtlebot3_simulations/package.sh'
[3.367s] INFO:colcon.colcon_core.shell:Creating package script '/home/topi/Documents/AUT700_mech_robprog/exercise3/task2_ws/install/turtlebot3_simulations/share/turtlebot3_simulations/package.bash'
[3.367s] INFO:colcon.colcon_core.shell:Creating package script '/home/topi/Documents/AUT700_mech_robprog/exercise3/task2_ws/install/turtlebot3_simulations/share/turtlebot3_simulations/package.zsh'
[3.368s] Level 1:colcon.colcon_core.environment:create_file_with_runtime_dependencies(/home/topi/Documents/AUT700_mech_robprog/exercise3/task2_ws/install/turtlebot3_simulations/share/colcon-core/packages/turtlebot3_simulations)
[3.419s] Level 1:colcon.colcon_core.environment:create_environment_scripts_only(turtlebot3_simulations)
[3.439s] Level 1:colcon.colcon_core.environment:checking '/home/topi/Documents/AUT700_mech_robprog/exercise3/task2_ws/install/turtlebot3_simulations' for CMake module files
[3.439s] Level 1:colcon.colcon_core.environment:checking '/home/topi/Documents/AUT700_mech_robprog/exercise3/task2_ws/install/turtlebot3_simulations' for CMake config files
[3.440s] Level 1:colcon.colcon_core.shell:create_environment_hook('turtlebot3_simulations', 'cmake_prefix_path')
[3.459s] INFO:colcon.colcon_core.shell:Creating environment hook '/home/topi/Documents/AUT700_mech_robprog/exercise3/task2_ws/install/turtlebot3_simulations/share/turtlebot3_simulations/hook/cmake_prefix_path.ps1'
[3.459s] INFO:colcon.colcon_core.shell:Creating environment descriptor '/home/topi/Documents/AUT700_mech_robprog/exercise3/task2_ws/install/turtlebot3_simulations/share/turtlebot3_simulations/hook/cmake_prefix_path.dsv'
[3.460s] INFO:colcon.colcon_core.shell:Creating environment hook '/home/topi/Documents/AUT700_mech_robprog/exercise3/task2_ws/install/turtlebot3_simulations/share/turtlebot3_simulations/hook/cmake_prefix_path.sh'
[3.461s] Level 1:colcon.colcon_core.environment:checking '/home/topi/Documents/AUT700_mech_robprog/exercise3/task2_ws/install/turtlebot3_simulations/bin'
[3.461s] Level 1:colcon.colcon_core.environment:checking '/home/topi/Documents/AUT700_mech_robprog/exercise3/task2_ws/install/turtlebot3_simulations/lib/pkgconfig/turtlebot3_simulations.pc'
[3.461s] Level 1:colcon.colcon_core.environment:checking '/home/topi/Documents/AUT700_mech_robprog/exercise3/task2_ws/install/turtlebot3_simulations/lib/python3.10/site-packages'
[3.462s] Level 1:colcon.colcon_core.environment:checking '/home/topi/Documents/AUT700_mech_robprog/exercise3/task2_ws/install/turtlebot3_simulations/bin'
[3.482s] INFO:colcon.colcon_core.shell:Creating package script '/home/topi/Documents/AUT700_mech_robprog/exercise3/task2_ws/install/turtlebot3_simulations/share/turtlebot3_simulations/package.ps1'
[3.482s] INFO:colcon.colcon_core.shell:Creating package descriptor '/home/topi/Documents/AUT700_mech_robprog/exercise3/task2_ws/install/turtlebot3_simulations/share/turtlebot3_simulations/package.dsv'
[3.483s] INFO:colcon.colcon_core.shell:Creating package script '/home/topi/Documents/AUT700_mech_robprog/exercise3/task2_ws/install/turtlebot3_simulations/share/turtlebot3_simulations/package.sh'
[3.484s] INFO:colcon.colcon_core.shell:Creating package script '/home/topi/Documents/AUT700_mech_robprog/exercise3/task2_ws/install/turtlebot3_simulations/share/turtlebot3_simulations/package.bash'
[3.484s] INFO:colcon.colcon_core.shell:Creating package script '/home/topi/Documents/AUT700_mech_robprog/exercise3/task2_ws/install/turtlebot3_simulations/share/turtlebot3_simulations/package.zsh'
[3.485s] Level 1:colcon.colcon_core.environment:create_file_with_runtime_dependencies(/home/topi/Documents/AUT700_mech_robprog/exercise3/task2_ws/install/turtlebot3_simulations/share/colcon-core/packages/turtlebot3_simulations)
[3.596s] DEBUG:colcon.colcon_core.event_handler.log_command:Invoked command in '/home/topi/Documents/AUT700_mech_robprog/exercise3/task2_ws/src/robo_position_controller' returned '0': PYTHONPATH=/home/topi/Documents/AUT700_mech_robprog/exercise3/task2_ws/build/robo_position_controller/prefix_override:/home/topi/Documents/AUT700_mech_robprog/exercise3/task2_ws/install/robo_position_controller/lib/python3.10/site-packages:${PYTHONPATH} /usr/bin/python3 setup.py egg_info --egg-base ../../build/robo_position_controller build --build-base /home/topi/Documents/AUT700_mech_robprog/exercise3/task2_ws/build/robo_position_controller/build install --record /home/topi/Documents/AUT700_mech_robprog/exercise3/task2_ws/build/robo_position_controller/install.log --single-version-externally-managed
[3.615s] Level 1:colcon.colcon_core.environment:checking '/home/topi/Documents/AUT700_mech_robprog/exercise3/task2_ws/install/robo_position_controller' for CMake module files
[3.615s] Level 1:colcon.colcon_core.environment:checking '/home/topi/Documents/AUT700_mech_robprog/exercise3/task2_ws/install/robo_position_controller' for CMake config files
[3.616s] Level 1:colcon.colcon_core.environment:checking '/home/topi/Documents/AUT700_mech_robprog/exercise3/task2_ws/install/robo_position_controller/lib'
[3.616s] Level 1:colcon.colcon_core.environment:checking '/home/topi/Documents/AUT700_mech_robprog/exercise3/task2_ws/install/robo_position_controller/bin'
[3.616s] Level 1:colcon.colcon_core.environment:checking '/home/topi/Documents/AUT700_mech_robprog/exercise3/task2_ws/install/robo_position_controller/lib/pkgconfig/robo_position_controller.pc'
[3.617s] Level 1:colcon.colcon_core.environment:checking '/home/topi/Documents/AUT700_mech_robprog/exercise3/task2_ws/install/robo_position_controller/lib/python3.10/site-packages'
[3.617s] Level 1:colcon.colcon_core.shell:create_environment_hook('robo_position_controller', 'pythonpath')
[3.647s] INFO:colcon.colcon_core.shell:Creating environment hook '/home/topi/Documents/AUT700_mech_robprog/exercise3/task2_ws/install/robo_position_controller/share/robo_position_controller/hook/pythonpath.ps1'
[3.648s] INFO:colcon.colcon_core.shell:Creating environment descriptor '/home/topi/Documents/AUT700_mech_robprog/exercise3/task2_ws/install/robo_position_controller/share/robo_position_controller/hook/pythonpath.dsv'
[3.649s] INFO:colcon.colcon_core.shell:Creating environment hook '/home/topi/Documents/AUT700_mech_robprog/exercise3/task2_ws/install/robo_position_controller/share/robo_position_controller/hook/pythonpath.sh'
[3.649s] Level 1:colcon.colcon_core.environment:checking '/home/topi/Documents/AUT700_mech_robprog/exercise3/task2_ws/install/robo_position_controller/bin'
[3.650s] Level 1:colcon.colcon_core.environment:create_environment_scripts_only(robo_position_controller)
[3.668s] INFO:colcon.colcon_core.shell:Creating package script '/home/topi/Documents/AUT700_mech_robprog/exercise3/task2_ws/install/robo_position_controller/share/robo_position_controller/package.ps1'
[3.669s] INFO:colcon.colcon_core.shell:Creating package descriptor '/home/topi/Documents/AUT700_mech_robprog/exercise3/task2_ws/install/robo_position_controller/share/robo_position_controller/package.dsv'
[3.670s] INFO:colcon.colcon_core.shell:Creating package script '/home/topi/Documents/AUT700_mech_robprog/exercise3/task2_ws/install/robo_position_controller/share/robo_position_controller/package.sh'
[3.670s] INFO:colcon.colcon_core.shell:Creating package script '/home/topi/Documents/AUT700_mech_robprog/exercise3/task2_ws/install/robo_position_controller/share/robo_position_controller/package.bash'
[3.671s] INFO:colcon.colcon_core.shell:Creating package script '/home/topi/Documents/AUT700_mech_robprog/exercise3/task2_ws/install/robo_position_controller/share/robo_position_controller/package.zsh'
[3.671s] Level 1:colcon.colcon_core.environment:create_file_with_runtime_dependencies(/home/topi/Documents/AUT700_mech_robprog/exercise3/task2_ws/install/robo_position_controller/share/colcon-core/packages/robo_position_controller)
[3.671s] DEBUG:colcon.colcon_parallel_executor.executor.parallel:closing loop
[3.672s] DEBUG:colcon.colcon_parallel_executor.executor.parallel:loop closed
[3.672s] DEBUG:colcon.colcon_parallel_executor.executor.parallel:run_until_complete finished with '0'
[3.672s] DEBUG:colcon.colcon_core.event_reactor:joining thread
[3.699s] INFO:colcon.colcon_core.plugin_system:Skipping extension 'colcon_notification.desktop_notification.terminal_notifier': Not used on non-Darwin systems
[3.700s] INFO:colcon.colcon_core.plugin_system:Skipping extension 'colcon_notification.desktop_notification.win32': Not used on non-Windows systems
[3.700s] INFO:colcon.colcon_notification.desktop_notification:Sending desktop notification using 'notify2'
[3.714s] DEBUG:colcon.colcon_core.event_reactor:joined thread
[3.735s] INFO:colcon.colcon_core.shell:Creating prefix script '/home/topi/Documents/AUT700_mech_robprog/exercise3/task2_ws/install/local_setup.ps1'
[3.737s] INFO:colcon.colcon_core.shell:Creating prefix util module '/home/topi/Documents/AUT700_mech_robprog/exercise3/task2_ws/install/_local_setup_util_ps1.py'
[3.739s] INFO:colcon.colcon_core.shell:Creating prefix chain script '/home/topi/Documents/AUT700_mech_robprog/exercise3/task2_ws/install/setup.ps1'
[3.764s] INFO:colcon.colcon_core.shell:Creating prefix script '/home/topi/Documents/AUT700_mech_robprog/exercise3/task2_ws/install/local_setup.sh'
[3.766s] INFO:colcon.colcon_core.shell:Creating prefix util module '/home/topi/Documents/AUT700_mech_robprog/exercise3/task2_ws/install/_local_setup_util_sh.py'
[3.767s] INFO:colcon.colcon_core.shell:Creating prefix chain script '/home/topi/Documents/AUT700_mech_robprog/exercise3/task2_ws/install/setup.sh'
[3.789s] INFO:colcon.colcon_core.shell:Creating prefix script '/home/topi/Documents/AUT700_mech_robprog/exercise3/task2_ws/install/local_setup.bash'
[3.790s] INFO:colcon.colcon_core.shell:Creating prefix chain script '/home/topi/Documents/AUT700_mech_robprog/exercise3/task2_ws/install/setup.bash'
[3.809s] INFO:colcon.colcon_core.shell:Creating prefix script '/home/topi/Documents/AUT700_mech_robprog/exercise3/task2_ws/install/local_setup.zsh'
[3.810s] INFO:colcon.colcon_core.shell:Creating prefix chain script '/home/topi/Documents/AUT700_mech_robprog/exercise3/task2_ws/install/setup.zsh'
