/home/topi/Documents/AUT700_mech_robprog/exercise3/task2_ws/install/robo_position_controller/lib/python3.10/site-packages/robo_position_controller/follow_path.py
/home/topi/Documents/AUT700_mech_robprog/exercise3/task2_ws/install/robo_position_controller/lib/python3.10/site-packages/robo_position_controller/robo_postion_controller_node.py
/home/topi/Documents/AUT700_mech_robprog/exercise3/task2_ws/install/robo_position_controller/lib/python3.10/site-packages/robo_position_controller/move_to_xytheta.py
/home/topi/Documents/AUT700_mech_robprog/exercise3/task2_ws/install/robo_position_controller/lib/python3.10/site-packages/robo_position_controller/robo_postion_controller_node (copy).py
/home/topi/Documents/AUT700_mech_robprog/exercise3/task2_ws/install/robo_position_controller/lib/python3.10/site-packages/robo_position_controller/move_to_xy.py
/home/topi/Documents/AUT700_mech_robprog/exercise3/task2_ws/install/robo_position_controller/lib/python3.10/site-packages/robo_position_controller/__init__.py
/home/topi/Documents/AUT700_mech_robprog/exercise3/task2_ws/install/robo_position_controller/lib/python3.10/site-packages/robo_position_controller/__pycache__/follow_path.cpython-310.pyc
/home/topi/Documents/AUT700_mech_robprog/exercise3/task2_ws/install/robo_position_controller/lib/python3.10/site-packages/robo_position_controller/__pycache__/robo_postion_controller_node.cpython-310.pyc
/home/topi/Documents/AUT700_mech_robprog/exercise3/task2_ws/install/robo_position_controller/lib/python3.10/site-packages/robo_position_controller/__pycache__/move_to_xytheta.cpython-310.pyc
/home/topi/Documents/AUT700_mech_robprog/exercise3/task2_ws/install/robo_position_controller/lib/python3.10/site-packages/robo_position_controller/__pycache__/robo_postion_controller_node (copy).cpython-310.pyc
/home/topi/Documents/AUT700_mech_robprog/exercise3/task2_ws/install/robo_position_controller/lib/python3.10/site-packages/robo_position_controller/__pycache__/move_to_xy.cpython-310.pyc
/home/topi/Documents/AUT700_mech_robprog/exercise3/task2_ws/install/robo_position_controller/lib/python3.10/site-packages/robo_position_controller/__pycache__/__init__.cpython-310.pyc
/home/topi/Documents/AUT700_mech_robprog/exercise3/task2_ws/install/robo_position_controller/share/ament_index/resource_index/packages/robo_position_controller
/home/topi/Documents/AUT700_mech_robprog/exercise3/task2_ws/install/robo_position_controller/share/robo_position_controller/package.xml
/home/topi/Documents/AUT700_mech_robprog/exercise3/task2_ws/install/robo_position_controller/lib/python3.10/site-packages/robo_position_controller-0.0.0-py3.10.egg-info/PKG-INFO
/home/topi/Documents/AUT700_mech_robprog/exercise3/task2_ws/install/robo_position_controller/lib/python3.10/site-packages/robo_position_controller-0.0.0-py3.10.egg-info/dependency_links.txt
/home/topi/Documents/AUT700_mech_robprog/exercise3/task2_ws/install/robo_position_controller/lib/python3.10/site-packages/robo_position_controller-0.0.0-py3.10.egg-info/requires.txt
/home/topi/Documents/AUT700_mech_robprog/exercise3/task2_ws/install/robo_position_controller/lib/python3.10/site-packages/robo_position_controller-0.0.0-py3.10.egg-info/entry_points.txt
/home/topi/Documents/AUT700_mech_robprog/exercise3/task2_ws/install/robo_position_controller/lib/python3.10/site-packages/robo_position_controller-0.0.0-py3.10.egg-info/zip-safe
/home/topi/Documents/AUT700_mech_robprog/exercise3/task2_ws/install/robo_position_controller/lib/python3.10/site-packages/robo_position_controller-0.0.0-py3.10.egg-info/SOURCES.txt
/home/topi/Documents/AUT700_mech_robprog/exercise3/task2_ws/install/robo_position_controller/lib/python3.10/site-packages/robo_position_controller-0.0.0-py3.10.egg-info/top_level.txt
/home/topi/Documents/AUT700_mech_robprog/exercise3/task2_ws/install/robo_position_controller/lib/robo_position_controller/robo_position_controller
