running egg_info
creating ../../build/robo_position_controller/robo_position_controller.egg-info
writing ../../build/robo_position_controller/robo_position_controller.egg-info/PKG-INFO
writing dependency_links to ../../build/robo_position_controller/robo_position_controller.egg-info/dependency_links.txt
writing entry points to ../../build/robo_position_controller/robo_position_controller.egg-info/entry_points.txt
writing requirements to ../../build/robo_position_controller/robo_position_controller.egg-info/requires.txt
writing top-level names to ../../build/robo_position_controller/robo_position_controller.egg-info/top_level.txt
writing manifest file '../../build/robo_position_controller/robo_position_controller.egg-info/SOURCES.txt'
reading manifest file '../../build/robo_position_controller/robo_position_controller.egg-info/SOURCES.txt'
writing manifest file '../../build/robo_position_controller/robo_position_controller.egg-info/SOURCES.txt'
running build
running build_py
creating /home/topi/Documents/AUT700_mech_robprog/exercise3/task2_ws/build/robo_position_controller/build
creating /home/topi/Documents/AUT700_mech_robprog/exercise3/task2_ws/build/robo_position_controller/build/lib
creating /home/topi/Documents/AUT700_mech_robprog/exercise3/task2_ws/build/robo_position_controller/build/lib/robo_position_controller
copying robo_position_controller/robo_postion_controller_node.py -> /home/topi/Documents/AUT700_mech_robprog/exercise3/task2_ws/build/robo_position_controller/build/lib/robo_position_controller
copying robo_position_controller/move_to_xytheta.py -> /home/topi/Documents/AUT700_mech_robprog/exercise3/task2_ws/build/robo_position_controller/build/lib/robo_position_controller
copying robo_position_controller/robo_postion_controller_node (copy).py -> /home/topi/Documents/AUT700_mech_robprog/exercise3/task2_ws/build/robo_position_controller/build/lib/robo_position_controller
copying robo_position_controller/move_to_xy.py -> /home/topi/Documents/AUT700_mech_robprog/exercise3/task2_ws/build/robo_position_controller/build/lib/robo_position_controller
copying robo_position_controller/__init__.py -> /home/topi/Documents/AUT700_mech_robprog/exercise3/task2_ws/build/robo_position_controller/build/lib/robo_position_controller
running install
/usr/lib/python3/dist-packages/setuptools/command/install.py:34: SetuptoolsDeprecationWarning: setup.py install is deprecated. Use build and pip and other standards-based tools.
  warnings.warn(
running install_lib
creating /home/topi/Documents/AUT700_mech_robprog/exercise3/task2_ws/install/robo_position_controller/lib/python3.10/site-packages/robo_position_controller
copying /home/topi/Documents/AUT700_mech_robprog/exercise3/task2_ws/build/robo_position_controller/build/lib/robo_position_controller/robo_postion_controller_node.py -> /home/topi/Documents/AUT700_mech_robprog/exercise3/task2_ws/install/robo_position_controller/lib/python3.10/site-packages/robo_position_controller
copying /home/topi/Documents/AUT700_mech_robprog/exercise3/task2_ws/build/robo_position_controller/build/lib/robo_position_controller/move_to_xytheta.py -> /home/topi/Documents/AUT700_mech_robprog/exercise3/task2_ws/install/robo_position_controller/lib/python3.10/site-packages/robo_position_controller
copying /home/topi/Documents/AUT700_mech_robprog/exercise3/task2_ws/build/robo_position_controller/build/lib/robo_position_controller/robo_postion_controller_node (copy).py -> /home/topi/Documents/AUT700_mech_robprog/exercise3/task2_ws/install/robo_position_controller/lib/python3.10/site-packages/robo_position_controller
copying /home/topi/Documents/AUT700_mech_robprog/exercise3/task2_ws/build/robo_position_controller/build/lib/robo_position_controller/move_to_xy.py -> /home/topi/Documents/AUT700_mech_robprog/exercise3/task2_ws/install/robo_position_controller/lib/python3.10/site-packages/robo_position_controller
copying /home/topi/Documents/AUT700_mech_robprog/exercise3/task2_ws/build/robo_position_controller/build/lib/robo_position_controller/__init__.py -> /home/topi/Documents/AUT700_mech_robprog/exercise3/task2_ws/install/robo_position_controller/lib/python3.10/site-packages/robo_position_controller
byte-compiling /home/topi/Documents/AUT700_mech_robprog/exercise3/task2_ws/install/robo_position_controller/lib/python3.10/site-packages/robo_position_controller/robo_postion_controller_node.py to robo_postion_controller_node.cpython-310.pyc
byte-compiling /home/topi/Documents/AUT700_mech_robprog/exercise3/task2_ws/install/robo_position_controller/lib/python3.10/site-packages/robo_position_controller/move_to_xytheta.py to move_to_xytheta.cpython-310.pyc
byte-compiling /home/topi/Documents/AUT700_mech_robprog/exercise3/task2_ws/install/robo_position_controller/lib/python3.10/site-packages/robo_position_controller/robo_postion_controller_node (copy).py to robo_postion_controller_node (copy).cpython-310.pyc
byte-compiling /home/topi/Documents/AUT700_mech_robprog/exercise3/task2_ws/install/robo_position_controller/lib/python3.10/site-packages/robo_position_controller/move_to_xy.py to move_to_xy.cpython-310.pyc
byte-compiling /home/topi/Documents/AUT700_mech_robprog/exercise3/task2_ws/install/robo_position_controller/lib/python3.10/site-packages/robo_position_controller/__init__.py to __init__.cpython-310.pyc
running install_data
creating /home/topi/Documents/AUT700_mech_robprog/exercise3/task2_ws/install/robo_position_controller/share/ament_index
creating /home/topi/Documents/AUT700_mech_robprog/exercise3/task2_ws/install/robo_position_controller/share/ament_index/resource_index
creating /home/topi/Documents/AUT700_mech_robprog/exercise3/task2_ws/install/robo_position_controller/share/ament_index/resource_index/packages
copying resource/robo_position_controller -> /home/topi/Documents/AUT700_mech_robprog/exercise3/task2_ws/install/robo_position_controller/share/ament_index/resource_index/packages
copying package.xml -> /home/topi/Documents/AUT700_mech_robprog/exercise3/task2_ws/install/robo_position_controller/share/robo_position_controller
running install_egg_info
Copying ../../build/robo_position_controller/robo_position_controller.egg-info to /home/topi/Documents/AUT700_mech_robprog/exercise3/task2_ws/install/robo_position_controller/lib/python3.10/site-packages/robo_position_controller-0.0.0-py3.10.egg-info
running install_scripts
writing list of installed files to '/home/topi/Documents/AUT700_mech_robprog/exercise3/task2_ws/build/robo_position_controller/install.log'
