[1.264s] Invoking command in '/home/topi/Documents/AUT700_mech_robprog/exercise3/task2_ws/src/robo_position_controller': PYTHONPATH=/home/topi/Documents/AUT700_mech_robprog/exercise3/task2_ws/build/robo_position_controller/prefix_override:/home/topi/Documents/AUT700_mech_robprog/exercise3/task2_ws/install/robo_position_controller/lib/python3.10/site-packages:${PYTHONPATH} /usr/bin/python3 setup.py egg_info --egg-base ../../build/robo_position_controller build --build-base /home/topi/Documents/AUT700_mech_robprog/exercise3/task2_ws/build/robo_position_controller/build install --record /home/topi/Documents/AUT700_mech_robprog/exercise3/task2_ws/build/robo_position_controller/install.log --single-version-externally-managed
[1.662s] running egg_info
[1.663s] creating ../../build/robo_position_controller/robo_position_controller.egg-info
[1.663s] writing ../../build/robo_position_controller/robo_position_controller.egg-info/PKG-INFO
[1.663s] writing dependency_links to ../../build/robo_position_controller/robo_position_controller.egg-info/dependency_links.txt
[1.664s] writing entry points to ../../build/robo_position_controller/robo_position_controller.egg-info/entry_points.txt
[1.664s] writing requirements to ../../build/robo_position_controller/robo_position_controller.egg-info/requires.txt
[1.664s] writing top-level names to ../../build/robo_position_controller/robo_position_controller.egg-info/top_level.txt
[1.664s] writing manifest file '../../build/robo_position_controller/robo_position_controller.egg-info/SOURCES.txt'
[1.667s] reading manifest file '../../build/robo_position_controller/robo_position_controller.egg-info/SOURCES.txt'
[1.670s] writing manifest file '../../build/robo_position_controller/robo_position_controller.egg-info/SOURCES.txt'
[1.670s] running build
[1.670s] running build_py
[1.671s] creating /home/topi/Documents/AUT700_mech_robprog/exercise3/task2_ws/build/robo_position_controller/build
[1.671s] creating /home/topi/Documents/AUT700_mech_robprog/exercise3/task2_ws/build/robo_position_controller/build/lib
[1.671s] creating /home/topi/Documents/AUT700_mech_robprog/exercise3/task2_ws/build/robo_position_controller/build/lib/robo_position_controller
[1.671s] copying robo_position_controller/robo_postion_controller_node.py -> /home/topi/Documents/AUT700_mech_robprog/exercise3/task2_ws/build/robo_position_controller/build/lib/robo_position_controller
[1.671s] copying robo_position_controller/move_to_xytheta.py -> /home/topi/Documents/AUT700_mech_robprog/exercise3/task2_ws/build/robo_position_controller/build/lib/robo_position_controller
[1.671s] copying robo_position_controller/robo_postion_controller_node (copy).py -> /home/topi/Documents/AUT700_mech_robprog/exercise3/task2_ws/build/robo_position_controller/build/lib/robo_position_controller
[1.671s] copying robo_position_controller/move_to_xy.py -> /home/topi/Documents/AUT700_mech_robprog/exercise3/task2_ws/build/robo_position_controller/build/lib/robo_position_controller
[1.672s] copying robo_position_controller/__init__.py -> /home/topi/Documents/AUT700_mech_robprog/exercise3/task2_ws/build/robo_position_controller/build/lib/robo_position_controller
[1.672s] running install
[1.672s] /usr/lib/python3/dist-packages/setuptools/command/install.py:34: SetuptoolsDeprecationWarning: setup.py install is deprecated. Use build and pip and other standards-based tools.
[1.672s]   warnings.warn(
[1.672s] running install_lib
[1.674s] creating /home/topi/Documents/AUT700_mech_robprog/exercise3/task2_ws/install/robo_position_controller/lib/python3.10/site-packages/robo_position_controller
[1.674s] copying /home/topi/Documents/AUT700_mech_robprog/exercise3/task2_ws/build/robo_position_controller/build/lib/robo_position_controller/robo_postion_controller_node.py -> /home/topi/Documents/AUT700_mech_robprog/exercise3/task2_ws/install/robo_position_controller/lib/python3.10/site-packages/robo_position_controller
[1.674s] copying /home/topi/Documents/AUT700_mech_robprog/exercise3/task2_ws/build/robo_position_controller/build/lib/robo_position_controller/move_to_xytheta.py -> /home/topi/Documents/AUT700_mech_robprog/exercise3/task2_ws/install/robo_position_controller/lib/python3.10/site-packages/robo_position_controller
[1.674s] copying /home/topi/Documents/AUT700_mech_robprog/exercise3/task2_ws/build/robo_position_controller/build/lib/robo_position_controller/robo_postion_controller_node (copy).py -> /home/topi/Documents/AUT700_mech_robprog/exercise3/task2_ws/install/robo_position_controller/lib/python3.10/site-packages/robo_position_controller
[1.675s] copying /home/topi/Documents/AUT700_mech_robprog/exercise3/task2_ws/build/robo_position_controller/build/lib/robo_position_controller/move_to_xy.py -> /home/topi/Documents/AUT700_mech_robprog/exercise3/task2_ws/install/robo_position_controller/lib/python3.10/site-packages/robo_position_controller
[1.675s] copying /home/topi/Documents/AUT700_mech_robprog/exercise3/task2_ws/build/robo_position_controller/build/lib/robo_position_controller/__init__.py -> /home/topi/Documents/AUT700_mech_robprog/exercise3/task2_ws/install/robo_position_controller/lib/python3.10/site-packages/robo_position_controller
[1.675s] byte-compiling /home/topi/Documents/AUT700_mech_robprog/exercise3/task2_ws/install/robo_position_controller/lib/python3.10/site-packages/robo_position_controller/robo_postion_controller_node.py to robo_postion_controller_node.cpython-310.pyc
[1.677s] byte-compiling /home/topi/Documents/AUT700_mech_robprog/exercise3/task2_ws/install/robo_position_controller/lib/python3.10/site-packages/robo_position_controller/move_to_xytheta.py to move_to_xytheta.cpython-310.pyc
[1.679s] byte-compiling /home/topi/Documents/AUT700_mech_robprog/exercise3/task2_ws/install/robo_position_controller/lib/python3.10/site-packages/robo_position_controller/robo_postion_controller_node (copy).py to robo_postion_controller_node (copy).cpython-310.pyc
[1.681s] byte-compiling /home/topi/Documents/AUT700_mech_robprog/exercise3/task2_ws/install/robo_position_controller/lib/python3.10/site-packages/robo_position_controller/move_to_xy.py to move_to_xy.cpython-310.pyc
[1.682s] byte-compiling /home/topi/Documents/AUT700_mech_robprog/exercise3/task2_ws/install/robo_position_controller/lib/python3.10/site-packages/robo_position_controller/__init__.py to __init__.cpython-310.pyc
[1.682s] running install_data
[1.683s] creating /home/topi/Documents/AUT700_mech_robprog/exercise3/task2_ws/install/robo_position_controller/share/ament_index
[1.684s] creating /home/topi/Documents/AUT700_mech_robprog/exercise3/task2_ws/install/robo_position_controller/share/ament_index/resource_index
[1.684s] creating /home/topi/Documents/AUT700_mech_robprog/exercise3/task2_ws/install/robo_position_controller/share/ament_index/resource_index/packages
[1.684s] copying resource/robo_position_controller -> /home/topi/Documents/AUT700_mech_robprog/exercise3/task2_ws/install/robo_position_controller/share/ament_index/resource_index/packages
[1.684s] copying package.xml -> /home/topi/Documents/AUT700_mech_robprog/exercise3/task2_ws/install/robo_position_controller/share/robo_position_controller
[1.684s] running install_egg_info
[1.688s] Copying ../../build/robo_position_controller/robo_position_controller.egg-info to /home/topi/Documents/AUT700_mech_robprog/exercise3/task2_ws/install/robo_position_controller/lib/python3.10/site-packages/robo_position_controller-0.0.0-py3.10.egg-info
[1.690s] running install_scripts
[1.726s] writing list of installed files to '/home/topi/Documents/AUT700_mech_robprog/exercise3/task2_ws/build/robo_position_controller/install.log'
[1.766s] Invoked command in '/home/topi/Documents/AUT700_mech_robprog/exercise3/task2_ws/src/robo_position_controller' returned '0': PYTHONPATH=/home/topi/Documents/AUT700_mech_robprog/exercise3/task2_ws/build/robo_position_controller/prefix_override:/home/topi/Documents/AUT700_mech_robprog/exercise3/task2_ws/install/robo_position_controller/lib/python3.10/site-packages:${PYTHONPATH} /usr/bin/python3 setup.py egg_info --egg-base ../../build/robo_position_controller build --build-base /home/topi/Documents/AUT700_mech_robprog/exercise3/task2_ws/build/robo_position_controller/build install --record /home/topi/Documents/AUT700_mech_robprog/exercise3/task2_ws/build/robo_position_controller/install.log --single-version-externally-managed
