[1.296s] Invoking command in '/home/topi/Documents/AUT700_mech_robprog/exercise3/task2_ws/src/robo_position_controller': PYTHONPATH=/home/topi/Documents/AUT700_mech_robprog/exercise3/task2_ws/build/robo_position_controller/prefix_override:/home/topi/Documents/AUT700_mech_robprog/exercise3/task2_ws/install/robo_position_controller/lib/python3.10/site-packages:${PYTHONPATH} /usr/bin/python3 setup.py egg_info --egg-base ../../build/robo_position_controller build --build-base /home/topi/Documents/AUT700_mech_robprog/exercise3/task2_ws/build/robo_position_controller/build install --record /home/topi/Documents/AUT700_mech_robprog/exercise3/task2_ws/build/robo_position_controller/install.log --single-version-externally-managed
[1.715s] running egg_info
[1.716s] writing ../../build/robo_position_controller/robo_position_controller.egg-info/PKG-INFO
[1.716s] writing dependency_links to ../../build/robo_position_controller/robo_position_controller.egg-info/dependency_links.txt
[1.716s] writing entry points to ../../build/robo_position_controller/robo_position_controller.egg-info/entry_points.txt
[1.716s] writing requirements to ../../build/robo_position_controller/robo_position_controller.egg-info/requires.txt
[1.716s] writing top-level names to ../../build/robo_position_controller/robo_position_controller.egg-info/top_level.txt
[1.719s] reading manifest file '../../build/robo_position_controller/robo_position_controller.egg-info/SOURCES.txt'
[1.722s] writing manifest file '../../build/robo_position_controller/robo_position_controller.egg-info/SOURCES.txt'
[1.722s] running build
[1.722s] running build_py
[1.722s] copying robo_position_controller/robo_postion_controller_node.py -> /home/topi/Documents/AUT700_mech_robprog/exercise3/task2_ws/build/robo_position_controller/build/lib/robo_position_controller
[1.723s] copying robo_position_controller/move_to_xytheta.py -> /home/topi/Documents/AUT700_mech_robprog/exercise3/task2_ws/build/robo_position_controller/build/lib/robo_position_controller
[1.723s] running install
[1.724s] /usr/lib/python3/dist-packages/setuptools/command/install.py:34: SetuptoolsDeprecationWarning: setup.py install is deprecated. Use build and pip and other standards-based tools.
[1.724s]   warnings.warn(
[1.724s] running install_lib
[1.725s] copying /home/topi/Documents/AUT700_mech_robprog/exercise3/task2_ws/build/robo_position_controller/build/lib/robo_position_controller/robo_postion_controller_node.py -> /home/topi/Documents/AUT700_mech_robprog/exercise3/task2_ws/install/robo_position_controller/lib/python3.10/site-packages/robo_position_controller
[1.725s] copying /home/topi/Documents/AUT700_mech_robprog/exercise3/task2_ws/build/robo_position_controller/build/lib/robo_position_controller/move_to_xytheta.py -> /home/topi/Documents/AUT700_mech_robprog/exercise3/task2_ws/install/robo_position_controller/lib/python3.10/site-packages/robo_position_controller
[1.726s] byte-compiling /home/topi/Documents/AUT700_mech_robprog/exercise3/task2_ws/install/robo_position_controller/lib/python3.10/site-packages/robo_position_controller/robo_postion_controller_node.py to robo_postion_controller_node.cpython-310.pyc
[1.727s] byte-compiling /home/topi/Documents/AUT700_mech_robprog/exercise3/task2_ws/install/robo_position_controller/lib/python3.10/site-packages/robo_position_controller/move_to_xytheta.py to move_to_xytheta.cpython-310.pyc
[1.728s] running install_data
[1.729s] running install_egg_info
[1.732s] removing '/home/topi/Documents/AUT700_mech_robprog/exercise3/task2_ws/install/robo_position_controller/lib/python3.10/site-packages/robo_position_controller-0.0.0-py3.10.egg-info' (and everything under it)
[1.733s] Copying ../../build/robo_position_controller/robo_position_controller.egg-info to /home/topi/Documents/AUT700_mech_robprog/exercise3/task2_ws/install/robo_position_controller/lib/python3.10/site-packages/robo_position_controller-0.0.0-py3.10.egg-info
[1.734s] running install_scripts
[1.758s] Installing robo_position_controller script to /home/topi/Documents/AUT700_mech_robprog/exercise3/task2_ws/install/robo_position_controller/lib/robo_position_controller
[1.759s] writing list of installed files to '/home/topi/Documents/AUT700_mech_robprog/exercise3/task2_ws/build/robo_position_controller/install.log'
[1.788s] Invoked command in '/home/topi/Documents/AUT700_mech_robprog/exercise3/task2_ws/src/robo_position_controller' returned '0': PYTHONPATH=/home/topi/Documents/AUT700_mech_robprog/exercise3/task2_ws/build/robo_position_controller/prefix_override:/home/topi/Documents/AUT700_mech_robprog/exercise3/task2_ws/install/robo_position_controller/lib/python3.10/site-packages:${PYTHONPATH} /usr/bin/python3 setup.py egg_info --egg-base ../../build/robo_position_controller build --build-base /home/topi/Documents/AUT700_mech_robprog/exercise3/task2_ws/build/robo_position_controller/build install --record /home/topi/Documents/AUT700_mech_robprog/exercise3/task2_ws/build/robo_position_controller/install.log --single-version-externally-managed
