[1.440s] DEBUG:colcon:Command line arguments: ['/usr/bin/colcon', 'build', '--symlink-install']
[1.440s] DEBUG:colcon:Parsed command line arguments: Namespace(log_base=None, log_level=None, verb_name='build', build_base='build', install_base='install', merge_install=False, symlink_install=True, test_result_base=None, continue_on_error=False, executor='parallel', parallel_workers=4, event_handlers=None, ignore_user_meta=False, metas=['./colcon.meta'], base_paths=['.'], packages_ignore=None, packages_ignore_regex=None, paths=None, packages_up_to=None, packages_up_to_regex=None, packages_above=None, packages_above_and_dependencies=None, packages_above_depth=None, packages_select_by_dep=None, packages_skip_by_dep=None, packages_skip_up_to=None, packages_select_build_failed=False, packages_skip_build_finished=False, packages_select_test_failures=False, packages_skip_test_passed=False, packages_select=None, packages_skip=None, packages_select_regex=None, packages_skip_regex=None, packages_start=None, packages_end=None, allow_overriding=[], cmake_args=None, cmake_target=None, cmake_target_skip_unavailable=False, cmake_clean_cache=False, cmake_clean_first=False, cmake_force_configure=False, ament_cmake_args=None, catkin_cmake_args=None, catkin_skip_building_tests=False, verb_parser=<colcon_defaults.argument_parser.defaults.DefaultArgumentsDecorator object at 0x7f287ca09f90>, verb_extension=<colcon_core.verb.build.BuildVerb object at 0x7f287cb121a0>, main=<bound method BuildVerb.main of <colcon_core.verb.build.BuildVerb object at 0x7f287cb121a0>>)
[1.570s] Level 1:colcon.colcon_core.package_discovery:discover_packages(colcon_meta) check parameters
[1.570s] Level 1:colcon.colcon_core.package_discovery:discover_packages(recursive) check parameters
[1.571s] Level 1:colcon.colcon_core.package_discovery:discover_packages(ignore) check parameters
[1.571s] Level 1:colcon.colcon_core.package_discovery:discover_packages(path) check parameters
[1.571s] Level 1:colcon.colcon_core.package_discovery:discover_packages(colcon_meta) discover
[1.571s] Level 1:colcon.colcon_core.package_discovery:discover_packages(recursive) discover
[1.571s] INFO:colcon.colcon_core.package_discovery:Crawling recursively for packages in '/home/topi/Documents/AUT700_mech_robprog/exercise3/task2_ws'
[1.571s] Level 1:colcon.colcon_core.package_identification:_identify(.) by extensions ['ignore', 'ignore_ament_install']
[1.571s] Level 1:colcon.colcon_core.package_identification:_identify(.) by extension 'ignore'
[1.571s] Level 1:colcon.colcon_core.package_identification:_identify(.) by extension 'ignore_ament_install'
[1.571s] Level 1:colcon.colcon_core.package_identification:_identify(.) by extensions ['colcon_pkg']
[1.571s] Level 1:colcon.colcon_core.package_identification:_identify(.) by extension 'colcon_pkg'
[1.572s] Level 1:colcon.colcon_core.package_identification:_identify(.) by extensions ['colcon_meta']
[1.572s] Level 1:colcon.colcon_core.package_identification:_identify(.) by extension 'colcon_meta'
[1.572s] Level 1:colcon.colcon_core.package_identification:_identify(.) by extensions ['ros']
[1.572s] Level 1:colcon.colcon_core.package_identification:_identify(.) by extension 'ros'
[1.585s] Level 1:colcon.colcon_core.package_identification:_identify(.) by extensions ['cmake', 'python']
[1.586s] Level 1:colcon.colcon_core.package_identification:_identify(.) by extension 'cmake'
[1.586s] Level 1:colcon.colcon_core.package_identification:_identify(.) by extension 'python'
[1.586s] Level 1:colcon.colcon_core.package_identification:_identify(.) by extensions ['python_setup_py']
[1.586s] Level 1:colcon.colcon_core.package_identification:_identify(.) by extension 'python_setup_py'
[1.586s] Level 1:colcon.colcon_core.package_identification:_identify(build) by extensions ['ignore', 'ignore_ament_install']
[1.586s] Level 1:colcon.colcon_core.package_identification:_identify(build) by extension 'ignore'
[1.586s] Level 1:colcon.colcon_core.package_identification:_identify(build) ignored
[1.586s] Level 1:colcon.colcon_core.package_identification:_identify(install) by extensions ['ignore', 'ignore_ament_install']
[1.586s] Level 1:colcon.colcon_core.package_identification:_identify(install) by extension 'ignore'
[1.587s] Level 1:colcon.colcon_core.package_identification:_identify(install) ignored
[1.587s] Level 1:colcon.colcon_core.package_identification:_identify(log) by extensions ['ignore', 'ignore_ament_install']
[1.587s] Level 1:colcon.colcon_core.package_identification:_identify(log) by extension 'ignore'
[1.587s] Level 1:colcon.colcon_core.package_identification:_identify(log) ignored
[1.587s] Level 1:colcon.colcon_core.package_identification:_identify(src) by extensions ['ignore', 'ignore_ament_install']
[1.587s] Level 1:colcon.colcon_core.package_identification:_identify(src) by extension 'ignore'
[1.587s] Level 1:colcon.colcon_core.package_identification:_identify(src) by extension 'ignore_ament_install'
[1.587s] Level 1:colcon.colcon_core.package_identification:_identify(src) by extensions ['colcon_pkg']
[1.587s] Level 1:colcon.colcon_core.package_identification:_identify(src) by extension 'colcon_pkg'
[1.587s] Level 1:colcon.colcon_core.package_identification:_identify(src) by extensions ['colcon_meta']
[1.587s] Level 1:colcon.colcon_core.package_identification:_identify(src) by extension 'colcon_meta'
[1.587s] Level 1:colcon.colcon_core.package_identification:_identify(src) by extensions ['ros']
[1.588s] Level 1:colcon.colcon_core.package_identification:_identify(src) by extension 'ros'
[1.588s] Level 1:colcon.colcon_core.package_identification:_identify(src) by extensions ['cmake', 'python']
[1.588s] Level 1:colcon.colcon_core.package_identification:_identify(src) by extension 'cmake'
[1.588s] Level 1:colcon.colcon_core.package_identification:_identify(src) by extension 'python'
[1.588s] Level 1:colcon.colcon_core.package_identification:_identify(src) by extensions ['python_setup_py']
[1.588s] Level 1:colcon.colcon_core.package_identification:_identify(src) by extension 'python_setup_py'
[1.588s] Level 1:colcon.colcon_core.package_identification:_identify(src/turtlebot3_simulations) by extensions ['ignore', 'ignore_ament_install']
[1.588s] Level 1:colcon.colcon_core.package_identification:_identify(src/turtlebot3_simulations) by extension 'ignore'
[1.588s] Level 1:colcon.colcon_core.package_identification:_identify(src/turtlebot3_simulations) by extension 'ignore_ament_install'
[1.588s] Level 1:colcon.colcon_core.package_identification:_identify(src/turtlebot3_simulations) by extensions ['colcon_pkg']
[1.588s] Level 1:colcon.colcon_core.package_identification:_identify(src/turtlebot3_simulations) by extension 'colcon_pkg'
[1.588s] Level 1:colcon.colcon_core.package_identification:_identify(src/turtlebot3_simulations) by extensions ['colcon_meta']
[1.588s] Level 1:colcon.colcon_core.package_identification:_identify(src/turtlebot3_simulations) by extension 'colcon_meta'
[1.589s] Level 1:colcon.colcon_core.package_identification:_identify(src/turtlebot3_simulations) by extensions ['ros']
[1.589s] Level 1:colcon.colcon_core.package_identification:_identify(src/turtlebot3_simulations) by extension 'ros'
[1.589s] Level 1:colcon.colcon_core.package_identification:_identify(src/turtlebot3_simulations) by extensions ['cmake', 'python']
[1.589s] Level 1:colcon.colcon_core.package_identification:_identify(src/turtlebot3_simulations) by extension 'cmake'
[1.589s] Level 1:colcon.colcon_core.package_identification:_identify(src/turtlebot3_simulations) by extension 'python'
[1.589s] Level 1:colcon.colcon_core.package_identification:_identify(src/turtlebot3_simulations) by extensions ['python_setup_py']
[1.589s] Level 1:colcon.colcon_core.package_identification:_identify(src/turtlebot3_simulations) by extension 'python_setup_py'
[1.589s] Level 1:colcon.colcon_core.package_identification:_identify(src/turtlebot3_simulations/turtlebot3_fake_node) by extensions ['ignore', 'ignore_ament_install']
[1.589s] Level 1:colcon.colcon_core.package_identification:_identify(src/turtlebot3_simulations/turtlebot3_fake_node) by extension 'ignore'
[1.589s] Level 1:colcon.colcon_core.package_identification:_identify(src/turtlebot3_simulations/turtlebot3_fake_node) by extension 'ignore_ament_install'
[1.589s] Level 1:colcon.colcon_core.package_identification:_identify(src/turtlebot3_simulations/turtlebot3_fake_node) by extensions ['colcon_pkg']
[1.589s] Level 1:colcon.colcon_core.package_identification:_identify(src/turtlebot3_simulations/turtlebot3_fake_node) by extension 'colcon_pkg'
[1.589s] Level 1:colcon.colcon_core.package_identification:_identify(src/turtlebot3_simulations/turtlebot3_fake_node) by extensions ['colcon_meta']
[1.590s] Level 1:colcon.colcon_core.package_identification:_identify(src/turtlebot3_simulations/turtlebot3_fake_node) by extension 'colcon_meta'
[1.590s] Level 1:colcon.colcon_core.package_identification:_identify(src/turtlebot3_simulations/turtlebot3_fake_node) by extensions ['ros']
[1.590s] Level 1:colcon.colcon_core.package_identification:_identify(src/turtlebot3_simulations/turtlebot3_fake_node) by extension 'ros'
[1.593s] DEBUG:colcon.colcon_core.package_identification:Package 'src/turtlebot3_simulations/turtlebot3_fake_node' with type 'ros.ament_cmake' and name 'turtlebot3_fake_node'
[1.593s] Level 1:colcon.colcon_core.package_identification:_identify(src/turtlebot3_simulations/turtlebot3_gazebo) by extensions ['ignore', 'ignore_ament_install']
[1.594s] Level 1:colcon.colcon_core.package_identification:_identify(src/turtlebot3_simulations/turtlebot3_gazebo) by extension 'ignore'
[1.594s] Level 1:colcon.colcon_core.package_identification:_identify(src/turtlebot3_simulations/turtlebot3_gazebo) by extension 'ignore_ament_install'
[1.594s] Level 1:colcon.colcon_core.package_identification:_identify(src/turtlebot3_simulations/turtlebot3_gazebo) by extensions ['colcon_pkg']
[1.594s] Level 1:colcon.colcon_core.package_identification:_identify(src/turtlebot3_simulations/turtlebot3_gazebo) by extension 'colcon_pkg'
[1.594s] Level 1:colcon.colcon_core.package_identification:_identify(src/turtlebot3_simulations/turtlebot3_gazebo) by extensions ['colcon_meta']
[1.594s] Level 1:colcon.colcon_core.package_identification:_identify(src/turtlebot3_simulations/turtlebot3_gazebo) by extension 'colcon_meta'
[1.594s] Level 1:colcon.colcon_core.package_identification:_identify(src/turtlebot3_simulations/turtlebot3_gazebo) by extensions ['ros']
[1.594s] Level 1:colcon.colcon_core.package_identification:_identify(src/turtlebot3_simulations/turtlebot3_gazebo) by extension 'ros'
[1.595s] DEBUG:colcon.colcon_core.package_identification:Package 'src/turtlebot3_simulations/turtlebot3_gazebo' with type 'ros.ament_cmake' and name 'turtlebot3_gazebo'
[1.595s] Level 1:colcon.colcon_core.package_identification:_identify(src/turtlebot3_simulations/turtlebot3_simulations) by extensions ['ignore', 'ignore_ament_install']
[1.596s] Level 1:colcon.colcon_core.package_identification:_identify(src/turtlebot3_simulations/turtlebot3_simulations) by extension 'ignore'
[1.596s] Level 1:colcon.colcon_core.package_identification:_identify(src/turtlebot3_simulations/turtlebot3_simulations) by extension 'ignore_ament_install'
[1.596s] Level 1:colcon.colcon_core.package_identification:_identify(src/turtlebot3_simulations/turtlebot3_simulations) by extensions ['colcon_pkg']
[1.596s] Level 1:colcon.colcon_core.package_identification:_identify(src/turtlebot3_simulations/turtlebot3_simulations) by extension 'colcon_pkg'
[1.596s] Level 1:colcon.colcon_core.package_identification:_identify(src/turtlebot3_simulations/turtlebot3_simulations) by extensions ['colcon_meta']
[1.596s] Level 1:colcon.colcon_core.package_identification:_identify(src/turtlebot3_simulations/turtlebot3_simulations) by extension 'colcon_meta'
[1.596s] Level 1:colcon.colcon_core.package_identification:_identify(src/turtlebot3_simulations/turtlebot3_simulations) by extensions ['ros']
[1.596s] Level 1:colcon.colcon_core.package_identification:_identify(src/turtlebot3_simulations/turtlebot3_simulations) by extension 'ros'
[1.597s] DEBUG:colcon.colcon_core.package_identification:Package 'src/turtlebot3_simulations/turtlebot3_simulations' with type 'ros.ament_cmake' and name 'turtlebot3_simulations'
[1.597s] Level 1:colcon.colcon_core.package_discovery:discover_packages(recursive) using defaults
[1.597s] Level 1:colcon.colcon_core.package_discovery:discover_packages(ignore) discover
[1.597s] Level 1:colcon.colcon_core.package_discovery:discover_packages(ignore) using defaults
[1.597s] Level 1:colcon.colcon_core.package_discovery:discover_packages(path) discover
[1.597s] Level 1:colcon.colcon_core.package_discovery:discover_packages(path) using defaults
[1.730s] Level 1:colcon.colcon_core.package_discovery:discover_packages(prefix_path) check parameters
[1.730s] Level 1:colcon.colcon_core.package_discovery:discover_packages(prefix_path) discover
[1.771s] DEBUG:colcon.colcon_installed_package_information.package_discovery:Found 400 installed packages in /opt/ros/humble
[1.773s] Level 1:colcon.colcon_core.package_discovery:discover_packages(prefix_path) using defaults
[1.916s] Level 5:colcon.colcon_core.verb:set package 'turtlebot3_fake_node' build argument 'cmake_args' from command line to 'None'
[1.916s] Level 5:colcon.colcon_core.verb:set package 'turtlebot3_fake_node' build argument 'cmake_target' from command line to 'None'
[1.916s] Level 5:colcon.colcon_core.verb:set package 'turtlebot3_fake_node' build argument 'cmake_target_skip_unavailable' from command line to 'False'
[1.917s] Level 5:colcon.colcon_core.verb:set package 'turtlebot3_fake_node' build argument 'cmake_clean_cache' from command line to 'False'
[1.917s] Level 5:colcon.colcon_core.verb:set package 'turtlebot3_fake_node' build argument 'cmake_clean_first' from command line to 'False'
[1.917s] Level 5:colcon.colcon_core.verb:set package 'turtlebot3_fake_node' build argument 'cmake_force_configure' from command line to 'False'
[1.917s] Level 5:colcon.colcon_core.verb:set package 'turtlebot3_fake_node' build argument 'ament_cmake_args' from command line to 'None'
[1.917s] Level 5:colcon.colcon_core.verb:set package 'turtlebot3_fake_node' build argument 'catkin_cmake_args' from command line to 'None'
[1.917s] Level 5:colcon.colcon_core.verb:set package 'turtlebot3_fake_node' build argument 'catkin_skip_building_tests' from command line to 'False'
[1.917s] DEBUG:colcon.colcon_core.verb:Building package 'turtlebot3_fake_node' with the following arguments: {'ament_cmake_args': None, 'build_base': '/home/topi/Documents/AUT700_mech_robprog/exercise3/task2_ws/build/turtlebot3_fake_node', 'catkin_cmake_args': None, 'catkin_skip_building_tests': False, 'cmake_args': None, 'cmake_clean_cache': False, 'cmake_clean_first': False, 'cmake_force_configure': False, 'cmake_target': None, 'cmake_target_skip_unavailable': False, 'install_base': '/home/topi/Documents/AUT700_mech_robprog/exercise3/task2_ws/install/turtlebot3_fake_node', 'merge_install': False, 'path': '/home/topi/Documents/AUT700_mech_robprog/exercise3/task2_ws/src/turtlebot3_simulations/turtlebot3_fake_node', 'symlink_install': True, 'test_result_base': None}
[1.935s] Level 5:colcon.colcon_core.verb:set package 'turtlebot3_gazebo' build argument 'cmake_args' from command line to 'None'
[1.935s] Level 5:colcon.colcon_core.verb:set package 'turtlebot3_gazebo' build argument 'cmake_target' from command line to 'None'
[1.935s] Level 5:colcon.colcon_core.verb:set package 'turtlebot3_gazebo' build argument 'cmake_target_skip_unavailable' from command line to 'False'
[1.935s] Level 5:colcon.colcon_core.verb:set package 'turtlebot3_gazebo' build argument 'cmake_clean_cache' from command line to 'False'
[1.935s] Level 5:colcon.colcon_core.verb:set package 'turtlebot3_gazebo' build argument 'cmake_clean_first' from command line to 'False'
[1.935s] Level 5:colcon.colcon_core.verb:set package 'turtlebot3_gazebo' build argument 'cmake_force_configure' from command line to 'False'
[1.935s] Level 5:colcon.colcon_core.verb:set package 'turtlebot3_gazebo' build argument 'ament_cmake_args' from command line to 'None'
[1.935s] Level 5:colcon.colcon_core.verb:set package 'turtlebot3_gazebo' build argument 'catkin_cmake_args' from command line to 'None'
[1.935s] Level 5:colcon.colcon_core.verb:set package 'turtlebot3_gazebo' build argument 'catkin_skip_building_tests' from command line to 'False'
[1.935s] DEBUG:colcon.colcon_core.verb:Building package 'turtlebot3_gazebo' with the following arguments: {'ament_cmake_args': None, 'build_base': '/home/topi/Documents/AUT700_mech_robprog/exercise3/task2_ws/build/turtlebot3_gazebo', 'catkin_cmake_args': None, 'catkin_skip_building_tests': False, 'cmake_args': None, 'cmake_clean_cache': False, 'cmake_clean_first': False, 'cmake_force_configure': False, 'cmake_target': None, 'cmake_target_skip_unavailable': False, 'install_base': '/home/topi/Documents/AUT700_mech_robprog/exercise3/task2_ws/install/turtlebot3_gazebo', 'merge_install': False, 'path': '/home/topi/Documents/AUT700_mech_robprog/exercise3/task2_ws/src/turtlebot3_simulations/turtlebot3_gazebo', 'symlink_install': True, 'test_result_base': None}
[1.953s] Level 5:colcon.colcon_core.verb:set package 'turtlebot3_simulations' build argument 'cmake_args' from command line to 'None'
[1.953s] Level 5:colcon.colcon_core.verb:set package 'turtlebot3_simulations' build argument 'cmake_target' from command line to 'None'
[1.954s] Level 5:colcon.colcon_core.verb:set package 'turtlebot3_simulations' build argument 'cmake_target_skip_unavailable' from command line to 'False'
[1.954s] Level 5:colcon.colcon_core.verb:set package 'turtlebot3_simulations' build argument 'cmake_clean_cache' from command line to 'False'
[1.954s] Level 5:colcon.colcon_core.verb:set package 'turtlebot3_simulations' build argument 'cmake_clean_first' from command line to 'False'
[1.954s] Level 5:colcon.colcon_core.verb:set package 'turtlebot3_simulations' build argument 'cmake_force_configure' from command line to 'False'
[1.954s] Level 5:colcon.colcon_core.verb:set package 'turtlebot3_simulations' build argument 'ament_cmake_args' from command line to 'None'
[1.954s] Level 5:colcon.colcon_core.verb:set package 'turtlebot3_simulations' build argument 'catkin_cmake_args' from command line to 'None'
[1.954s] Level 5:colcon.colcon_core.verb:set package 'turtlebot3_simulations' build argument 'catkin_skip_building_tests' from command line to 'False'
[1.954s] DEBUG:colcon.colcon_core.verb:Building package 'turtlebot3_simulations' with the following arguments: {'ament_cmake_args': None, 'build_base': '/home/topi/Documents/AUT700_mech_robprog/exercise3/task2_ws/build/turtlebot3_simulations', 'catkin_cmake_args': None, 'catkin_skip_building_tests': False, 'cmake_args': None, 'cmake_clean_cache': False, 'cmake_clean_first': False, 'cmake_force_configure': False, 'cmake_target': None, 'cmake_target_skip_unavailable': False, 'install_base': '/home/topi/Documents/AUT700_mech_robprog/exercise3/task2_ws/install/turtlebot3_simulations', 'merge_install': False, 'path': '/home/topi/Documents/AUT700_mech_robprog/exercise3/task2_ws/src/turtlebot3_simulations/turtlebot3_simulations', 'symlink_install': True, 'test_result_base': None}
[1.972s] INFO:colcon.colcon_core.executor:Executing jobs using 'parallel' executor
[1.990s] DEBUG:colcon.colcon_parallel_executor.executor.parallel:run_until_complete
[1.991s] INFO:colcon.colcon_ros.task.ament_cmake.build:Building ROS package in '/home/topi/Documents/AUT700_mech_robprog/exercise3/task2_ws/src/turtlebot3_simulations/turtlebot3_fake_node' with build type 'ament_cmake'
[1.991s] INFO:colcon.colcon_cmake.task.cmake.build:Building CMake package in '/home/topi/Documents/AUT700_mech_robprog/exercise3/task2_ws/src/turtlebot3_simulations/turtlebot3_fake_node'
[2.015s] INFO:colcon.colcon_core.plugin_system:Skipping extension 'colcon_core.shell.bat': Not used on non-Windows systems
[2.016s] INFO:colcon.colcon_core.shell:Skip shell extension 'powershell' for command environment: Not usable outside of PowerShell
[2.016s] DEBUG:colcon.colcon_core.shell:Skip shell extension 'dsv' for command environment
[2.056s] INFO:colcon.colcon_ros.task.ament_cmake.build:Building ROS package in '/home/topi/Documents/AUT700_mech_robprog/exercise3/task2_ws/src/turtlebot3_simulations/turtlebot3_gazebo' with build type 'ament_cmake'
[2.056s] INFO:colcon.colcon_cmake.task.cmake.build:Building CMake package in '/home/topi/Documents/AUT700_mech_robprog/exercise3/task2_ws/src/turtlebot3_simulations/turtlebot3_gazebo'
[2.075s] INFO:colcon.colcon_core.shell:Skip shell extension 'powershell' for command environment: Not usable outside of PowerShell
[2.075s] DEBUG:colcon.colcon_core.shell:Skip shell extension 'dsv' for command environment
[2.128s] DEBUG:colcon.colcon_core.event_handler.log_command:Invoking command in '/home/topi/Documents/AUT700_mech_robprog/exercise3/task2_ws/build/turtlebot3_fake_node': CMAKE_PREFIX_PATH=/opt/ros/humble /usr/bin/cmake --build /home/topi/Documents/AUT700_mech_robprog/exercise3/task2_ws/build/turtlebot3_fake_node -- -j4 -l4
[2.132s] DEBUG:colcon.colcon_core.event_handler.log_command:Invoking command in '/home/topi/Documents/AUT700_mech_robprog/exercise3/task2_ws/build/turtlebot3_gazebo': CMAKE_PREFIX_PATH=/opt/ros/humble /usr/bin/cmake --build /home/topi/Documents/AUT700_mech_robprog/exercise3/task2_ws/build/turtlebot3_gazebo -- -j4 -l4
[2.355s] DEBUG:colcon.colcon_core.event_handler.log_command:Invoked command in '/home/topi/Documents/AUT700_mech_robprog/exercise3/task2_ws/build/turtlebot3_fake_node' returned '0': CMAKE_PREFIX_PATH=/opt/ros/humble /usr/bin/cmake --build /home/topi/Documents/AUT700_mech_robprog/exercise3/task2_ws/build/turtlebot3_fake_node -- -j4 -l4
[2.440s] DEBUG:colcon.colcon_core.event_handler.log_command:Invoking command in '/home/topi/Documents/AUT700_mech_robprog/exercise3/task2_ws/build/turtlebot3_fake_node': CMAKE_PREFIX_PATH=/opt/ros/humble /usr/bin/cmake --install /home/topi/Documents/AUT700_mech_robprog/exercise3/task2_ws/build/turtlebot3_fake_node
[2.459s] DEBUG:colcon.colcon_core.event_handler.log_command:Invoked command in '/home/topi/Documents/AUT700_mech_robprog/exercise3/task2_ws/build/turtlebot3_gazebo' returned '0': CMAKE_PREFIX_PATH=/opt/ros/humble /usr/bin/cmake --build /home/topi/Documents/AUT700_mech_robprog/exercise3/task2_ws/build/turtlebot3_gazebo -- -j4 -l4
[2.491s] Level 1:colcon.colcon_core.environment:create_environment_scripts_only(turtlebot3_fake_node)
[2.493s] DEBUG:colcon.colcon_core.event_handler.log_command:Invoked command in '/home/topi/Documents/AUT700_mech_robprog/exercise3/task2_ws/build/turtlebot3_fake_node' returned '0': CMAKE_PREFIX_PATH=/opt/ros/humble /usr/bin/cmake --install /home/topi/Documents/AUT700_mech_robprog/exercise3/task2_ws/build/turtlebot3_fake_node
[2.533s] Level 1:colcon.colcon_core.environment:checking '/home/topi/Documents/AUT700_mech_robprog/exercise3/task2_ws/install/turtlebot3_fake_node' for CMake module files
[2.534s] Level 1:colcon.colcon_core.environment:checking '/home/topi/Documents/AUT700_mech_robprog/exercise3/task2_ws/install/turtlebot3_fake_node' for CMake config files
[2.534s] Level 1:colcon.colcon_core.shell:create_environment_hook('turtlebot3_fake_node', 'cmake_prefix_path')
[2.562s] INFO:colcon.colcon_core.shell:Creating environment hook '/home/topi/Documents/AUT700_mech_robprog/exercise3/task2_ws/install/turtlebot3_fake_node/share/turtlebot3_fake_node/hook/cmake_prefix_path.ps1'
[2.563s] INFO:colcon.colcon_core.shell:Creating environment descriptor '/home/topi/Documents/AUT700_mech_robprog/exercise3/task2_ws/install/turtlebot3_fake_node/share/turtlebot3_fake_node/hook/cmake_prefix_path.dsv'
[2.564s] INFO:colcon.colcon_core.shell:Creating environment hook '/home/topi/Documents/AUT700_mech_robprog/exercise3/task2_ws/install/turtlebot3_fake_node/share/turtlebot3_fake_node/hook/cmake_prefix_path.sh'
[2.565s] Level 1:colcon.colcon_core.environment:checking '/home/topi/Documents/AUT700_mech_robprog/exercise3/task2_ws/install/turtlebot3_fake_node/lib'
[2.566s] Level 1:colcon.colcon_core.environment:checking '/home/topi/Documents/AUT700_mech_robprog/exercise3/task2_ws/install/turtlebot3_fake_node/bin'
[2.566s] Level 1:colcon.colcon_core.environment:checking '/home/topi/Documents/AUT700_mech_robprog/exercise3/task2_ws/install/turtlebot3_fake_node/lib/pkgconfig/turtlebot3_fake_node.pc'
[2.566s] Level 1:colcon.colcon_core.environment:checking '/home/topi/Documents/AUT700_mech_robprog/exercise3/task2_ws/install/turtlebot3_fake_node/lib/python3.10/site-packages'
[2.566s] Level 1:colcon.colcon_core.environment:checking '/home/topi/Documents/AUT700_mech_robprog/exercise3/task2_ws/install/turtlebot3_fake_node/bin'
[2.591s] INFO:colcon.colcon_core.shell:Creating package script '/home/topi/Documents/AUT700_mech_robprog/exercise3/task2_ws/install/turtlebot3_fake_node/share/turtlebot3_fake_node/package.ps1'
[2.593s] INFO:colcon.colcon_core.shell:Creating package descriptor '/home/topi/Documents/AUT700_mech_robprog/exercise3/task2_ws/install/turtlebot3_fake_node/share/turtlebot3_fake_node/package.dsv'
[2.593s] INFO:colcon.colcon_core.shell:Creating package script '/home/topi/Documents/AUT700_mech_robprog/exercise3/task2_ws/install/turtlebot3_fake_node/share/turtlebot3_fake_node/package.sh'
[2.594s] INFO:colcon.colcon_core.shell:Creating package script '/home/topi/Documents/AUT700_mech_robprog/exercise3/task2_ws/install/turtlebot3_fake_node/share/turtlebot3_fake_node/package.bash'
[2.595s] INFO:colcon.colcon_core.shell:Creating package script '/home/topi/Documents/AUT700_mech_robprog/exercise3/task2_ws/install/turtlebot3_fake_node/share/turtlebot3_fake_node/package.zsh'
[2.596s] Level 1:colcon.colcon_core.environment:create_file_with_runtime_dependencies(/home/topi/Documents/AUT700_mech_robprog/exercise3/task2_ws/install/turtlebot3_fake_node/share/colcon-core/packages/turtlebot3_fake_node)
[2.609s] DEBUG:colcon.colcon_core.event_handler.log_command:Invoking command in '/home/topi/Documents/AUT700_mech_robprog/exercise3/task2_ws/build/turtlebot3_gazebo': CMAKE_PREFIX_PATH=/opt/ros/humble /usr/bin/cmake --install /home/topi/Documents/AUT700_mech_robprog/exercise3/task2_ws/build/turtlebot3_gazebo
[2.691s] Level 1:colcon.colcon_core.environment:create_environment_scripts_only(turtlebot3_fake_node)
[2.716s] Level 1:colcon.colcon_core.environment:checking '/home/topi/Documents/AUT700_mech_robprog/exercise3/task2_ws/install/turtlebot3_fake_node' for CMake module files
[2.717s] Level 1:colcon.colcon_core.environment:checking '/home/topi/Documents/AUT700_mech_robprog/exercise3/task2_ws/install/turtlebot3_fake_node' for CMake config files
[2.717s] Level 1:colcon.colcon_core.shell:create_environment_hook('turtlebot3_fake_node', 'cmake_prefix_path')
[2.741s] INFO:colcon.colcon_core.shell:Creating environment hook '/home/topi/Documents/AUT700_mech_robprog/exercise3/task2_ws/install/turtlebot3_fake_node/share/turtlebot3_fake_node/hook/cmake_prefix_path.ps1'
[2.741s] INFO:colcon.colcon_core.shell:Creating environment descriptor '/home/topi/Documents/AUT700_mech_robprog/exercise3/task2_ws/install/turtlebot3_fake_node/share/turtlebot3_fake_node/hook/cmake_prefix_path.dsv'
[2.742s] INFO:colcon.colcon_core.shell:Creating environment hook '/home/topi/Documents/AUT700_mech_robprog/exercise3/task2_ws/install/turtlebot3_fake_node/share/turtlebot3_fake_node/hook/cmake_prefix_path.sh'
[2.742s] Level 1:colcon.colcon_core.environment:checking '/home/topi/Documents/AUT700_mech_robprog/exercise3/task2_ws/install/turtlebot3_fake_node/lib'
[2.743s] Level 1:colcon.colcon_core.environment:checking '/home/topi/Documents/AUT700_mech_robprog/exercise3/task2_ws/install/turtlebot3_fake_node/bin'
[2.743s] Level 1:colcon.colcon_core.environment:checking '/home/topi/Documents/AUT700_mech_robprog/exercise3/task2_ws/install/turtlebot3_fake_node/lib/pkgconfig/turtlebot3_fake_node.pc'
[2.743s] Level 1:colcon.colcon_core.environment:checking '/home/topi/Documents/AUT700_mech_robprog/exercise3/task2_ws/install/turtlebot3_fake_node/lib/python3.10/site-packages'
[2.743s] Level 1:colcon.colcon_core.environment:checking '/home/topi/Documents/AUT700_mech_robprog/exercise3/task2_ws/install/turtlebot3_fake_node/bin'
[2.772s] INFO:colcon.colcon_core.shell:Creating package script '/home/topi/Documents/AUT700_mech_robprog/exercise3/task2_ws/install/turtlebot3_fake_node/share/turtlebot3_fake_node/package.ps1'
[2.772s] INFO:colcon.colcon_core.shell:Creating package descriptor '/home/topi/Documents/AUT700_mech_robprog/exercise3/task2_ws/install/turtlebot3_fake_node/share/turtlebot3_fake_node/package.dsv'
[2.773s] INFO:colcon.colcon_core.shell:Creating package script '/home/topi/Documents/AUT700_mech_robprog/exercise3/task2_ws/install/turtlebot3_fake_node/share/turtlebot3_fake_node/package.sh'
[2.773s] INFO:colcon.colcon_core.shell:Creating package script '/home/topi/Documents/AUT700_mech_robprog/exercise3/task2_ws/install/turtlebot3_fake_node/share/turtlebot3_fake_node/package.bash'
[2.774s] INFO:colcon.colcon_core.shell:Creating package script '/home/topi/Documents/AUT700_mech_robprog/exercise3/task2_ws/install/turtlebot3_fake_node/share/turtlebot3_fake_node/package.zsh'
[2.775s] Level 1:colcon.colcon_core.environment:create_file_with_runtime_dependencies(/home/topi/Documents/AUT700_mech_robprog/exercise3/task2_ws/install/turtlebot3_fake_node/share/colcon-core/packages/turtlebot3_fake_node)
[2.776s] Level 1:colcon.colcon_core.environment:create_environment_scripts_only(turtlebot3_gazebo)
[2.777s] DEBUG:colcon.colcon_core.event_handler.log_command:Invoked command in '/home/topi/Documents/AUT700_mech_robprog/exercise3/task2_ws/build/turtlebot3_gazebo' returned '0': CMAKE_PREFIX_PATH=/opt/ros/humble /usr/bin/cmake --install /home/topi/Documents/AUT700_mech_robprog/exercise3/task2_ws/build/turtlebot3_gazebo
[2.802s] Level 1:colcon.colcon_core.environment:checking '/home/topi/Documents/AUT700_mech_robprog/exercise3/task2_ws/install/turtlebot3_gazebo' for CMake module files
[2.803s] Level 1:colcon.colcon_core.environment:checking '/home/topi/Documents/AUT700_mech_robprog/exercise3/task2_ws/install/turtlebot3_gazebo' for CMake config files
[2.805s] Level 1:colcon.colcon_core.shell:create_environment_hook('turtlebot3_gazebo', 'cmake_prefix_path')
[2.833s] INFO:colcon.colcon_core.shell:Creating environment hook '/home/topi/Documents/AUT700_mech_robprog/exercise3/task2_ws/install/turtlebot3_gazebo/share/turtlebot3_gazebo/hook/cmake_prefix_path.ps1'
[2.834s] INFO:colcon.colcon_core.shell:Creating environment descriptor '/home/topi/Documents/AUT700_mech_robprog/exercise3/task2_ws/install/turtlebot3_gazebo/share/turtlebot3_gazebo/hook/cmake_prefix_path.dsv'
[2.835s] INFO:colcon.colcon_core.shell:Creating environment hook '/home/topi/Documents/AUT700_mech_robprog/exercise3/task2_ws/install/turtlebot3_gazebo/share/turtlebot3_gazebo/hook/cmake_prefix_path.sh'
[2.835s] Level 1:colcon.colcon_core.environment:checking '/home/topi/Documents/AUT700_mech_robprog/exercise3/task2_ws/install/turtlebot3_gazebo/lib'
[2.836s] Level 1:colcon.colcon_core.environment:checking '/home/topi/Documents/AUT700_mech_robprog/exercise3/task2_ws/install/turtlebot3_gazebo/bin'
[2.836s] Level 1:colcon.colcon_core.environment:checking '/home/topi/Documents/AUT700_mech_robprog/exercise3/task2_ws/install/turtlebot3_gazebo/lib/pkgconfig/turtlebot3_gazebo.pc'
[2.836s] Level 1:colcon.colcon_core.environment:checking '/home/topi/Documents/AUT700_mech_robprog/exercise3/task2_ws/install/turtlebot3_gazebo/lib/python3.10/site-packages'
[2.836s] Level 1:colcon.colcon_core.environment:checking '/home/topi/Documents/AUT700_mech_robprog/exercise3/task2_ws/install/turtlebot3_gazebo/bin'
[2.865s] INFO:colcon.colcon_core.shell:Creating package script '/home/topi/Documents/AUT700_mech_robprog/exercise3/task2_ws/install/turtlebot3_gazebo/share/turtlebot3_gazebo/package.ps1'
[2.865s] INFO:colcon.colcon_core.shell:Creating package descriptor '/home/topi/Documents/AUT700_mech_robprog/exercise3/task2_ws/install/turtlebot3_gazebo/share/turtlebot3_gazebo/package.dsv'
[2.866s] INFO:colcon.colcon_core.shell:Creating package script '/home/topi/Documents/AUT700_mech_robprog/exercise3/task2_ws/install/turtlebot3_gazebo/share/turtlebot3_gazebo/package.sh'
[2.866s] INFO:colcon.colcon_core.shell:Creating package script '/home/topi/Documents/AUT700_mech_robprog/exercise3/task2_ws/install/turtlebot3_gazebo/share/turtlebot3_gazebo/package.bash'
[2.867s] INFO:colcon.colcon_core.shell:Creating package script '/home/topi/Documents/AUT700_mech_robprog/exercise3/task2_ws/install/turtlebot3_gazebo/share/turtlebot3_gazebo/package.zsh'
[2.867s] Level 1:colcon.colcon_core.environment:create_file_with_runtime_dependencies(/home/topi/Documents/AUT700_mech_robprog/exercise3/task2_ws/install/turtlebot3_gazebo/share/colcon-core/packages/turtlebot3_gazebo)
[2.944s] Level 1:colcon.colcon_core.environment:create_environment_scripts_only(turtlebot3_gazebo)
[2.962s] Level 1:colcon.colcon_core.environment:checking '/home/topi/Documents/AUT700_mech_robprog/exercise3/task2_ws/install/turtlebot3_gazebo' for CMake module files
[2.963s] Level 1:colcon.colcon_core.environment:checking '/home/topi/Documents/AUT700_mech_robprog/exercise3/task2_ws/install/turtlebot3_gazebo' for CMake config files
[2.965s] Level 1:colcon.colcon_core.shell:create_environment_hook('turtlebot3_gazebo', 'cmake_prefix_path')
[2.989s] INFO:colcon.colcon_core.shell:Creating environment hook '/home/topi/Documents/AUT700_mech_robprog/exercise3/task2_ws/install/turtlebot3_gazebo/share/turtlebot3_gazebo/hook/cmake_prefix_path.ps1'
[2.990s] INFO:colcon.colcon_core.shell:Creating environment descriptor '/home/topi/Documents/AUT700_mech_robprog/exercise3/task2_ws/install/turtlebot3_gazebo/share/turtlebot3_gazebo/hook/cmake_prefix_path.dsv'
[2.990s] INFO:colcon.colcon_core.shell:Creating environment hook '/home/topi/Documents/AUT700_mech_robprog/exercise3/task2_ws/install/turtlebot3_gazebo/share/turtlebot3_gazebo/hook/cmake_prefix_path.sh'
[2.991s] Level 1:colcon.colcon_core.environment:checking '/home/topi/Documents/AUT700_mech_robprog/exercise3/task2_ws/install/turtlebot3_gazebo/lib'
[2.991s] Level 1:colcon.colcon_core.environment:checking '/home/topi/Documents/AUT700_mech_robprog/exercise3/task2_ws/install/turtlebot3_gazebo/bin'
[2.992s] Level 1:colcon.colcon_core.environment:checking '/home/topi/Documents/AUT700_mech_robprog/exercise3/task2_ws/install/turtlebot3_gazebo/lib/pkgconfig/turtlebot3_gazebo.pc'
[2.992s] Level 1:colcon.colcon_core.environment:checking '/home/topi/Documents/AUT700_mech_robprog/exercise3/task2_ws/install/turtlebot3_gazebo/lib/python3.10/site-packages'
[2.992s] Level 1:colcon.colcon_core.environment:checking '/home/topi/Documents/AUT700_mech_robprog/exercise3/task2_ws/install/turtlebot3_gazebo/bin'
[3.024s] INFO:colcon.colcon_core.shell:Creating package script '/home/topi/Documents/AUT700_mech_robprog/exercise3/task2_ws/install/turtlebot3_gazebo/share/turtlebot3_gazebo/package.ps1'
[3.025s] INFO:colcon.colcon_core.shell:Creating package descriptor '/home/topi/Documents/AUT700_mech_robprog/exercise3/task2_ws/install/turtlebot3_gazebo/share/turtlebot3_gazebo/package.dsv'
[3.026s] INFO:colcon.colcon_core.shell:Creating package script '/home/topi/Documents/AUT700_mech_robprog/exercise3/task2_ws/install/turtlebot3_gazebo/share/turtlebot3_gazebo/package.sh'
[3.026s] INFO:colcon.colcon_core.shell:Creating package script '/home/topi/Documents/AUT700_mech_robprog/exercise3/task2_ws/install/turtlebot3_gazebo/share/turtlebot3_gazebo/package.bash'
[3.027s] INFO:colcon.colcon_core.shell:Creating package script '/home/topi/Documents/AUT700_mech_robprog/exercise3/task2_ws/install/turtlebot3_gazebo/share/turtlebot3_gazebo/package.zsh'
[3.028s] Level 1:colcon.colcon_core.environment:create_file_with_runtime_dependencies(/home/topi/Documents/AUT700_mech_robprog/exercise3/task2_ws/install/turtlebot3_gazebo/share/colcon-core/packages/turtlebot3_gazebo)
[3.028s] INFO:colcon.colcon_ros.task.ament_cmake.build:Building ROS package in '/home/topi/Documents/AUT700_mech_robprog/exercise3/task2_ws/src/turtlebot3_simulations/turtlebot3_simulations' with build type 'ament_cmake'
[3.028s] INFO:colcon.colcon_cmake.task.cmake.build:Building CMake package in '/home/topi/Documents/AUT700_mech_robprog/exercise3/task2_ws/src/turtlebot3_simulations/turtlebot3_simulations'
[3.052s] INFO:colcon.colcon_core.shell:Skip shell extension 'powershell' for command environment: Not usable outside of PowerShell
[3.052s] DEBUG:colcon.colcon_core.shell:Skip shell extension 'dsv' for command environment
[3.128s] DEBUG:colcon.colcon_core.event_handler.log_command:Invoking command in '/home/topi/Documents/AUT700_mech_robprog/exercise3/task2_ws/build/turtlebot3_simulations': AMENT_PREFIX_PATH=/home/topi/Documents/AUT700_mech_robprog/exercise3/task2_ws/install/turtlebot3_gazebo:/home/topi/Documents/AUT700_mech_robprog/exercise3/task2_ws/install/turtlebot3_fake_node:${AMENT_PREFIX_PATH} CMAKE_PREFIX_PATH=/home/topi/Documents/AUT700_mech_robprog/exercise3/task2_ws/install/turtlebot3_gazebo:/home/topi/Documents/AUT700_mech_robprog/exercise3/task2_ws/install/turtlebot3_fake_node:/opt/ros/humble /usr/bin/cmake --build /home/topi/Documents/AUT700_mech_robprog/exercise3/task2_ws/build/turtlebot3_simulations -- -j4 -l4
[3.189s] DEBUG:colcon.colcon_core.event_handler.log_command:Invoked command in '/home/topi/Documents/AUT700_mech_robprog/exercise3/task2_ws/build/turtlebot3_simulations' returned '0': AMENT_PREFIX_PATH=/home/topi/Documents/AUT700_mech_robprog/exercise3/task2_ws/install/turtlebot3_gazebo:/home/topi/Documents/AUT700_mech_robprog/exercise3/task2_ws/install/turtlebot3_fake_node:${AMENT_PREFIX_PATH} CMAKE_PREFIX_PATH=/home/topi/Documents/AUT700_mech_robprog/exercise3/task2_ws/install/turtlebot3_gazebo:/home/topi/Documents/AUT700_mech_robprog/exercise3/task2_ws/install/turtlebot3_fake_node:/opt/ros/humble /usr/bin/cmake --build /home/topi/Documents/AUT700_mech_robprog/exercise3/task2_ws/build/turtlebot3_simulations -- -j4 -l4
[3.227s] DEBUG:colcon.colcon_core.event_handler.log_command:Invoking command in '/home/topi/Documents/AUT700_mech_robprog/exercise3/task2_ws/build/turtlebot3_simulations': AMENT_PREFIX_PATH=/home/topi/Documents/AUT700_mech_robprog/exercise3/task2_ws/install/turtlebot3_gazebo:/home/topi/Documents/AUT700_mech_robprog/exercise3/task2_ws/install/turtlebot3_fake_node:${AMENT_PREFIX_PATH} CMAKE_PREFIX_PATH=/home/topi/Documents/AUT700_mech_robprog/exercise3/task2_ws/install/turtlebot3_gazebo:/home/topi/Documents/AUT700_mech_robprog/exercise3/task2_ws/install/turtlebot3_fake_node:/opt/ros/humble /usr/bin/cmake --install /home/topi/Documents/AUT700_mech_robprog/exercise3/task2_ws/build/turtlebot3_simulations
[3.262s] Level 1:colcon.colcon_core.environment:create_environment_scripts_only(turtlebot3_simulations)
[3.263s] DEBUG:colcon.colcon_core.event_handler.log_command:Invoked command in '/home/topi/Documents/AUT700_mech_robprog/exercise3/task2_ws/build/turtlebot3_simulations' returned '0': AMENT_PREFIX_PATH=/home/topi/Documents/AUT700_mech_robprog/exercise3/task2_ws/install/turtlebot3_gazebo:/home/topi/Documents/AUT700_mech_robprog/exercise3/task2_ws/install/turtlebot3_fake_node:${AMENT_PREFIX_PATH} CMAKE_PREFIX_PATH=/home/topi/Documents/AUT700_mech_robprog/exercise3/task2_ws/install/turtlebot3_gazebo:/home/topi/Documents/AUT700_mech_robprog/exercise3/task2_ws/install/turtlebot3_fake_node:/opt/ros/humble /usr/bin/cmake --install /home/topi/Documents/AUT700_mech_robprog/exercise3/task2_ws/build/turtlebot3_simulations
[3.284s] Level 1:colcon.colcon_core.environment:checking '/home/topi/Documents/AUT700_mech_robprog/exercise3/task2_ws/install/turtlebot3_simulations' for CMake module files
[3.285s] Level 1:colcon.colcon_core.environment:checking '/home/topi/Documents/AUT700_mech_robprog/exercise3/task2_ws/install/turtlebot3_simulations' for CMake config files
[3.285s] Level 1:colcon.colcon_core.shell:create_environment_hook('turtlebot3_simulations', 'cmake_prefix_path')
[3.311s] INFO:colcon.colcon_core.shell:Creating environment hook '/home/topi/Documents/AUT700_mech_robprog/exercise3/task2_ws/install/turtlebot3_simulations/share/turtlebot3_simulations/hook/cmake_prefix_path.ps1'
[3.312s] INFO:colcon.colcon_core.shell:Creating environment descriptor '/home/topi/Documents/AUT700_mech_robprog/exercise3/task2_ws/install/turtlebot3_simulations/share/turtlebot3_simulations/hook/cmake_prefix_path.dsv'
[3.312s] INFO:colcon.colcon_core.shell:Creating environment hook '/home/topi/Documents/AUT700_mech_robprog/exercise3/task2_ws/install/turtlebot3_simulations/share/turtlebot3_simulations/hook/cmake_prefix_path.sh'
[3.313s] Level 1:colcon.colcon_core.environment:checking '/home/topi/Documents/AUT700_mech_robprog/exercise3/task2_ws/install/turtlebot3_simulations/bin'
[3.313s] Level 1:colcon.colcon_core.environment:checking '/home/topi/Documents/AUT700_mech_robprog/exercise3/task2_ws/install/turtlebot3_simulations/lib/pkgconfig/turtlebot3_simulations.pc'
[3.314s] Level 1:colcon.colcon_core.environment:checking '/home/topi/Documents/AUT700_mech_robprog/exercise3/task2_ws/install/turtlebot3_simulations/lib/python3.10/site-packages'
[3.314s] Level 1:colcon.colcon_core.environment:checking '/home/topi/Documents/AUT700_mech_robprog/exercise3/task2_ws/install/turtlebot3_simulations/bin'
[3.342s] INFO:colcon.colcon_core.shell:Creating package script '/home/topi/Documents/AUT700_mech_robprog/exercise3/task2_ws/install/turtlebot3_simulations/share/turtlebot3_simulations/package.ps1'
[3.343s] INFO:colcon.colcon_core.shell:Creating package descriptor '/home/topi/Documents/AUT700_mech_robprog/exercise3/task2_ws/install/turtlebot3_simulations/share/turtlebot3_simulations/package.dsv'
[3.344s] INFO:colcon.colcon_core.shell:Creating package script '/home/topi/Documents/AUT700_mech_robprog/exercise3/task2_ws/install/turtlebot3_simulations/share/turtlebot3_simulations/package.sh'
[3.344s] INFO:colcon.colcon_core.shell:Creating package script '/home/topi/Documents/AUT700_mech_robprog/exercise3/task2_ws/install/turtlebot3_simulations/share/turtlebot3_simulations/package.bash'
[3.345s] INFO:colcon.colcon_core.shell:Creating package script '/home/topi/Documents/AUT700_mech_robprog/exercise3/task2_ws/install/turtlebot3_simulations/share/turtlebot3_simulations/package.zsh'
[3.345s] Level 1:colcon.colcon_core.environment:create_file_with_runtime_dependencies(/home/topi/Documents/AUT700_mech_robprog/exercise3/task2_ws/install/turtlebot3_simulations/share/colcon-core/packages/turtlebot3_simulations)
[3.389s] Level 1:colcon.colcon_core.environment:create_environment_scripts_only(turtlebot3_simulations)
[3.408s] Level 1:colcon.colcon_core.environment:checking '/home/topi/Documents/AUT700_mech_robprog/exercise3/task2_ws/install/turtlebot3_simulations' for CMake module files
[3.408s] Level 1:colcon.colcon_core.environment:checking '/home/topi/Documents/AUT700_mech_robprog/exercise3/task2_ws/install/turtlebot3_simulations' for CMake config files
[3.409s] Level 1:colcon.colcon_core.shell:create_environment_hook('turtlebot3_simulations', 'cmake_prefix_path')
[3.438s] INFO:colcon.colcon_core.shell:Creating environment hook '/home/topi/Documents/AUT700_mech_robprog/exercise3/task2_ws/install/turtlebot3_simulations/share/turtlebot3_simulations/hook/cmake_prefix_path.ps1'
[3.439s] INFO:colcon.colcon_core.shell:Creating environment descriptor '/home/topi/Documents/AUT700_mech_robprog/exercise3/task2_ws/install/turtlebot3_simulations/share/turtlebot3_simulations/hook/cmake_prefix_path.dsv'
[3.439s] INFO:colcon.colcon_core.shell:Creating environment hook '/home/topi/Documents/AUT700_mech_robprog/exercise3/task2_ws/install/turtlebot3_simulations/share/turtlebot3_simulations/hook/cmake_prefix_path.sh'
[3.440s] Level 1:colcon.colcon_core.environment:checking '/home/topi/Documents/AUT700_mech_robprog/exercise3/task2_ws/install/turtlebot3_simulations/bin'
[3.440s] Level 1:colcon.colcon_core.environment:checking '/home/topi/Documents/AUT700_mech_robprog/exercise3/task2_ws/install/turtlebot3_simulations/lib/pkgconfig/turtlebot3_simulations.pc'
[3.440s] Level 1:colcon.colcon_core.environment:checking '/home/topi/Documents/AUT700_mech_robprog/exercise3/task2_ws/install/turtlebot3_simulations/lib/python3.10/site-packages'
[3.441s] Level 1:colcon.colcon_core.environment:checking '/home/topi/Documents/AUT700_mech_robprog/exercise3/task2_ws/install/turtlebot3_simulations/bin'
[3.465s] INFO:colcon.colcon_core.shell:Creating package script '/home/topi/Documents/AUT700_mech_robprog/exercise3/task2_ws/install/turtlebot3_simulations/share/turtlebot3_simulations/package.ps1'
[3.466s] INFO:colcon.colcon_core.shell:Creating package descriptor '/home/topi/Documents/AUT700_mech_robprog/exercise3/task2_ws/install/turtlebot3_simulations/share/turtlebot3_simulations/package.dsv'
[3.467s] INFO:colcon.colcon_core.shell:Creating package script '/home/topi/Documents/AUT700_mech_robprog/exercise3/task2_ws/install/turtlebot3_simulations/share/turtlebot3_simulations/package.sh'
[3.468s] INFO:colcon.colcon_core.shell:Creating package script '/home/topi/Documents/AUT700_mech_robprog/exercise3/task2_ws/install/turtlebot3_simulations/share/turtlebot3_simulations/package.bash'
[3.468s] INFO:colcon.colcon_core.shell:Creating package script '/home/topi/Documents/AUT700_mech_robprog/exercise3/task2_ws/install/turtlebot3_simulations/share/turtlebot3_simulations/package.zsh'
[3.469s] Level 1:colcon.colcon_core.environment:create_file_with_runtime_dependencies(/home/topi/Documents/AUT700_mech_robprog/exercise3/task2_ws/install/turtlebot3_simulations/share/colcon-core/packages/turtlebot3_simulations)
[3.469s] DEBUG:colcon.colcon_parallel_executor.executor.parallel:closing loop
[3.470s] DEBUG:colcon.colcon_parallel_executor.executor.parallel:loop closed
[3.470s] DEBUG:colcon.colcon_parallel_executor.executor.parallel:run_until_complete finished with '0'
[3.470s] DEBUG:colcon.colcon_core.event_reactor:joining thread
[3.510s] INFO:colcon.colcon_core.plugin_system:Skipping extension 'colcon_notification.desktop_notification.terminal_notifier': Not used on non-Darwin systems
[3.510s] INFO:colcon.colcon_core.plugin_system:Skipping extension 'colcon_notification.desktop_notification.win32': Not used on non-Windows systems
[3.510s] INFO:colcon.colcon_notification.desktop_notification:Sending desktop notification using 'notify2'
[3.526s] DEBUG:colcon.colcon_core.event_reactor:joined thread
[3.556s] INFO:colcon.colcon_core.shell:Creating prefix script '/home/topi/Documents/AUT700_mech_robprog/exercise3/task2_ws/install/local_setup.ps1'
[3.558s] INFO:colcon.colcon_core.shell:Creating prefix util module '/home/topi/Documents/AUT700_mech_robprog/exercise3/task2_ws/install/_local_setup_util_ps1.py'
[3.560s] INFO:colcon.colcon_core.shell:Creating prefix chain script '/home/topi/Documents/AUT700_mech_robprog/exercise3/task2_ws/install/setup.ps1'
[3.587s] INFO:colcon.colcon_core.shell:Creating prefix script '/home/topi/Documents/AUT700_mech_robprog/exercise3/task2_ws/install/local_setup.sh'
[3.588s] INFO:colcon.colcon_core.shell:Creating prefix util module '/home/topi/Documents/AUT700_mech_robprog/exercise3/task2_ws/install/_local_setup_util_sh.py'
[3.588s] INFO:colcon.colcon_core.shell:Creating prefix chain script '/home/topi/Documents/AUT700_mech_robprog/exercise3/task2_ws/install/setup.sh'
[3.619s] INFO:colcon.colcon_core.shell:Creating prefix script '/home/topi/Documents/AUT700_mech_robprog/exercise3/task2_ws/install/local_setup.bash'
[3.619s] INFO:colcon.colcon_core.shell:Creating prefix chain script '/home/topi/Documents/AUT700_mech_robprog/exercise3/task2_ws/install/setup.bash'
[3.641s] INFO:colcon.colcon_core.shell:Creating prefix script '/home/topi/Documents/AUT700_mech_robprog/exercise3/task2_ws/install/local_setup.zsh'
[3.642s] INFO:colcon.colcon_core.shell:Creating prefix chain script '/home/topi/Documents/AUT700_mech_robprog/exercise3/task2_ws/install/setup.zsh'
