[0.085s] Invoking command in '/home/topi/Documents/AUT700_mech_robprog/exercise3/task2_ws/build/turtlebot3_simulations': CMAKE_PREFIX_PATH=/home/topi/Documents/AUT700_mech_robprog/exercise3/task2_ws/install/turtlebot3_gazebo:/home/topi/Documents/AUT700_mech_robprog/exercise3/task2_ws/install/turtlebot3_fake_node:/home/topi/Documents/AUT700_mech_robprog/exercise3/task2_ws/install/turtlebot3_simulations:/opt/ros/humble /usr/bin/cmake /home/topi/Documents/AUT700_mech_robprog/exercise3/task2_ws/src/turtlebot3_simulations/turtlebot3_simulations -DCMAKE_INSTALL_PREFIX=/home/topi/Documents/AUT700_mech_robprog/exercise3/task2_ws/install/turtlebot3_simulations
[0.100s] -- Found ament_cmake: 1.3.5 (/opt/ros/humble/share/ament_cmake/cmake)
[0.255s] -- Override CMake install command with custom implementation using symlinks instead of copying resources
[0.341s] -- Configuring done
[0.346s] -- Generating done
[0.347s] -- Build files have been written to: /home/topi/Documents/AUT700_mech_robprog/exercise3/task2_ws/build/turtlebot3_simulations
[0.350s] Invoked command in '/home/topi/Documents/AUT700_mech_robprog/exercise3/task2_ws/build/turtlebot3_simulations' returned '0': CMAKE_PREFIX_PATH=/home/topi/Documents/AUT700_mech_robprog/exercise3/task2_ws/install/turtlebot3_gazebo:/home/topi/Documents/AUT700_mech_robprog/exercise3/task2_ws/install/turtlebot3_fake_node:/home/topi/Documents/AUT700_mech_robprog/exercise3/task2_ws/install/turtlebot3_simulations:/opt/ros/humble /usr/bin/cmake /home/topi/Documents/AUT700_mech_robprog/exercise3/task2_ws/src/turtlebot3_simulations/turtlebot3_simulations -DCMAKE_INSTALL_PREFIX=/home/topi/Documents/AUT700_mech_robprog/exercise3/task2_ws/install/turtlebot3_simulations
[0.352s] Invoking command in '/home/topi/Documents/AUT700_mech_robprog/exercise3/task2_ws/build/turtlebot3_simulations': CMAKE_PREFIX_PATH=/home/topi/Documents/AUT700_mech_robprog/exercise3/task2_ws/install/turtlebot3_gazebo:/home/topi/Documents/AUT700_mech_robprog/exercise3/task2_ws/install/turtlebot3_fake_node:/home/topi/Documents/AUT700_mech_robprog/exercise3/task2_ws/install/turtlebot3_simulations:/opt/ros/humble /usr/bin/cmake --build /home/topi/Documents/AUT700_mech_robprog/exercise3/task2_ws/build/turtlebot3_simulations -- -j4 -l4
[0.396s] Invoked command in '/home/topi/Documents/AUT700_mech_robprog/exercise3/task2_ws/build/turtlebot3_simulations' returned '0': CMAKE_PREFIX_PATH=/home/topi/Documents/AUT700_mech_robprog/exercise3/task2_ws/install/turtlebot3_gazebo:/home/topi/Documents/AUT700_mech_robprog/exercise3/task2_ws/install/turtlebot3_fake_node:/home/topi/Documents/AUT700_mech_robprog/exercise3/task2_ws/install/turtlebot3_simulations:/opt/ros/humble /usr/bin/cmake --build /home/topi/Documents/AUT700_mech_robprog/exercise3/task2_ws/build/turtlebot3_simulations -- -j4 -l4
[0.423s] Invoking command in '/home/topi/Documents/AUT700_mech_robprog/exercise3/task2_ws/build/turtlebot3_simulations': CMAKE_PREFIX_PATH=/home/topi/Documents/AUT700_mech_robprog/exercise3/task2_ws/install/turtlebot3_gazebo:/home/topi/Documents/AUT700_mech_robprog/exercise3/task2_ws/install/turtlebot3_fake_node:/home/topi/Documents/AUT700_mech_robprog/exercise3/task2_ws/install/turtlebot3_simulations:/opt/ros/humble /usr/bin/cmake --install /home/topi/Documents/AUT700_mech_robprog/exercise3/task2_ws/build/turtlebot3_simulations
[0.431s] -- Install configuration: ""
[0.432s] -- Execute custom install script
[0.432s] -- Up-to-date symlink: /home/topi/Documents/AUT700_mech_robprog/exercise3/task2_ws/install/turtlebot3_simulations/share/ament_index/resource_index/package_run_dependencies/turtlebot3_simulations
[0.433s] -- Up-to-date symlink: /home/topi/Documents/AUT700_mech_robprog/exercise3/task2_ws/install/turtlebot3_simulations/share/ament_index/resource_index/parent_prefix_path/turtlebot3_simulations
[0.433s] -- Up-to-date symlink: /home/topi/Documents/AUT700_mech_robprog/exercise3/task2_ws/install/turtlebot3_simulations/share/turtlebot3_simulations/environment/ament_prefix_path.sh
[0.434s] -- Up-to-date symlink: /home/topi/Documents/AUT700_mech_robprog/exercise3/task2_ws/install/turtlebot3_simulations/share/turtlebot3_simulations/environment/ament_prefix_path.dsv
[0.434s] -- Up-to-date symlink: /home/topi/Documents/AUT700_mech_robprog/exercise3/task2_ws/install/turtlebot3_simulations/share/turtlebot3_simulations/environment/path.sh
[0.434s] -- Up-to-date symlink: /home/topi/Documents/AUT700_mech_robprog/exercise3/task2_ws/install/turtlebot3_simulations/share/turtlebot3_simulations/environment/path.dsv
[0.435s] -- Up-to-date symlink: /home/topi/Documents/AUT700_mech_robprog/exercise3/task2_ws/install/turtlebot3_simulations/share/turtlebot3_simulations/local_setup.bash
[0.436s] -- Up-to-date symlink: /home/topi/Documents/AUT700_mech_robprog/exercise3/task2_ws/install/turtlebot3_simulations/share/turtlebot3_simulations/local_setup.sh
[0.436s] -- Up-to-date symlink: /home/topi/Documents/AUT700_mech_robprog/exercise3/task2_ws/install/turtlebot3_simulations/share/turtlebot3_simulations/local_setup.zsh
[0.436s] -- Up-to-date symlink: /home/topi/Documents/AUT700_mech_robprog/exercise3/task2_ws/install/turtlebot3_simulations/share/turtlebot3_simulations/local_setup.dsv
[0.437s] -- Symlinking: /home/topi/Documents/AUT700_mech_robprog/exercise3/task2_ws/install/turtlebot3_simulations/share/turtlebot3_simulations/package.dsv
[0.447s] -- Up-to-date symlink: /home/topi/Documents/AUT700_mech_robprog/exercise3/task2_ws/install/turtlebot3_simulations/share/ament_index/resource_index/packages/turtlebot3_simulations
[0.448s] -- Up-to-date symlink: /home/topi/Documents/AUT700_mech_robprog/exercise3/task2_ws/install/turtlebot3_simulations/share/turtlebot3_simulations/cmake/turtlebot3_simulationsConfig.cmake
[0.448s] -- Up-to-date symlink: /home/topi/Documents/AUT700_mech_robprog/exercise3/task2_ws/install/turtlebot3_simulations/share/turtlebot3_simulations/cmake/turtlebot3_simulationsConfig-version.cmake
[0.449s] -- Up-to-date symlink: /home/topi/Documents/AUT700_mech_robprog/exercise3/task2_ws/install/turtlebot3_simulations/share/turtlebot3_simulations/package.xml
[0.451s] Invoked command in '/home/topi/Documents/AUT700_mech_robprog/exercise3/task2_ws/build/turtlebot3_simulations' returned '0': CMAKE_PREFIX_PATH=/home/topi/Documents/AUT700_mech_robprog/exercise3/task2_ws/install/turtlebot3_gazebo:/home/topi/Documents/AUT700_mech_robprog/exercise3/task2_ws/install/turtlebot3_fake_node:/home/topi/Documents/AUT700_mech_robprog/exercise3/task2_ws/install/turtlebot3_simulations:/opt/ros/humble /usr/bin/cmake --install /home/topi/Documents/AUT700_mech_robprog/exercise3/task2_ws/build/turtlebot3_simulations
