[1.299s] DEBUG:colcon:Command line arguments: ['/usr/bin/colcon', 'build', '--symlink-install']
[1.299s] DEBUG:colcon:Parsed command line arguments: Namespace(log_base=None, log_level=None, verb_name='build', build_base='build', install_base='install', merge_install=False, symlink_install=True, test_result_base=None, continue_on_error=False, executor='parallel', parallel_workers=4, event_handlers=None, ignore_user_meta=False, metas=['./colcon.meta'], base_paths=['.'], packages_ignore=None, packages_ignore_regex=None, paths=None, packages_up_to=None, packages_up_to_regex=None, packages_above=None, packages_above_and_dependencies=None, packages_above_depth=None, packages_select_by_dep=None, packages_skip_by_dep=None, packages_skip_up_to=None, packages_select_build_failed=False, packages_skip_build_finished=False, packages_select_test_failures=False, packages_skip_test_passed=False, packages_select=None, packages_skip=None, packages_select_regex=None, packages_skip_regex=None, packages_start=None, packages_end=None, allow_overriding=[], cmake_args=None, cmake_target=None, cmake_target_skip_unavailable=False, cmake_clean_cache=False, cmake_clean_first=False, cmake_force_configure=False, ament_cmake_args=None, catkin_cmake_args=None, catkin_skip_building_tests=False, verb_parser=<colcon_defaults.argument_parser.defaults.DefaultArgumentsDecorator object at 0x7f0186e2fa00>, verb_extension=<colcon_core.verb.build.BuildVerb object at 0x7f0187cbe080>, main=<bound method BuildVerb.main of <colcon_core.verb.build.BuildVerb object at 0x7f0187cbe080>>)
[1.380s] Level 1:colcon.colcon_core.package_discovery:discover_packages(colcon_meta) check parameters
[1.381s] Level 1:colcon.colcon_core.package_discovery:discover_packages(recursive) check parameters
[1.381s] Level 1:colcon.colcon_core.package_discovery:discover_packages(ignore) check parameters
[1.381s] Level 1:colcon.colcon_core.package_discovery:discover_packages(path) check parameters
[1.381s] Level 1:colcon.colcon_core.package_discovery:discover_packages(colcon_meta) discover
[1.381s] Level 1:colcon.colcon_core.package_discovery:discover_packages(recursive) discover
[1.381s] INFO:colcon.colcon_core.package_discovery:Crawling recursively for packages in '/home/topi/Documents/AUT700_mech_robprog/exercise3/task2_ws'
[1.381s] Level 1:colcon.colcon_core.package_identification:_identify(.) by extensions ['ignore', 'ignore_ament_install']
[1.381s] Level 1:colcon.colcon_core.package_identification:_identify(.) by extension 'ignore'
[1.381s] Level 1:colcon.colcon_core.package_identification:_identify(.) by extension 'ignore_ament_install'
[1.381s] Level 1:colcon.colcon_core.package_identification:_identify(.) by extensions ['colcon_pkg']
[1.381s] Level 1:colcon.colcon_core.package_identification:_identify(.) by extension 'colcon_pkg'
[1.381s] Level 1:colcon.colcon_core.package_identification:_identify(.) by extensions ['colcon_meta']
[1.381s] Level 1:colcon.colcon_core.package_identification:_identify(.) by extension 'colcon_meta'
[1.382s] Level 1:colcon.colcon_core.package_identification:_identify(.) by extensions ['ros']
[1.382s] Level 1:colcon.colcon_core.package_identification:_identify(.) by extension 'ros'
[1.394s] Level 1:colcon.colcon_core.package_identification:_identify(.) by extensions ['cmake', 'python']
[1.395s] Level 1:colcon.colcon_core.package_identification:_identify(.) by extension 'cmake'
[1.395s] Level 1:colcon.colcon_core.package_identification:_identify(.) by extension 'python'
[1.395s] Level 1:colcon.colcon_core.package_identification:_identify(.) by extensions ['python_setup_py']
[1.395s] Level 1:colcon.colcon_core.package_identification:_identify(.) by extension 'python_setup_py'
[1.395s] Level 1:colcon.colcon_core.package_identification:_identify(build) by extensions ['ignore', 'ignore_ament_install']
[1.395s] Level 1:colcon.colcon_core.package_identification:_identify(build) by extension 'ignore'
[1.395s] Level 1:colcon.colcon_core.package_identification:_identify(build) ignored
[1.395s] Level 1:colcon.colcon_core.package_identification:_identify(install) by extensions ['ignore', 'ignore_ament_install']
[1.395s] Level 1:colcon.colcon_core.package_identification:_identify(install) by extension 'ignore'
[1.395s] Level 1:colcon.colcon_core.package_identification:_identify(install) ignored
[1.396s] Level 1:colcon.colcon_core.package_identification:_identify(log) by extensions ['ignore', 'ignore_ament_install']
[1.396s] Level 1:colcon.colcon_core.package_identification:_identify(log) by extension 'ignore'
[1.396s] Level 1:colcon.colcon_core.package_identification:_identify(log) ignored
[1.396s] Level 1:colcon.colcon_core.package_identification:_identify(src) by extensions ['ignore', 'ignore_ament_install']
[1.396s] Level 1:colcon.colcon_core.package_identification:_identify(src) by extension 'ignore'
[1.396s] Level 1:colcon.colcon_core.package_identification:_identify(src) by extension 'ignore_ament_install'
[1.396s] Level 1:colcon.colcon_core.package_identification:_identify(src) by extensions ['colcon_pkg']
[1.396s] Level 1:colcon.colcon_core.package_identification:_identify(src) by extension 'colcon_pkg'
[1.396s] Level 1:colcon.colcon_core.package_identification:_identify(src) by extensions ['colcon_meta']
[1.396s] Level 1:colcon.colcon_core.package_identification:_identify(src) by extension 'colcon_meta'
[1.396s] Level 1:colcon.colcon_core.package_identification:_identify(src) by extensions ['ros']
[1.396s] Level 1:colcon.colcon_core.package_identification:_identify(src) by extension 'ros'
[1.396s] Level 1:colcon.colcon_core.package_identification:_identify(src) by extensions ['cmake', 'python']
[1.397s] Level 1:colcon.colcon_core.package_identification:_identify(src) by extension 'cmake'
[1.397s] Level 1:colcon.colcon_core.package_identification:_identify(src) by extension 'python'
[1.397s] Level 1:colcon.colcon_core.package_identification:_identify(src) by extensions ['python_setup_py']
[1.397s] Level 1:colcon.colcon_core.package_identification:_identify(src) by extension 'python_setup_py'
[1.397s] Level 1:colcon.colcon_core.package_identification:_identify(src/turtlebot3_simulations) by extensions ['ignore', 'ignore_ament_install']
[1.397s] Level 1:colcon.colcon_core.package_identification:_identify(src/turtlebot3_simulations) by extension 'ignore'
[1.397s] Level 1:colcon.colcon_core.package_identification:_identify(src/turtlebot3_simulations) by extension 'ignore_ament_install'
[1.397s] Level 1:colcon.colcon_core.package_identification:_identify(src/turtlebot3_simulations) by extensions ['colcon_pkg']
[1.397s] Level 1:colcon.colcon_core.package_identification:_identify(src/turtlebot3_simulations) by extension 'colcon_pkg'
[1.397s] Level 1:colcon.colcon_core.package_identification:_identify(src/turtlebot3_simulations) by extensions ['colcon_meta']
[1.397s] Level 1:colcon.colcon_core.package_identification:_identify(src/turtlebot3_simulations) by extension 'colcon_meta'
[1.397s] Level 1:colcon.colcon_core.package_identification:_identify(src/turtlebot3_simulations) by extensions ['ros']
[1.397s] Level 1:colcon.colcon_core.package_identification:_identify(src/turtlebot3_simulations) by extension 'ros'
[1.398s] Level 1:colcon.colcon_core.package_identification:_identify(src/turtlebot3_simulations) by extensions ['cmake', 'python']
[1.398s] Level 1:colcon.colcon_core.package_identification:_identify(src/turtlebot3_simulations) by extension 'cmake'
[1.398s] Level 1:colcon.colcon_core.package_identification:_identify(src/turtlebot3_simulations) by extension 'python'
[1.398s] Level 1:colcon.colcon_core.package_identification:_identify(src/turtlebot3_simulations) by extensions ['python_setup_py']
[1.398s] Level 1:colcon.colcon_core.package_identification:_identify(src/turtlebot3_simulations) by extension 'python_setup_py'
[1.398s] Level 1:colcon.colcon_core.package_identification:_identify(src/turtlebot3_simulations/turtlebot3_fake_node) by extensions ['ignore', 'ignore_ament_install']
[1.398s] Level 1:colcon.colcon_core.package_identification:_identify(src/turtlebot3_simulations/turtlebot3_fake_node) by extension 'ignore'
[1.398s] Level 1:colcon.colcon_core.package_identification:_identify(src/turtlebot3_simulations/turtlebot3_fake_node) by extension 'ignore_ament_install'
[1.398s] Level 1:colcon.colcon_core.package_identification:_identify(src/turtlebot3_simulations/turtlebot3_fake_node) by extensions ['colcon_pkg']
[1.398s] Level 1:colcon.colcon_core.package_identification:_identify(src/turtlebot3_simulations/turtlebot3_fake_node) by extension 'colcon_pkg'
[1.398s] Level 1:colcon.colcon_core.package_identification:_identify(src/turtlebot3_simulations/turtlebot3_fake_node) by extensions ['colcon_meta']
[1.398s] Level 1:colcon.colcon_core.package_identification:_identify(src/turtlebot3_simulations/turtlebot3_fake_node) by extension 'colcon_meta'
[1.398s] Level 1:colcon.colcon_core.package_identification:_identify(src/turtlebot3_simulations/turtlebot3_fake_node) by extensions ['ros']
[1.398s] Level 1:colcon.colcon_core.package_identification:_identify(src/turtlebot3_simulations/turtlebot3_fake_node) by extension 'ros'
[1.403s] DEBUG:colcon.colcon_core.package_identification:Package 'src/turtlebot3_simulations/turtlebot3_fake_node' with type 'ros.ament_cmake' and name 'turtlebot3_fake_node'
[1.403s] Level 1:colcon.colcon_core.package_identification:_identify(src/turtlebot3_simulations/turtlebot3_gazebo) by extensions ['ignore', 'ignore_ament_install']
[1.404s] Level 1:colcon.colcon_core.package_identification:_identify(src/turtlebot3_simulations/turtlebot3_gazebo) by extension 'ignore'
[1.404s] Level 1:colcon.colcon_core.package_identification:_identify(src/turtlebot3_simulations/turtlebot3_gazebo) by extension 'ignore_ament_install'
[1.404s] Level 1:colcon.colcon_core.package_identification:_identify(src/turtlebot3_simulations/turtlebot3_gazebo) by extensions ['colcon_pkg']
[1.404s] Level 1:colcon.colcon_core.package_identification:_identify(src/turtlebot3_simulations/turtlebot3_gazebo) by extension 'colcon_pkg'
[1.404s] Level 1:colcon.colcon_core.package_identification:_identify(src/turtlebot3_simulations/turtlebot3_gazebo) by extensions ['colcon_meta']
[1.404s] Level 1:colcon.colcon_core.package_identification:_identify(src/turtlebot3_simulations/turtlebot3_gazebo) by extension 'colcon_meta'
[1.404s] Level 1:colcon.colcon_core.package_identification:_identify(src/turtlebot3_simulations/turtlebot3_gazebo) by extensions ['ros']
[1.404s] Level 1:colcon.colcon_core.package_identification:_identify(src/turtlebot3_simulations/turtlebot3_gazebo) by extension 'ros'
[1.405s] DEBUG:colcon.colcon_core.package_identification:Package 'src/turtlebot3_simulations/turtlebot3_gazebo' with type 'ros.ament_cmake' and name 'turtlebot3_gazebo'
[1.406s] Level 1:colcon.colcon_core.package_identification:_identify(src/turtlebot3_simulations/turtlebot3_simulations) by extensions ['ignore', 'ignore_ament_install']
[1.406s] Level 1:colcon.colcon_core.package_identification:_identify(src/turtlebot3_simulations/turtlebot3_simulations) by extension 'ignore'
[1.406s] Level 1:colcon.colcon_core.package_identification:_identify(src/turtlebot3_simulations/turtlebot3_simulations) by extension 'ignore_ament_install'
[1.406s] Level 1:colcon.colcon_core.package_identification:_identify(src/turtlebot3_simulations/turtlebot3_simulations) by extensions ['colcon_pkg']
[1.406s] Level 1:colcon.colcon_core.package_identification:_identify(src/turtlebot3_simulations/turtlebot3_simulations) by extension 'colcon_pkg'
[1.406s] Level 1:colcon.colcon_core.package_identification:_identify(src/turtlebot3_simulations/turtlebot3_simulations) by extensions ['colcon_meta']
[1.406s] Level 1:colcon.colcon_core.package_identification:_identify(src/turtlebot3_simulations/turtlebot3_simulations) by extension 'colcon_meta'
[1.406s] Level 1:colcon.colcon_core.package_identification:_identify(src/turtlebot3_simulations/turtlebot3_simulations) by extensions ['ros']
[1.406s] Level 1:colcon.colcon_core.package_identification:_identify(src/turtlebot3_simulations/turtlebot3_simulations) by extension 'ros'
[1.407s] DEBUG:colcon.colcon_core.package_identification:Package 'src/turtlebot3_simulations/turtlebot3_simulations' with type 'ros.ament_cmake' and name 'turtlebot3_simulations'
[1.407s] Level 1:colcon.colcon_core.package_discovery:discover_packages(recursive) using defaults
[1.407s] Level 1:colcon.colcon_core.package_discovery:discover_packages(ignore) discover
[1.407s] Level 1:colcon.colcon_core.package_discovery:discover_packages(ignore) using defaults
[1.407s] Level 1:colcon.colcon_core.package_discovery:discover_packages(path) discover
[1.407s] Level 1:colcon.colcon_core.package_discovery:discover_packages(path) using defaults
[1.540s] Level 1:colcon.colcon_core.package_discovery:discover_packages(prefix_path) check parameters
[1.541s] Level 1:colcon.colcon_core.package_discovery:discover_packages(prefix_path) discover
[1.581s] DEBUG:colcon.colcon_installed_package_information.package_discovery:Found 2 installed packages in /home/topi/Documents/AUT700_mech_robprog/exercise2/Task5/task5_ws/install
[1.601s] DEBUG:colcon.colcon_installed_package_information.package_discovery:Found 400 installed packages in /opt/ros/humble
[1.603s] Level 1:colcon.colcon_core.package_discovery:discover_packages(prefix_path) using defaults
[1.750s] Level 5:colcon.colcon_core.verb:set package 'turtlebot3_fake_node' build argument 'cmake_args' from command line to 'None'
[1.750s] Level 5:colcon.colcon_core.verb:set package 'turtlebot3_fake_node' build argument 'cmake_target' from command line to 'None'
[1.750s] Level 5:colcon.colcon_core.verb:set package 'turtlebot3_fake_node' build argument 'cmake_target_skip_unavailable' from command line to 'False'
[1.750s] Level 5:colcon.colcon_core.verb:set package 'turtlebot3_fake_node' build argument 'cmake_clean_cache' from command line to 'False'
[1.750s] Level 5:colcon.colcon_core.verb:set package 'turtlebot3_fake_node' build argument 'cmake_clean_first' from command line to 'False'
[1.750s] Level 5:colcon.colcon_core.verb:set package 'turtlebot3_fake_node' build argument 'cmake_force_configure' from command line to 'False'
[1.750s] Level 5:colcon.colcon_core.verb:set package 'turtlebot3_fake_node' build argument 'ament_cmake_args' from command line to 'None'
[1.750s] Level 5:colcon.colcon_core.verb:set package 'turtlebot3_fake_node' build argument 'catkin_cmake_args' from command line to 'None'
[1.750s] Level 5:colcon.colcon_core.verb:set package 'turtlebot3_fake_node' build argument 'catkin_skip_building_tests' from command line to 'False'
[1.750s] DEBUG:colcon.colcon_core.verb:Building package 'turtlebot3_fake_node' with the following arguments: {'ament_cmake_args': None, 'build_base': '/home/topi/Documents/AUT700_mech_robprog/exercise3/task2_ws/build/turtlebot3_fake_node', 'catkin_cmake_args': None, 'catkin_skip_building_tests': False, 'cmake_args': None, 'cmake_clean_cache': False, 'cmake_clean_first': False, 'cmake_force_configure': False, 'cmake_target': None, 'cmake_target_skip_unavailable': False, 'install_base': '/home/topi/Documents/AUT700_mech_robprog/exercise3/task2_ws/install/turtlebot3_fake_node', 'merge_install': False, 'path': '/home/topi/Documents/AUT700_mech_robprog/exercise3/task2_ws/src/turtlebot3_simulations/turtlebot3_fake_node', 'symlink_install': True, 'test_result_base': None}
[1.770s] Level 5:colcon.colcon_core.verb:set package 'turtlebot3_gazebo' build argument 'cmake_args' from command line to 'None'
[1.770s] Level 5:colcon.colcon_core.verb:set package 'turtlebot3_gazebo' build argument 'cmake_target' from command line to 'None'
[1.770s] Level 5:colcon.colcon_core.verb:set package 'turtlebot3_gazebo' build argument 'cmake_target_skip_unavailable' from command line to 'False'
[1.770s] Level 5:colcon.colcon_core.verb:set package 'turtlebot3_gazebo' build argument 'cmake_clean_cache' from command line to 'False'
[1.770s] Level 5:colcon.colcon_core.verb:set package 'turtlebot3_gazebo' build argument 'cmake_clean_first' from command line to 'False'
[1.770s] Level 5:colcon.colcon_core.verb:set package 'turtlebot3_gazebo' build argument 'cmake_force_configure' from command line to 'False'
[1.770s] Level 5:colcon.colcon_core.verb:set package 'turtlebot3_gazebo' build argument 'ament_cmake_args' from command line to 'None'
[1.770s] Level 5:colcon.colcon_core.verb:set package 'turtlebot3_gazebo' build argument 'catkin_cmake_args' from command line to 'None'
[1.770s] Level 5:colcon.colcon_core.verb:set package 'turtlebot3_gazebo' build argument 'catkin_skip_building_tests' from command line to 'False'
[1.770s] DEBUG:colcon.colcon_core.verb:Building package 'turtlebot3_gazebo' with the following arguments: {'ament_cmake_args': None, 'build_base': '/home/topi/Documents/AUT700_mech_robprog/exercise3/task2_ws/build/turtlebot3_gazebo', 'catkin_cmake_args': None, 'catkin_skip_building_tests': False, 'cmake_args': None, 'cmake_clean_cache': False, 'cmake_clean_first': False, 'cmake_force_configure': False, 'cmake_target': None, 'cmake_target_skip_unavailable': False, 'install_base': '/home/topi/Documents/AUT700_mech_robprog/exercise3/task2_ws/install/turtlebot3_gazebo', 'merge_install': False, 'path': '/home/topi/Documents/AUT700_mech_robprog/exercise3/task2_ws/src/turtlebot3_simulations/turtlebot3_gazebo', 'symlink_install': True, 'test_result_base': None}
[1.789s] Level 5:colcon.colcon_core.verb:set package 'turtlebot3_simulations' build argument 'cmake_args' from command line to 'None'
[1.789s] Level 5:colcon.colcon_core.verb:set package 'turtlebot3_simulations' build argument 'cmake_target' from command line to 'None'
[1.789s] Level 5:colcon.colcon_core.verb:set package 'turtlebot3_simulations' build argument 'cmake_target_skip_unavailable' from command line to 'False'
[1.789s] Level 5:colcon.colcon_core.verb:set package 'turtlebot3_simulations' build argument 'cmake_clean_cache' from command line to 'False'
[1.790s] Level 5:colcon.colcon_core.verb:set package 'turtlebot3_simulations' build argument 'cmake_clean_first' from command line to 'False'
[1.790s] Level 5:colcon.colcon_core.verb:set package 'turtlebot3_simulations' build argument 'cmake_force_configure' from command line to 'False'
[1.790s] Level 5:colcon.colcon_core.verb:set package 'turtlebot3_simulations' build argument 'ament_cmake_args' from command line to 'None'
[1.790s] Level 5:colcon.colcon_core.verb:set package 'turtlebot3_simulations' build argument 'catkin_cmake_args' from command line to 'None'
[1.790s] Level 5:colcon.colcon_core.verb:set package 'turtlebot3_simulations' build argument 'catkin_skip_building_tests' from command line to 'False'
[1.790s] DEBUG:colcon.colcon_core.verb:Building package 'turtlebot3_simulations' with the following arguments: {'ament_cmake_args': None, 'build_base': '/home/topi/Documents/AUT700_mech_robprog/exercise3/task2_ws/build/turtlebot3_simulations', 'catkin_cmake_args': None, 'catkin_skip_building_tests': False, 'cmake_args': None, 'cmake_clean_cache': False, 'cmake_clean_first': False, 'cmake_force_configure': False, 'cmake_target': None, 'cmake_target_skip_unavailable': False, 'install_base': '/home/topi/Documents/AUT700_mech_robprog/exercise3/task2_ws/install/turtlebot3_simulations', 'merge_install': False, 'path': '/home/topi/Documents/AUT700_mech_robprog/exercise3/task2_ws/src/turtlebot3_simulations/turtlebot3_simulations', 'symlink_install': True, 'test_result_base': None}
[1.809s] INFO:colcon.colcon_core.executor:Executing jobs using 'parallel' executor
[1.840s] DEBUG:colcon.colcon_parallel_executor.executor.parallel:run_until_complete
[1.841s] INFO:colcon.colcon_ros.task.ament_cmake.build:Building ROS package in '/home/topi/Documents/AUT700_mech_robprog/exercise3/task2_ws/src/turtlebot3_simulations/turtlebot3_fake_node' with build type 'ament_cmake'
[1.841s] INFO:colcon.colcon_cmake.task.cmake.build:Building CMake package in '/home/topi/Documents/AUT700_mech_robprog/exercise3/task2_ws/src/turtlebot3_simulations/turtlebot3_fake_node'
[1.867s] INFO:colcon.colcon_core.plugin_system:Skipping extension 'colcon_core.shell.bat': Not used on non-Windows systems
[1.867s] INFO:colcon.colcon_core.shell:Skip shell extension 'powershell' for command environment: Not usable outside of PowerShell
[1.867s] DEBUG:colcon.colcon_core.shell:Skip shell extension 'dsv' for command environment
[1.933s] INFO:colcon.colcon_ros.task.ament_cmake.build:Building ROS package in '/home/topi/Documents/AUT700_mech_robprog/exercise3/task2_ws/src/turtlebot3_simulations/turtlebot3_gazebo' with build type 'ament_cmake'
[1.934s] INFO:colcon.colcon_cmake.task.cmake.build:Building CMake package in '/home/topi/Documents/AUT700_mech_robprog/exercise3/task2_ws/src/turtlebot3_simulations/turtlebot3_gazebo'
[1.961s] INFO:colcon.colcon_core.shell:Skip shell extension 'powershell' for command environment: Not usable outside of PowerShell
[1.961s] DEBUG:colcon.colcon_core.shell:Skip shell extension 'dsv' for command environment
[2.034s] DEBUG:colcon.colcon_core.event_handler.log_command:Invoking command in '/home/topi/Documents/AUT700_mech_robprog/exercise3/task2_ws/build/turtlebot3_fake_node': CMAKE_PREFIX_PATH=/home/topi/Documents/AUT700_mech_robprog/exercise2/Task5/task5_ws/install/simp_teleop:/home/topi/Documents/AUT700_mech_robprog/exercise2/Task5/task5_ws/install/bag_recorder:/opt/ros/humble /usr/bin/cmake --build /home/topi/Documents/AUT700_mech_robprog/exercise3/task2_ws/build/turtlebot3_fake_node -- -j4 -l4
[2.048s] DEBUG:colcon.colcon_core.event_handler.log_command:Invoking command in '/home/topi/Documents/AUT700_mech_robprog/exercise3/task2_ws/build/turtlebot3_gazebo': CMAKE_PREFIX_PATH=/home/topi/Documents/AUT700_mech_robprog/exercise2/Task5/task5_ws/install/simp_teleop:/home/topi/Documents/AUT700_mech_robprog/exercise2/Task5/task5_ws/install/bag_recorder:/opt/ros/humble /usr/bin/cmake /home/topi/Documents/AUT700_mech_robprog/exercise3/task2_ws/src/turtlebot3_simulations/turtlebot3_gazebo -DAMENT_CMAKE_SYMLINK_INSTALL=1 -DCMAKE_INSTALL_PREFIX=/home/topi/Documents/AUT700_mech_robprog/exercise3/task2_ws/install/turtlebot3_gazebo
[2.230s] DEBUG:colcon.colcon_core.event_handler.log_command:Invoked command in '/home/topi/Documents/AUT700_mech_robprog/exercise3/task2_ws/build/turtlebot3_fake_node' returned '0': CMAKE_PREFIX_PATH=/home/topi/Documents/AUT700_mech_robprog/exercise2/Task5/task5_ws/install/simp_teleop:/home/topi/Documents/AUT700_mech_robprog/exercise2/Task5/task5_ws/install/bag_recorder:/opt/ros/humble /usr/bin/cmake --build /home/topi/Documents/AUT700_mech_robprog/exercise3/task2_ws/build/turtlebot3_fake_node -- -j4 -l4
[2.297s] DEBUG:colcon.colcon_core.event_handler.log_command:Invoking command in '/home/topi/Documents/AUT700_mech_robprog/exercise3/task2_ws/build/turtlebot3_fake_node': CMAKE_PREFIX_PATH=/home/topi/Documents/AUT700_mech_robprog/exercise2/Task5/task5_ws/install/simp_teleop:/home/topi/Documents/AUT700_mech_robprog/exercise2/Task5/task5_ws/install/bag_recorder:/opt/ros/humble /usr/bin/cmake --install /home/topi/Documents/AUT700_mech_robprog/exercise3/task2_ws/build/turtlebot3_fake_node
[2.368s] Level 1:colcon.colcon_core.environment:create_environment_scripts_only(turtlebot3_fake_node)
[2.370s] DEBUG:colcon.colcon_core.event_handler.log_command:Invoked command in '/home/topi/Documents/AUT700_mech_robprog/exercise3/task2_ws/build/turtlebot3_fake_node' returned '0': CMAKE_PREFIX_PATH=/home/topi/Documents/AUT700_mech_robprog/exercise2/Task5/task5_ws/install/simp_teleop:/home/topi/Documents/AUT700_mech_robprog/exercise2/Task5/task5_ws/install/bag_recorder:/opt/ros/humble /usr/bin/cmake --install /home/topi/Documents/AUT700_mech_robprog/exercise3/task2_ws/build/turtlebot3_fake_node
[2.411s] Level 1:colcon.colcon_core.environment:checking '/home/topi/Documents/AUT700_mech_robprog/exercise3/task2_ws/install/turtlebot3_fake_node' for CMake module files
[2.412s] Level 1:colcon.colcon_core.environment:checking '/home/topi/Documents/AUT700_mech_robprog/exercise3/task2_ws/install/turtlebot3_fake_node' for CMake config files
[2.413s] Level 1:colcon.colcon_core.shell:create_environment_hook('turtlebot3_fake_node', 'cmake_prefix_path')
[2.452s] INFO:colcon.colcon_core.shell:Creating environment hook '/home/topi/Documents/AUT700_mech_robprog/exercise3/task2_ws/install/turtlebot3_fake_node/share/turtlebot3_fake_node/hook/cmake_prefix_path.ps1'
[2.455s] INFO:colcon.colcon_core.shell:Creating environment descriptor '/home/topi/Documents/AUT700_mech_robprog/exercise3/task2_ws/install/turtlebot3_fake_node/share/turtlebot3_fake_node/hook/cmake_prefix_path.dsv'
[2.456s] INFO:colcon.colcon_core.shell:Creating environment hook '/home/topi/Documents/AUT700_mech_robprog/exercise3/task2_ws/install/turtlebot3_fake_node/share/turtlebot3_fake_node/hook/cmake_prefix_path.sh'
[2.459s] Level 1:colcon.colcon_core.environment:checking '/home/topi/Documents/AUT700_mech_robprog/exercise3/task2_ws/install/turtlebot3_fake_node/lib'
[2.460s] Level 1:colcon.colcon_core.environment:checking '/home/topi/Documents/AUT700_mech_robprog/exercise3/task2_ws/install/turtlebot3_fake_node/bin'
[2.460s] Level 1:colcon.colcon_core.environment:checking '/home/topi/Documents/AUT700_mech_robprog/exercise3/task2_ws/install/turtlebot3_fake_node/lib/pkgconfig/turtlebot3_fake_node.pc'
[2.461s] Level 1:colcon.colcon_core.environment:checking '/home/topi/Documents/AUT700_mech_robprog/exercise3/task2_ws/install/turtlebot3_fake_node/lib/python3.10/site-packages'
[2.462s] Level 1:colcon.colcon_core.environment:checking '/home/topi/Documents/AUT700_mech_robprog/exercise3/task2_ws/install/turtlebot3_fake_node/bin'
[2.501s] INFO:colcon.colcon_core.shell:Creating package script '/home/topi/Documents/AUT700_mech_robprog/exercise3/task2_ws/install/turtlebot3_fake_node/share/turtlebot3_fake_node/package.ps1'
[2.503s] INFO:colcon.colcon_core.shell:Creating package descriptor '/home/topi/Documents/AUT700_mech_robprog/exercise3/task2_ws/install/turtlebot3_fake_node/share/turtlebot3_fake_node/package.dsv'
[2.504s] INFO:colcon.colcon_core.shell:Creating package script '/home/topi/Documents/AUT700_mech_robprog/exercise3/task2_ws/install/turtlebot3_fake_node/share/turtlebot3_fake_node/package.sh'
[2.506s] INFO:colcon.colcon_core.shell:Creating package script '/home/topi/Documents/AUT700_mech_robprog/exercise3/task2_ws/install/turtlebot3_fake_node/share/turtlebot3_fake_node/package.bash'
[2.509s] INFO:colcon.colcon_core.shell:Creating package script '/home/topi/Documents/AUT700_mech_robprog/exercise3/task2_ws/install/turtlebot3_fake_node/share/turtlebot3_fake_node/package.zsh'
[2.511s] Level 1:colcon.colcon_core.environment:create_file_with_runtime_dependencies(/home/topi/Documents/AUT700_mech_robprog/exercise3/task2_ws/install/turtlebot3_fake_node/share/colcon-core/packages/turtlebot3_fake_node)
[2.595s] Level 1:colcon.colcon_core.environment:create_environment_scripts_only(turtlebot3_fake_node)
[2.633s] Level 1:colcon.colcon_core.environment:checking '/home/topi/Documents/AUT700_mech_robprog/exercise3/task2_ws/install/turtlebot3_fake_node' for CMake module files
[2.635s] Level 1:colcon.colcon_core.environment:checking '/home/topi/Documents/AUT700_mech_robprog/exercise3/task2_ws/install/turtlebot3_fake_node' for CMake config files
[2.636s] Level 1:colcon.colcon_core.shell:create_environment_hook('turtlebot3_fake_node', 'cmake_prefix_path')
[2.666s] INFO:colcon.colcon_core.shell:Creating environment hook '/home/topi/Documents/AUT700_mech_robprog/exercise3/task2_ws/install/turtlebot3_fake_node/share/turtlebot3_fake_node/hook/cmake_prefix_path.ps1'
[2.667s] INFO:colcon.colcon_core.shell:Creating environment descriptor '/home/topi/Documents/AUT700_mech_robprog/exercise3/task2_ws/install/turtlebot3_fake_node/share/turtlebot3_fake_node/hook/cmake_prefix_path.dsv'
[2.668s] INFO:colcon.colcon_core.shell:Creating environment hook '/home/topi/Documents/AUT700_mech_robprog/exercise3/task2_ws/install/turtlebot3_fake_node/share/turtlebot3_fake_node/hook/cmake_prefix_path.sh'
[2.670s] Level 1:colcon.colcon_core.environment:checking '/home/topi/Documents/AUT700_mech_robprog/exercise3/task2_ws/install/turtlebot3_fake_node/lib'
[2.670s] Level 1:colcon.colcon_core.environment:checking '/home/topi/Documents/AUT700_mech_robprog/exercise3/task2_ws/install/turtlebot3_fake_node/bin'
[2.670s] Level 1:colcon.colcon_core.environment:checking '/home/topi/Documents/AUT700_mech_robprog/exercise3/task2_ws/install/turtlebot3_fake_node/lib/pkgconfig/turtlebot3_fake_node.pc'
[2.670s] Level 1:colcon.colcon_core.environment:checking '/home/topi/Documents/AUT700_mech_robprog/exercise3/task2_ws/install/turtlebot3_fake_node/lib/python3.10/site-packages'
[2.671s] Level 1:colcon.colcon_core.environment:checking '/home/topi/Documents/AUT700_mech_robprog/exercise3/task2_ws/install/turtlebot3_fake_node/bin'
[2.702s] INFO:colcon.colcon_core.shell:Creating package script '/home/topi/Documents/AUT700_mech_robprog/exercise3/task2_ws/install/turtlebot3_fake_node/share/turtlebot3_fake_node/package.ps1'
[2.704s] INFO:colcon.colcon_core.shell:Creating package descriptor '/home/topi/Documents/AUT700_mech_robprog/exercise3/task2_ws/install/turtlebot3_fake_node/share/turtlebot3_fake_node/package.dsv'
[2.705s] INFO:colcon.colcon_core.shell:Creating package script '/home/topi/Documents/AUT700_mech_robprog/exercise3/task2_ws/install/turtlebot3_fake_node/share/turtlebot3_fake_node/package.sh'
[2.705s] INFO:colcon.colcon_core.shell:Creating package script '/home/topi/Documents/AUT700_mech_robprog/exercise3/task2_ws/install/turtlebot3_fake_node/share/turtlebot3_fake_node/package.bash'
[2.706s] INFO:colcon.colcon_core.shell:Creating package script '/home/topi/Documents/AUT700_mech_robprog/exercise3/task2_ws/install/turtlebot3_fake_node/share/turtlebot3_fake_node/package.zsh'
[2.707s] Level 1:colcon.colcon_core.environment:create_file_with_runtime_dependencies(/home/topi/Documents/AUT700_mech_robprog/exercise3/task2_ws/install/turtlebot3_fake_node/share/colcon-core/packages/turtlebot3_fake_node)
[5.377s] DEBUG:colcon.colcon_core.event_handler.log_command:Invoked command in '/home/topi/Documents/AUT700_mech_robprog/exercise3/task2_ws/build/turtlebot3_gazebo' returned '0': CMAKE_PREFIX_PATH=/home/topi/Documents/AUT700_mech_robprog/exercise2/Task5/task5_ws/install/simp_teleop:/home/topi/Documents/AUT700_mech_robprog/exercise2/Task5/task5_ws/install/bag_recorder:/opt/ros/humble /usr/bin/cmake /home/topi/Documents/AUT700_mech_robprog/exercise3/task2_ws/src/turtlebot3_simulations/turtlebot3_gazebo -DAMENT_CMAKE_SYMLINK_INSTALL=1 -DCMAKE_INSTALL_PREFIX=/home/topi/Documents/AUT700_mech_robprog/exercise3/task2_ws/install/turtlebot3_gazebo
[5.380s] DEBUG:colcon.colcon_core.event_handler.log_command:Invoking command in '/home/topi/Documents/AUT700_mech_robprog/exercise3/task2_ws/build/turtlebot3_gazebo': CMAKE_PREFIX_PATH=/home/topi/Documents/AUT700_mech_robprog/exercise2/Task5/task5_ws/install/simp_teleop:/home/topi/Documents/AUT700_mech_robprog/exercise2/Task5/task5_ws/install/bag_recorder:/opt/ros/humble /usr/bin/cmake --build /home/topi/Documents/AUT700_mech_robprog/exercise3/task2_ws/build/turtlebot3_gazebo -- -j4 -l4
[33.099s] DEBUG:colcon.colcon_core.event_handler.log_command:Invoked command in '/home/topi/Documents/AUT700_mech_robprog/exercise3/task2_ws/build/turtlebot3_gazebo' returned '0': CMAKE_PREFIX_PATH=/home/topi/Documents/AUT700_mech_robprog/exercise2/Task5/task5_ws/install/simp_teleop:/home/topi/Documents/AUT700_mech_robprog/exercise2/Task5/task5_ws/install/bag_recorder:/opt/ros/humble /usr/bin/cmake --build /home/topi/Documents/AUT700_mech_robprog/exercise3/task2_ws/build/turtlebot3_gazebo -- -j4 -l4
[33.204s] DEBUG:colcon.colcon_core.event_handler.log_command:Invoking command in '/home/topi/Documents/AUT700_mech_robprog/exercise3/task2_ws/build/turtlebot3_gazebo': CMAKE_PREFIX_PATH=/home/topi/Documents/AUT700_mech_robprog/exercise2/Task5/task5_ws/install/simp_teleop:/home/topi/Documents/AUT700_mech_robprog/exercise2/Task5/task5_ws/install/bag_recorder:/opt/ros/humble /usr/bin/cmake --install /home/topi/Documents/AUT700_mech_robprog/exercise3/task2_ws/build/turtlebot3_gazebo
[34.161s] Level 1:colcon.colcon_core.environment:create_environment_scripts_only(turtlebot3_gazebo)
[34.169s] DEBUG:colcon.colcon_core.event_handler.log_command:Invoked command in '/home/topi/Documents/AUT700_mech_robprog/exercise3/task2_ws/build/turtlebot3_gazebo' returned '0': CMAKE_PREFIX_PATH=/home/topi/Documents/AUT700_mech_robprog/exercise2/Task5/task5_ws/install/simp_teleop:/home/topi/Documents/AUT700_mech_robprog/exercise2/Task5/task5_ws/install/bag_recorder:/opt/ros/humble /usr/bin/cmake --install /home/topi/Documents/AUT700_mech_robprog/exercise3/task2_ws/build/turtlebot3_gazebo
[34.418s] Level 1:colcon.colcon_core.environment:checking '/home/topi/Documents/AUT700_mech_robprog/exercise3/task2_ws/install/turtlebot3_gazebo' for CMake module files
[34.424s] Level 1:colcon.colcon_core.environment:checking '/home/topi/Documents/AUT700_mech_robprog/exercise3/task2_ws/install/turtlebot3_gazebo' for CMake config files
[34.432s] Level 1:colcon.colcon_core.shell:create_environment_hook('turtlebot3_gazebo', 'cmake_prefix_path')
[34.483s] INFO:colcon.colcon_core.shell:Creating environment hook '/home/topi/Documents/AUT700_mech_robprog/exercise3/task2_ws/install/turtlebot3_gazebo/share/turtlebot3_gazebo/hook/cmake_prefix_path.ps1'
[34.501s] INFO:colcon.colcon_core.shell:Creating environment descriptor '/home/topi/Documents/AUT700_mech_robprog/exercise3/task2_ws/install/turtlebot3_gazebo/share/turtlebot3_gazebo/hook/cmake_prefix_path.dsv'
[34.504s] INFO:colcon.colcon_core.shell:Creating environment hook '/home/topi/Documents/AUT700_mech_robprog/exercise3/task2_ws/install/turtlebot3_gazebo/share/turtlebot3_gazebo/hook/cmake_prefix_path.sh'
[34.511s] Level 1:colcon.colcon_core.environment:checking '/home/topi/Documents/AUT700_mech_robprog/exercise3/task2_ws/install/turtlebot3_gazebo/lib'
[34.512s] Level 1:colcon.colcon_core.environment:checking '/home/topi/Documents/AUT700_mech_robprog/exercise3/task2_ws/install/turtlebot3_gazebo/bin'
[34.512s] Level 1:colcon.colcon_core.environment:checking '/home/topi/Documents/AUT700_mech_robprog/exercise3/task2_ws/install/turtlebot3_gazebo/lib/pkgconfig/turtlebot3_gazebo.pc'
[34.522s] Level 1:colcon.colcon_core.environment:checking '/home/topi/Documents/AUT700_mech_robprog/exercise3/task2_ws/install/turtlebot3_gazebo/lib/python3.10/site-packages'
[34.522s] Level 1:colcon.colcon_core.environment:checking '/home/topi/Documents/AUT700_mech_robprog/exercise3/task2_ws/install/turtlebot3_gazebo/bin'
[34.544s] INFO:colcon.colcon_core.shell:Creating package script '/home/topi/Documents/AUT700_mech_robprog/exercise3/task2_ws/install/turtlebot3_gazebo/share/turtlebot3_gazebo/package.ps1'
[34.547s] INFO:colcon.colcon_core.shell:Creating package descriptor '/home/topi/Documents/AUT700_mech_robprog/exercise3/task2_ws/install/turtlebot3_gazebo/share/turtlebot3_gazebo/package.dsv'
[34.548s] INFO:colcon.colcon_core.shell:Creating package script '/home/topi/Documents/AUT700_mech_robprog/exercise3/task2_ws/install/turtlebot3_gazebo/share/turtlebot3_gazebo/package.sh'
[34.549s] INFO:colcon.colcon_core.shell:Creating package script '/home/topi/Documents/AUT700_mech_robprog/exercise3/task2_ws/install/turtlebot3_gazebo/share/turtlebot3_gazebo/package.bash'
[34.552s] INFO:colcon.colcon_core.shell:Creating package script '/home/topi/Documents/AUT700_mech_robprog/exercise3/task2_ws/install/turtlebot3_gazebo/share/turtlebot3_gazebo/package.zsh'
[34.555s] Level 1:colcon.colcon_core.environment:create_file_with_runtime_dependencies(/home/topi/Documents/AUT700_mech_robprog/exercise3/task2_ws/install/turtlebot3_gazebo/share/colcon-core/packages/turtlebot3_gazebo)
[34.624s] Level 1:colcon.colcon_core.environment:create_environment_scripts_only(turtlebot3_gazebo)
[34.644s] Level 1:colcon.colcon_core.environment:checking '/home/topi/Documents/AUT700_mech_robprog/exercise3/task2_ws/install/turtlebot3_gazebo' for CMake module files
[34.645s] Level 1:colcon.colcon_core.environment:checking '/home/topi/Documents/AUT700_mech_robprog/exercise3/task2_ws/install/turtlebot3_gazebo' for CMake config files
[34.646s] Level 1:colcon.colcon_core.shell:create_environment_hook('turtlebot3_gazebo', 'cmake_prefix_path')
[34.667s] INFO:colcon.colcon_core.shell:Creating environment hook '/home/topi/Documents/AUT700_mech_robprog/exercise3/task2_ws/install/turtlebot3_gazebo/share/turtlebot3_gazebo/hook/cmake_prefix_path.ps1'
[34.668s] INFO:colcon.colcon_core.shell:Creating environment descriptor '/home/topi/Documents/AUT700_mech_robprog/exercise3/task2_ws/install/turtlebot3_gazebo/share/turtlebot3_gazebo/hook/cmake_prefix_path.dsv'
[34.668s] INFO:colcon.colcon_core.shell:Creating environment hook '/home/topi/Documents/AUT700_mech_robprog/exercise3/task2_ws/install/turtlebot3_gazebo/share/turtlebot3_gazebo/hook/cmake_prefix_path.sh'
[34.671s] Level 1:colcon.colcon_core.environment:checking '/home/topi/Documents/AUT700_mech_robprog/exercise3/task2_ws/install/turtlebot3_gazebo/lib'
[34.671s] Level 1:colcon.colcon_core.environment:checking '/home/topi/Documents/AUT700_mech_robprog/exercise3/task2_ws/install/turtlebot3_gazebo/bin'
[34.671s] Level 1:colcon.colcon_core.environment:checking '/home/topi/Documents/AUT700_mech_robprog/exercise3/task2_ws/install/turtlebot3_gazebo/lib/pkgconfig/turtlebot3_gazebo.pc'
[34.671s] Level 1:colcon.colcon_core.environment:checking '/home/topi/Documents/AUT700_mech_robprog/exercise3/task2_ws/install/turtlebot3_gazebo/lib/python3.10/site-packages'
[34.672s] Level 1:colcon.colcon_core.environment:checking '/home/topi/Documents/AUT700_mech_robprog/exercise3/task2_ws/install/turtlebot3_gazebo/bin'
[34.695s] INFO:colcon.colcon_core.shell:Creating package script '/home/topi/Documents/AUT700_mech_robprog/exercise3/task2_ws/install/turtlebot3_gazebo/share/turtlebot3_gazebo/package.ps1'
[34.696s] INFO:colcon.colcon_core.shell:Creating package descriptor '/home/topi/Documents/AUT700_mech_robprog/exercise3/task2_ws/install/turtlebot3_gazebo/share/turtlebot3_gazebo/package.dsv'
[34.697s] INFO:colcon.colcon_core.shell:Creating package script '/home/topi/Documents/AUT700_mech_robprog/exercise3/task2_ws/install/turtlebot3_gazebo/share/turtlebot3_gazebo/package.sh'
[34.697s] INFO:colcon.colcon_core.shell:Creating package script '/home/topi/Documents/AUT700_mech_robprog/exercise3/task2_ws/install/turtlebot3_gazebo/share/turtlebot3_gazebo/package.bash'
[34.698s] INFO:colcon.colcon_core.shell:Creating package script '/home/topi/Documents/AUT700_mech_robprog/exercise3/task2_ws/install/turtlebot3_gazebo/share/turtlebot3_gazebo/package.zsh'
[34.698s] Level 1:colcon.colcon_core.environment:create_file_with_runtime_dependencies(/home/topi/Documents/AUT700_mech_robprog/exercise3/task2_ws/install/turtlebot3_gazebo/share/colcon-core/packages/turtlebot3_gazebo)
[34.702s] INFO:colcon.colcon_ros.task.ament_cmake.build:Building ROS package in '/home/topi/Documents/AUT700_mech_robprog/exercise3/task2_ws/src/turtlebot3_simulations/turtlebot3_simulations' with build type 'ament_cmake'
[34.708s] INFO:colcon.colcon_cmake.task.cmake.build:Building CMake package in '/home/topi/Documents/AUT700_mech_robprog/exercise3/task2_ws/src/turtlebot3_simulations/turtlebot3_simulations'
[34.731s] INFO:colcon.colcon_core.shell:Skip shell extension 'powershell' for command environment: Not usable outside of PowerShell
[34.732s] DEBUG:colcon.colcon_core.shell:Skip shell extension 'dsv' for command environment
[34.878s] DEBUG:colcon.colcon_core.event_handler.log_command:Invoking command in '/home/topi/Documents/AUT700_mech_robprog/exercise3/task2_ws/build/turtlebot3_simulations': AMENT_PREFIX_PATH=/home/topi/Documents/AUT700_mech_robprog/exercise3/task2_ws/install/turtlebot3_gazebo:/home/topi/Documents/AUT700_mech_robprog/exercise3/task2_ws/install/turtlebot3_fake_node:${AMENT_PREFIX_PATH} CMAKE_PREFIX_PATH=/home/topi/Documents/AUT700_mech_robprog/exercise3/task2_ws/install/turtlebot3_gazebo:/home/topi/Documents/AUT700_mech_robprog/exercise3/task2_ws/install/turtlebot3_fake_node:/home/topi/Documents/AUT700_mech_robprog/exercise2/Task5/task5_ws/install/simp_teleop:/home/topi/Documents/AUT700_mech_robprog/exercise2/Task5/task5_ws/install/bag_recorder:/opt/ros/humble /usr/bin/cmake /home/topi/Documents/AUT700_mech_robprog/exercise3/task2_ws/src/turtlebot3_simulations/turtlebot3_simulations -DAMENT_CMAKE_SYMLINK_INSTALL=1 -DCMAKE_INSTALL_PREFIX=/home/topi/Documents/AUT700_mech_robprog/exercise3/task2_ws/install/turtlebot3_simulations
[36.373s] DEBUG:colcon.colcon_core.event_handler.log_command:Invoked command in '/home/topi/Documents/AUT700_mech_robprog/exercise3/task2_ws/build/turtlebot3_simulations' returned '0': AMENT_PREFIX_PATH=/home/topi/Documents/AUT700_mech_robprog/exercise3/task2_ws/install/turtlebot3_gazebo:/home/topi/Documents/AUT700_mech_robprog/exercise3/task2_ws/install/turtlebot3_fake_node:${AMENT_PREFIX_PATH} CMAKE_PREFIX_PATH=/home/topi/Documents/AUT700_mech_robprog/exercise3/task2_ws/install/turtlebot3_gazebo:/home/topi/Documents/AUT700_mech_robprog/exercise3/task2_ws/install/turtlebot3_fake_node:/home/topi/Documents/AUT700_mech_robprog/exercise2/Task5/task5_ws/install/simp_teleop:/home/topi/Documents/AUT700_mech_robprog/exercise2/Task5/task5_ws/install/bag_recorder:/opt/ros/humble /usr/bin/cmake /home/topi/Documents/AUT700_mech_robprog/exercise3/task2_ws/src/turtlebot3_simulations/turtlebot3_simulations -DAMENT_CMAKE_SYMLINK_INSTALL=1 -DCMAKE_INSTALL_PREFIX=/home/topi/Documents/AUT700_mech_robprog/exercise3/task2_ws/install/turtlebot3_simulations
[36.374s] DEBUG:colcon.colcon_core.event_handler.log_command:Invoking command in '/home/topi/Documents/AUT700_mech_robprog/exercise3/task2_ws/build/turtlebot3_simulations': AMENT_PREFIX_PATH=/home/topi/Documents/AUT700_mech_robprog/exercise3/task2_ws/install/turtlebot3_gazebo:/home/topi/Documents/AUT700_mech_robprog/exercise3/task2_ws/install/turtlebot3_fake_node:${AMENT_PREFIX_PATH} CMAKE_PREFIX_PATH=/home/topi/Documents/AUT700_mech_robprog/exercise3/task2_ws/install/turtlebot3_gazebo:/home/topi/Documents/AUT700_mech_robprog/exercise3/task2_ws/install/turtlebot3_fake_node:/home/topi/Documents/AUT700_mech_robprog/exercise2/Task5/task5_ws/install/simp_teleop:/home/topi/Documents/AUT700_mech_robprog/exercise2/Task5/task5_ws/install/bag_recorder:/opt/ros/humble /usr/bin/cmake --build /home/topi/Documents/AUT700_mech_robprog/exercise3/task2_ws/build/turtlebot3_simulations -- -j4 -l4
[36.421s] DEBUG:colcon.colcon_core.event_handler.log_command:Invoked command in '/home/topi/Documents/AUT700_mech_robprog/exercise3/task2_ws/build/turtlebot3_simulations' returned '0': AMENT_PREFIX_PATH=/home/topi/Documents/AUT700_mech_robprog/exercise3/task2_ws/install/turtlebot3_gazebo:/home/topi/Documents/AUT700_mech_robprog/exercise3/task2_ws/install/turtlebot3_fake_node:${AMENT_PREFIX_PATH} CMAKE_PREFIX_PATH=/home/topi/Documents/AUT700_mech_robprog/exercise3/task2_ws/install/turtlebot3_gazebo:/home/topi/Documents/AUT700_mech_robprog/exercise3/task2_ws/install/turtlebot3_fake_node:/home/topi/Documents/AUT700_mech_robprog/exercise2/Task5/task5_ws/install/simp_teleop:/home/topi/Documents/AUT700_mech_robprog/exercise2/Task5/task5_ws/install/bag_recorder:/opt/ros/humble /usr/bin/cmake --build /home/topi/Documents/AUT700_mech_robprog/exercise3/task2_ws/build/turtlebot3_simulations -- -j4 -l4
[36.450s] DEBUG:colcon.colcon_core.event_handler.log_command:Invoking command in '/home/topi/Documents/AUT700_mech_robprog/exercise3/task2_ws/build/turtlebot3_simulations': AMENT_PREFIX_PATH=/home/topi/Documents/AUT700_mech_robprog/exercise3/task2_ws/install/turtlebot3_gazebo:/home/topi/Documents/AUT700_mech_robprog/exercise3/task2_ws/install/turtlebot3_fake_node:${AMENT_PREFIX_PATH} CMAKE_PREFIX_PATH=/home/topi/Documents/AUT700_mech_robprog/exercise3/task2_ws/install/turtlebot3_gazebo:/home/topi/Documents/AUT700_mech_robprog/exercise3/task2_ws/install/turtlebot3_fake_node:/home/topi/Documents/AUT700_mech_robprog/exercise2/Task5/task5_ws/install/simp_teleop:/home/topi/Documents/AUT700_mech_robprog/exercise2/Task5/task5_ws/install/bag_recorder:/opt/ros/humble /usr/bin/cmake --install /home/topi/Documents/AUT700_mech_robprog/exercise3/task2_ws/build/turtlebot3_simulations
[36.643s] Level 1:colcon.colcon_core.environment:create_environment_scripts_only(turtlebot3_simulations)
[36.644s] DEBUG:colcon.colcon_core.event_handler.log_command:Invoked command in '/home/topi/Documents/AUT700_mech_robprog/exercise3/task2_ws/build/turtlebot3_simulations' returned '0': AMENT_PREFIX_PATH=/home/topi/Documents/AUT700_mech_robprog/exercise3/task2_ws/install/turtlebot3_gazebo:/home/topi/Documents/AUT700_mech_robprog/exercise3/task2_ws/install/turtlebot3_fake_node:${AMENT_PREFIX_PATH} CMAKE_PREFIX_PATH=/home/topi/Documents/AUT700_mech_robprog/exercise3/task2_ws/install/turtlebot3_gazebo:/home/topi/Documents/AUT700_mech_robprog/exercise3/task2_ws/install/turtlebot3_fake_node:/home/topi/Documents/AUT700_mech_robprog/exercise2/Task5/task5_ws/install/simp_teleop:/home/topi/Documents/AUT700_mech_robprog/exercise2/Task5/task5_ws/install/bag_recorder:/opt/ros/humble /usr/bin/cmake --install /home/topi/Documents/AUT700_mech_robprog/exercise3/task2_ws/build/turtlebot3_simulations
[36.668s] Level 1:colcon.colcon_core.environment:checking '/home/topi/Documents/AUT700_mech_robprog/exercise3/task2_ws/install/turtlebot3_simulations' for CMake module files
[36.669s] Level 1:colcon.colcon_core.environment:checking '/home/topi/Documents/AUT700_mech_robprog/exercise3/task2_ws/install/turtlebot3_simulations' for CMake config files
[36.670s] Level 1:colcon.colcon_core.shell:create_environment_hook('turtlebot3_simulations', 'cmake_prefix_path')
[36.691s] INFO:colcon.colcon_core.shell:Creating environment hook '/home/topi/Documents/AUT700_mech_robprog/exercise3/task2_ws/install/turtlebot3_simulations/share/turtlebot3_simulations/hook/cmake_prefix_path.ps1'
[36.692s] INFO:colcon.colcon_core.shell:Creating environment descriptor '/home/topi/Documents/AUT700_mech_robprog/exercise3/task2_ws/install/turtlebot3_simulations/share/turtlebot3_simulations/hook/cmake_prefix_path.dsv'
[36.692s] INFO:colcon.colcon_core.shell:Creating environment hook '/home/topi/Documents/AUT700_mech_robprog/exercise3/task2_ws/install/turtlebot3_simulations/share/turtlebot3_simulations/hook/cmake_prefix_path.sh'
[36.693s] Level 1:colcon.colcon_core.environment:checking '/home/topi/Documents/AUT700_mech_robprog/exercise3/task2_ws/install/turtlebot3_simulations/bin'
[36.694s] Level 1:colcon.colcon_core.environment:checking '/home/topi/Documents/AUT700_mech_robprog/exercise3/task2_ws/install/turtlebot3_simulations/lib/pkgconfig/turtlebot3_simulations.pc'
[36.695s] Level 1:colcon.colcon_core.environment:checking '/home/topi/Documents/AUT700_mech_robprog/exercise3/task2_ws/install/turtlebot3_simulations/lib/python3.10/site-packages'
[36.695s] Level 1:colcon.colcon_core.environment:checking '/home/topi/Documents/AUT700_mech_robprog/exercise3/task2_ws/install/turtlebot3_simulations/bin'
[36.717s] INFO:colcon.colcon_core.shell:Creating package script '/home/topi/Documents/AUT700_mech_robprog/exercise3/task2_ws/install/turtlebot3_simulations/share/turtlebot3_simulations/package.ps1'
[36.718s] INFO:colcon.colcon_core.shell:Creating package descriptor '/home/topi/Documents/AUT700_mech_robprog/exercise3/task2_ws/install/turtlebot3_simulations/share/turtlebot3_simulations/package.dsv'
[36.719s] INFO:colcon.colcon_core.shell:Creating package script '/home/topi/Documents/AUT700_mech_robprog/exercise3/task2_ws/install/turtlebot3_simulations/share/turtlebot3_simulations/package.sh'
[36.719s] INFO:colcon.colcon_core.shell:Creating package script '/home/topi/Documents/AUT700_mech_robprog/exercise3/task2_ws/install/turtlebot3_simulations/share/turtlebot3_simulations/package.bash'
[36.719s] INFO:colcon.colcon_core.shell:Creating package script '/home/topi/Documents/AUT700_mech_robprog/exercise3/task2_ws/install/turtlebot3_simulations/share/turtlebot3_simulations/package.zsh'
[36.720s] Level 1:colcon.colcon_core.environment:create_file_with_runtime_dependencies(/home/topi/Documents/AUT700_mech_robprog/exercise3/task2_ws/install/turtlebot3_simulations/share/colcon-core/packages/turtlebot3_simulations)
[36.774s] Level 1:colcon.colcon_core.environment:create_environment_scripts_only(turtlebot3_simulations)
[36.808s] Level 1:colcon.colcon_core.environment:checking '/home/topi/Documents/AUT700_mech_robprog/exercise3/task2_ws/install/turtlebot3_simulations' for CMake module files
[36.810s] Level 1:colcon.colcon_core.environment:checking '/home/topi/Documents/AUT700_mech_robprog/exercise3/task2_ws/install/turtlebot3_simulations' for CMake config files
[36.810s] Level 1:colcon.colcon_core.shell:create_environment_hook('turtlebot3_simulations', 'cmake_prefix_path')
[36.837s] INFO:colcon.colcon_core.shell:Creating environment hook '/home/topi/Documents/AUT700_mech_robprog/exercise3/task2_ws/install/turtlebot3_simulations/share/turtlebot3_simulations/hook/cmake_prefix_path.ps1'
[36.838s] INFO:colcon.colcon_core.shell:Creating environment descriptor '/home/topi/Documents/AUT700_mech_robprog/exercise3/task2_ws/install/turtlebot3_simulations/share/turtlebot3_simulations/hook/cmake_prefix_path.dsv'
[36.838s] INFO:colcon.colcon_core.shell:Creating environment hook '/home/topi/Documents/AUT700_mech_robprog/exercise3/task2_ws/install/turtlebot3_simulations/share/turtlebot3_simulations/hook/cmake_prefix_path.sh'
[36.839s] Level 1:colcon.colcon_core.environment:checking '/home/topi/Documents/AUT700_mech_robprog/exercise3/task2_ws/install/turtlebot3_simulations/bin'
[36.840s] Level 1:colcon.colcon_core.environment:checking '/home/topi/Documents/AUT700_mech_robprog/exercise3/task2_ws/install/turtlebot3_simulations/lib/pkgconfig/turtlebot3_simulations.pc'
[36.841s] Level 1:colcon.colcon_core.environment:checking '/home/topi/Documents/AUT700_mech_robprog/exercise3/task2_ws/install/turtlebot3_simulations/lib/python3.10/site-packages'
[36.841s] Level 1:colcon.colcon_core.environment:checking '/home/topi/Documents/AUT700_mech_robprog/exercise3/task2_ws/install/turtlebot3_simulations/bin'
[36.864s] INFO:colcon.colcon_core.shell:Creating package script '/home/topi/Documents/AUT700_mech_robprog/exercise3/task2_ws/install/turtlebot3_simulations/share/turtlebot3_simulations/package.ps1'
[36.865s] INFO:colcon.colcon_core.shell:Creating package descriptor '/home/topi/Documents/AUT700_mech_robprog/exercise3/task2_ws/install/turtlebot3_simulations/share/turtlebot3_simulations/package.dsv'
[36.866s] INFO:colcon.colcon_core.shell:Creating package script '/home/topi/Documents/AUT700_mech_robprog/exercise3/task2_ws/install/turtlebot3_simulations/share/turtlebot3_simulations/package.sh'
[36.866s] INFO:colcon.colcon_core.shell:Creating package script '/home/topi/Documents/AUT700_mech_robprog/exercise3/task2_ws/install/turtlebot3_simulations/share/turtlebot3_simulations/package.bash'
[36.867s] INFO:colcon.colcon_core.shell:Creating package script '/home/topi/Documents/AUT700_mech_robprog/exercise3/task2_ws/install/turtlebot3_simulations/share/turtlebot3_simulations/package.zsh'
[36.868s] Level 1:colcon.colcon_core.environment:create_file_with_runtime_dependencies(/home/topi/Documents/AUT700_mech_robprog/exercise3/task2_ws/install/turtlebot3_simulations/share/colcon-core/packages/turtlebot3_simulations)
[36.870s] DEBUG:colcon.colcon_parallel_executor.executor.parallel:closing loop
[36.872s] DEBUG:colcon.colcon_parallel_executor.executor.parallel:loop closed
[36.876s] DEBUG:colcon.colcon_parallel_executor.executor.parallel:run_until_complete finished with '0'
[36.877s] DEBUG:colcon.colcon_core.event_reactor:joining thread
[36.979s] INFO:colcon.colcon_core.plugin_system:Skipping extension 'colcon_notification.desktop_notification.terminal_notifier': Not used on non-Darwin systems
[36.979s] INFO:colcon.colcon_core.plugin_system:Skipping extension 'colcon_notification.desktop_notification.win32': Not used on non-Windows systems
[36.979s] INFO:colcon.colcon_notification.desktop_notification:Sending desktop notification using 'notify2'
[37.137s] DEBUG:colcon.colcon_core.event_reactor:joined thread
[37.223s] INFO:colcon.colcon_core.shell:Creating prefix script '/home/topi/Documents/AUT700_mech_robprog/exercise3/task2_ws/install/local_setup.ps1'
[37.227s] INFO:colcon.colcon_core.shell:Creating prefix util module '/home/topi/Documents/AUT700_mech_robprog/exercise3/task2_ws/install/_local_setup_util_ps1.py'
[37.231s] INFO:colcon.colcon_core.shell:Creating prefix chain script '/home/topi/Documents/AUT700_mech_robprog/exercise3/task2_ws/install/setup.ps1'
[37.273s] INFO:colcon.colcon_core.shell:Creating prefix script '/home/topi/Documents/AUT700_mech_robprog/exercise3/task2_ws/install/local_setup.sh'
[37.275s] INFO:colcon.colcon_core.shell:Creating prefix util module '/home/topi/Documents/AUT700_mech_robprog/exercise3/task2_ws/install/_local_setup_util_sh.py'
[37.276s] INFO:colcon.colcon_core.shell:Creating prefix chain script '/home/topi/Documents/AUT700_mech_robprog/exercise3/task2_ws/install/setup.sh'
[37.312s] INFO:colcon.colcon_core.shell:Creating prefix script '/home/topi/Documents/AUT700_mech_robprog/exercise3/task2_ws/install/local_setup.bash'
[37.314s] INFO:colcon.colcon_core.shell:Creating prefix chain script '/home/topi/Documents/AUT700_mech_robprog/exercise3/task2_ws/install/setup.bash'
[37.340s] INFO:colcon.colcon_core.shell:Creating prefix script '/home/topi/Documents/AUT700_mech_robprog/exercise3/task2_ws/install/local_setup.zsh'
[37.342s] INFO:colcon.colcon_core.shell:Creating prefix chain script '/home/topi/Documents/AUT700_mech_robprog/exercise3/task2_ws/install/setup.zsh'
