[0.166s] Invoking command in '/home/topi/Documents/AUT700_mech_robprog/exercise3/task2_ws/build/turtlebot3_simulations': AMENT_PREFIX_PATH=/home/topi/Documents/AUT700_mech_robprog/exercise3/task2_ws/install/turtlebot3_gazebo:/home/topi/Documents/AUT700_mech_robprog/exercise3/task2_ws/install/turtlebot3_fake_node:${AMENT_PREFIX_PATH} CMAKE_PREFIX_PATH=/home/topi/Documents/AUT700_mech_robprog/exercise3/task2_ws/install/turtlebot3_gazebo:/home/topi/Documents/AUT700_mech_robprog/exercise3/task2_ws/install/turtlebot3_fake_node:/home/topi/Documents/AUT700_mech_robprog/exercise2/Task5/task5_ws/install/simp_teleop:/home/topi/Documents/AUT700_mech_robprog/exercise2/Task5/task5_ws/install/bag_recorder:/opt/ros/humble /usr/bin/cmake /home/topi/Documents/AUT700_mech_robprog/exercise3/task2_ws/src/turtlebot3_simulations/turtlebot3_simulations -DAMENT_CMAKE_SYMLINK_INSTALL=1 -DCMAKE_INSTALL_PREFIX=/home/topi/Documents/AUT700_mech_robprog/exercise3/task2_ws/install/turtlebot3_simulations
[0.453s] -- The C compiler identification is GNU 11.4.0
[0.575s] -- The CXX compiler identification is GNU 11.4.0
[0.619s] -- Detecting C compiler ABI info
[0.755s] -- Detecting C compiler ABI info - done
[0.773s] -- Check for working C compiler: /usr/bin/cc - skipped
[0.774s] -- Detecting C compile features
[0.775s] -- Detecting C compile features - done
[0.782s] -- Detecting CXX compiler ABI info
[0.886s] -- Detecting CXX compiler ABI info - done
[0.896s] -- Check for working CXX compiler: /usr/bin/c++ - skipped
[0.896s] -- Detecting CXX compile features
[0.898s] -- Detecting CXX compile features - done
[0.938s] -- Found ament_cmake: 1.3.5 (/opt/ros/humble/share/ament_cmake/cmake)
[1.291s] -- Found Python3: /usr/bin/python3.10 (found version "3.10.12") found components: Interpreter 
[1.450s] -- Override CMake install command with custom implementation using symlinks instead of copying resources
[1.644s] -- Configuring done
[1.650s] -- Generating done
[1.653s] -- Build files have been written to: /home/topi/Documents/AUT700_mech_robprog/exercise3/task2_ws/build/turtlebot3_simulations
[1.660s] Invoked command in '/home/topi/Documents/AUT700_mech_robprog/exercise3/task2_ws/build/turtlebot3_simulations' returned '0': AMENT_PREFIX_PATH=/home/topi/Documents/AUT700_mech_robprog/exercise3/task2_ws/install/turtlebot3_gazebo:/home/topi/Documents/AUT700_mech_robprog/exercise3/task2_ws/install/turtlebot3_fake_node:${AMENT_PREFIX_PATH} CMAKE_PREFIX_PATH=/home/topi/Documents/AUT700_mech_robprog/exercise3/task2_ws/install/turtlebot3_gazebo:/home/topi/Documents/AUT700_mech_robprog/exercise3/task2_ws/install/turtlebot3_fake_node:/home/topi/Documents/AUT700_mech_robprog/exercise2/Task5/task5_ws/install/simp_teleop:/home/topi/Documents/AUT700_mech_robprog/exercise2/Task5/task5_ws/install/bag_recorder:/opt/ros/humble /usr/bin/cmake /home/topi/Documents/AUT700_mech_robprog/exercise3/task2_ws/src/turtlebot3_simulations/turtlebot3_simulations -DAMENT_CMAKE_SYMLINK_INSTALL=1 -DCMAKE_INSTALL_PREFIX=/home/topi/Documents/AUT700_mech_robprog/exercise3/task2_ws/install/turtlebot3_simulations
[1.662s] Invoking command in '/home/topi/Documents/AUT700_mech_robprog/exercise3/task2_ws/build/turtlebot3_simulations': AMENT_PREFIX_PATH=/home/topi/Documents/AUT700_mech_robprog/exercise3/task2_ws/install/turtlebot3_gazebo:/home/topi/Documents/AUT700_mech_robprog/exercise3/task2_ws/install/turtlebot3_fake_node:${AMENT_PREFIX_PATH} CMAKE_PREFIX_PATH=/home/topi/Documents/AUT700_mech_robprog/exercise3/task2_ws/install/turtlebot3_gazebo:/home/topi/Documents/AUT700_mech_robprog/exercise3/task2_ws/install/turtlebot3_fake_node:/home/topi/Documents/AUT700_mech_robprog/exercise2/Task5/task5_ws/install/simp_teleop:/home/topi/Documents/AUT700_mech_robprog/exercise2/Task5/task5_ws/install/bag_recorder:/opt/ros/humble /usr/bin/cmake --build /home/topi/Documents/AUT700_mech_robprog/exercise3/task2_ws/build/turtlebot3_simulations -- -j4 -l4
[1.709s] Invoked command in '/home/topi/Documents/AUT700_mech_robprog/exercise3/task2_ws/build/turtlebot3_simulations' returned '0': AMENT_PREFIX_PATH=/home/topi/Documents/AUT700_mech_robprog/exercise3/task2_ws/install/turtlebot3_gazebo:/home/topi/Documents/AUT700_mech_robprog/exercise3/task2_ws/install/turtlebot3_fake_node:${AMENT_PREFIX_PATH} CMAKE_PREFIX_PATH=/home/topi/Documents/AUT700_mech_robprog/exercise3/task2_ws/install/turtlebot3_gazebo:/home/topi/Documents/AUT700_mech_robprog/exercise3/task2_ws/install/turtlebot3_fake_node:/home/topi/Documents/AUT700_mech_robprog/exercise2/Task5/task5_ws/install/simp_teleop:/home/topi/Documents/AUT700_mech_robprog/exercise2/Task5/task5_ws/install/bag_recorder:/opt/ros/humble /usr/bin/cmake --build /home/topi/Documents/AUT700_mech_robprog/exercise3/task2_ws/build/turtlebot3_simulations -- -j4 -l4
[1.738s] Invoking command in '/home/topi/Documents/AUT700_mech_robprog/exercise3/task2_ws/build/turtlebot3_simulations': AMENT_PREFIX_PATH=/home/topi/Documents/AUT700_mech_robprog/exercise3/task2_ws/install/turtlebot3_gazebo:/home/topi/Documents/AUT700_mech_robprog/exercise3/task2_ws/install/turtlebot3_fake_node:${AMENT_PREFIX_PATH} CMAKE_PREFIX_PATH=/home/topi/Documents/AUT700_mech_robprog/exercise3/task2_ws/install/turtlebot3_gazebo:/home/topi/Documents/AUT700_mech_robprog/exercise3/task2_ws/install/turtlebot3_fake_node:/home/topi/Documents/AUT700_mech_robprog/exercise2/Task5/task5_ws/install/simp_teleop:/home/topi/Documents/AUT700_mech_robprog/exercise2/Task5/task5_ws/install/bag_recorder:/opt/ros/humble /usr/bin/cmake --install /home/topi/Documents/AUT700_mech_robprog/exercise3/task2_ws/build/turtlebot3_simulations
[1.748s] -- Install configuration: ""
[1.749s] -- Execute custom install script
[1.749s] -- Symlinking: /home/topi/Documents/AUT700_mech_robprog/exercise3/task2_ws/install/turtlebot3_simulations/share/ament_index/resource_index/package_run_dependencies/turtlebot3_simulations
[1.763s] -- Symlinking: /home/topi/Documents/AUT700_mech_robprog/exercise3/task2_ws/install/turtlebot3_simulations/share/ament_index/resource_index/parent_prefix_path/turtlebot3_simulations
[1.776s] -- Symlinking: /home/topi/Documents/AUT700_mech_robprog/exercise3/task2_ws/install/turtlebot3_simulations/share/turtlebot3_simulations/environment/ament_prefix_path.sh
[1.789s] -- Symlinking: /home/topi/Documents/AUT700_mech_robprog/exercise3/task2_ws/install/turtlebot3_simulations/share/turtlebot3_simulations/environment/ament_prefix_path.dsv
[1.800s] -- Symlinking: /home/topi/Documents/AUT700_mech_robprog/exercise3/task2_ws/install/turtlebot3_simulations/share/turtlebot3_simulations/environment/path.sh
[1.811s] -- Symlinking: /home/topi/Documents/AUT700_mech_robprog/exercise3/task2_ws/install/turtlebot3_simulations/share/turtlebot3_simulations/environment/path.dsv
[1.823s] -- Symlinking: /home/topi/Documents/AUT700_mech_robprog/exercise3/task2_ws/install/turtlebot3_simulations/share/turtlebot3_simulations/local_setup.bash
[1.834s] -- Symlinking: /home/topi/Documents/AUT700_mech_robprog/exercise3/task2_ws/install/turtlebot3_simulations/share/turtlebot3_simulations/local_setup.sh
[1.846s] -- Symlinking: /home/topi/Documents/AUT700_mech_robprog/exercise3/task2_ws/install/turtlebot3_simulations/share/turtlebot3_simulations/local_setup.zsh
[1.857s] -- Symlinking: /home/topi/Documents/AUT700_mech_robprog/exercise3/task2_ws/install/turtlebot3_simulations/share/turtlebot3_simulations/local_setup.dsv
[1.868s] -- Symlinking: /home/topi/Documents/AUT700_mech_robprog/exercise3/task2_ws/install/turtlebot3_simulations/share/turtlebot3_simulations/package.dsv
[1.881s] -- Symlinking: /home/topi/Documents/AUT700_mech_robprog/exercise3/task2_ws/install/turtlebot3_simulations/share/ament_index/resource_index/packages/turtlebot3_simulations
[1.893s] -- Symlinking: /home/topi/Documents/AUT700_mech_robprog/exercise3/task2_ws/install/turtlebot3_simulations/share/turtlebot3_simulations/cmake/turtlebot3_simulationsConfig.cmake
[1.904s] -- Symlinking: /home/topi/Documents/AUT700_mech_robprog/exercise3/task2_ws/install/turtlebot3_simulations/share/turtlebot3_simulations/cmake/turtlebot3_simulationsConfig-version.cmake
[1.916s] -- Symlinking: /home/topi/Documents/AUT700_mech_robprog/exercise3/task2_ws/install/turtlebot3_simulations/share/turtlebot3_simulations/package.xml
[1.932s] Invoked command in '/home/topi/Documents/AUT700_mech_robprog/exercise3/task2_ws/build/turtlebot3_simulations' returned '0': AMENT_PREFIX_PATH=/home/topi/Documents/AUT700_mech_robprog/exercise3/task2_ws/install/turtlebot3_gazebo:/home/topi/Documents/AUT700_mech_robprog/exercise3/task2_ws/install/turtlebot3_fake_node:${AMENT_PREFIX_PATH} CMAKE_PREFIX_PATH=/home/topi/Documents/AUT700_mech_robprog/exercise3/task2_ws/install/turtlebot3_gazebo:/home/topi/Documents/AUT700_mech_robprog/exercise3/task2_ws/install/turtlebot3_fake_node:/home/topi/Documents/AUT700_mech_robprog/exercise2/Task5/task5_ws/install/simp_teleop:/home/topi/Documents/AUT700_mech_robprog/exercise2/Task5/task5_ws/install/bag_recorder:/opt/ros/humble /usr/bin/cmake --install /home/topi/Documents/AUT700_mech_robprog/exercise3/task2_ws/build/turtlebot3_simulations
