[0.079s] Invoking command in '/home/topi/Documents/AUT700_mech_robprog/exercise3/task2_ws/build/turtlebot3_gazebo': CMAKE_PREFIX_PATH=/opt/ros/humble /usr/bin/cmake /home/topi/Documents/AUT700_mech_robprog/exercise3/task2_ws/src/turtlebot3_simulations/turtlebot3_gazebo -DAMENT_CMAKE_SYMLINK_INSTALL=1 -DCMAKE_INSTALL_PREFIX=/home/topi/Documents/AUT700_mech_robprog/exercise3/task2_ws/install/turtlebot3_gazebo
[0.266s] -- The C compiler identification is GNU 11.4.0
[0.455s] -- The CXX compiler identification is GNU 11.4.0
[0.471s] -- Detecting C compiler ABI info
[0.578s] -- Detecting C compiler ABI info - done
[0.596s] -- Check for working C compiler: /usr/bin/cc - skipped
[0.596s] -- Detecting C compile features
[0.597s] -- Detecting C compile features - done
[0.604s] -- Detecting CXX compiler ABI info
[0.747s] -- Detecting CXX compiler ABI info - done
[0.763s] -- Check for working CXX compiler: /usr/bin/c++ - skipped
[0.763s] -- Detecting CXX compile features
[0.766s] -- Detecting CXX compile features - done
[0.771s] -- Found ament_cmake: 1.3.5 (/opt/ros/humble/share/ament_cmake/cmake)
[1.050s] -- Found Python3: /usr/bin/python3.10 (found version "3.10.12") found components: Interpreter 
[1.135s] -- Override CMake install command with custom implementation using symlinks instead of copying resources
[1.214s] [31mCMake Error at CMakeLists.txt:23 (find_package):
[1.214s]   By not providing "Findgazebo.cmake" in CMAKE_MODULE_PATH this project has
[1.214s]   asked CMake to find a package configuration file provided by "gazebo", but
[1.214s]   CMake did not find one.
[1.214s] 
[1.214s]   Could not find a package configuration file provided by "gazebo" with any
[1.214s]   of the following names:
[1.215s] 
[1.215s]     gazeboConfig.cmake
[1.215s]     gazebo-config.cmake
[1.215s] 
[1.215s]   Add the installation prefix of "gazebo" to CMAKE_PREFIX_PATH or set
[1.215s]   "gazebo_DIR" to a directory containing one of the above files.  If "gazebo"
[1.215s]   provides a separate development package or SDK, be sure it has been
[1.216s]   installed.
[1.216s] 
[1.216s] [0m
[1.216s] -- Configuring incomplete, errors occurred!
[1.216s] See also "/home/topi/Documents/AUT700_mech_robprog/exercise3/task2_ws/build/turtlebot3_gazebo/CMakeFiles/CMakeOutput.log".
[1.221s] Invoked command in '/home/topi/Documents/AUT700_mech_robprog/exercise3/task2_ws/build/turtlebot3_gazebo' returned '1': CMAKE_PREFIX_PATH=/opt/ros/humble /usr/bin/cmake /home/topi/Documents/AUT700_mech_robprog/exercise3/task2_ws/src/turtlebot3_simulations/turtlebot3_gazebo -DAMENT_CMAKE_SYMLINK_INSTALL=1 -DCMAKE_INSTALL_PREFIX=/home/topi/Documents/AUT700_mech_robprog/exercise3/task2_ws/install/turtlebot3_gazebo
